Starting Dapr with id bar-service. HTTP Port: 3503. gRPC Port: 57540
Updating metadata for cliPID: 32730
time="2025-11-14T13:42:25.860428+01:00" level=info msg="Starting Dapr Runtime -- version 1.16.2 -- commit 3c7722a8c5648354e24256993caf047bc8c80666" app_id=bar-service instance=Mac.fritz.box scope=dapr.runtime type=log ver=1.16.2
time="2025-11-14T13:42:25.860468+01:00" level=info msg="Log level set to: info" app_id=bar-service instance=Mac.fritz.box scope=dapr.runtime type=log ver=1.16.2
time="2025-11-14T13:42:25.860605+01:00" level=warning msg="mTLS is disabled. Skipping certificate request and tls validation" app_id=bar-service instance=Mac.fritz.box scope=dapr.runtime.security type=log ver=1.16.2
time="2025-11-14T13:42:25.860985+01:00" level=info msg="Enabled features: SchedulerReminders" app_id=bar-service instance=Mac.fritz.box scope=dapr.runtime type=log ver=1.16.2
time="2025-11-14T13:42:25.861053+01:00" level=info msg="metric spec: {\"enabled\":true}" app_id=bar-service instance=Mac.fritz.box scope=dapr.runtime.diagnostics type=log ver=1.16.2
time="2025-11-14T13:42:25.861079+01:00" level=info msg="Using default latency distribution buckets: [1 2 3 4 5 6 8 10 13 16 20 25 30 40 50 65 80 100 130 160 200 250 300 400 500 650 800 1000 2000 5000 10000 20000 50000 100000]" app_id=bar-service instance=Mac.fritz.box scope=dapr.runtime.diagnostics type=log ver=1.16.2
time="2025-11-14T13:42:25.861143+01:00" level=warning msg="The default value for 'spec.metric.http.increasedCardinality' will change to 'false' in Dapr 1.15 or later" app_id=bar-service instance=Mac.fritz.box scope=dapr.runtime.diagnostics type=log ver=1.16.2
time="2025-11-14T13:42:25.861608+01:00" level=info msg="standalone mode configured" app_id=bar-service instance=Mac.fritz.box scope=dapr.runtime type=log ver=1.16.2
time="2025-11-14T13:42:25.861632+01:00" level=info msg="app id: bar-service" app_id=bar-service instance=Mac.fritz.box scope=dapr.runtime type=log ver=1.16.2
time="2025-11-14T13:42:25.861751+01:00" level=info msg="metrics server started on 0.0.0.0:57541/" app_id=bar-service instance=Mac.fritz.box scope=dapr.runtime type=log ver=1.16.2
time="2025-11-14T13:42:25.861782+01:00" level=info msg="Dapr trace sampler initialized: ParentBased{root:AlwaysOnSampler,remoteParentSampled:AlwaysOnSampler,remoteParentNotSampled:AlwaysOffSampler,localParentSampled:AlwaysOnSampler,localParentNotSampled:AlwaysOffSampler}" app_id=bar-service instance=Mac.fritz.box scope=dapr.runtime type=log ver=1.16.2
time="2025-11-14T13:42:25.862043+01:00" level=info msg="local service entry announced: bar-service -> 192.168.179.36:57542" app_id=bar-service component="nr (mdns/v1)" instance=Mac.fritz.box scope=dapr.contrib type=log ver=1.16.2
time="2025-11-14T13:42:25.862054+01:00" level=info msg="Initialized name resolution to mdns" app_id=bar-service instance=Mac.fritz.box scope=dapr.runtime type=log ver=1.16.2
time="2025-11-14T13:42:25.86213+01:00" level=info msg="Loading components…" app_id=bar-service instance=Mac.fritz.box scope=dapr.runtime type=log ver=1.16.2
time="2025-11-14T13:42:25.86837+01:00" level=info msg="Connected and received scheduler hosts addresses: [localhost:50006]" app_id=bar-service instance=Mac.fritz.box scope=dapr.runtime.scheduler.watchhosts type=log ver=1.16.2
time="2025-11-14T13:42:25.8685+01:00" level=info msg="Scheduler client initialized for address: localhost:50006" app_id=bar-service instance=Mac.fritz.box scope=dapr.runtime.scheduler.clients type=log ver=1.16.2
time="2025-11-14T13:42:25.868516+01:00" level=info msg="Scheduler clients initialized" app_id=bar-service instance=Mac.fritz.box scope=dapr.runtime.scheduler.clients type=log ver=1.16.2
time="2025-11-14T13:42:25.868874+01:00" level=info msg="Component loaded: orderpubsub (pubsub.redis/v1)" app_id=bar-service instance=Mac.fritz.box scope=dapr.runtime.processor type=log ver=1.16.2
time="2025-11-14T13:42:25.868954+01:00" level=info msg="Waiting for all outstanding components to be processed…" app_id=bar-service instance=Mac.fritz.box scope=dapr.runtime type=log ver=1.16.2
time="2025-11-14T13:42:25.873209+01:00" level=info msg="Using 'statestore' as actor state store" app_id=bar-service instance=Mac.fritz.box scope=dapr.runtime.processor.state type=log ver=1.16.2
time="2025-11-14T13:42:25.873257+01:00" level=info msg="Component loaded: statestore (state.redis/v1)" app_id=bar-service instance=Mac.fritz.box scope=dapr.runtime.processor type=log ver=1.16.2
time="2025-11-14T13:42:25.873269+01:00" level=info msg="All outstanding components processed" app_id=bar-service instance=Mac.fritz.box scope=dapr.runtime type=log ver=1.16.2
time="2025-11-14T13:42:25.873277+01:00" level=info msg="Loading endpoints…" app_id=bar-service instance=Mac.fritz.box scope=dapr.runtime type=log ver=1.16.2
time="2025-11-14T13:42:25.873504+01:00" level=info msg="Waiting for all outstanding http endpoints to be processed…" app_id=bar-service instance=Mac.fritz.box scope=dapr.runtime type=log ver=1.16.2
time="2025-11-14T13:42:25.873515+01:00" level=info msg="All outstanding http endpoints processed" app_id=bar-service instance=Mac.fritz.box scope=dapr.runtime type=log ver=1.16.2
time="2025-11-14T13:42:25.873521+01:00" level=info msg="Loading Declarative Subscriptions…" app_id=bar-service instance=Mac.fritz.box scope=dapr.runtime type=log ver=1.16.2
time="2025-11-14T13:42:25.873909+01:00" level=info msg="gRPC server listening on TCP address: :57540" app_id=bar-service instance=Mac.fritz.box scope=dapr.runtime.grpc.api type=log ver=1.16.2
time="2025-11-14T13:42:25.873919+01:00" level=info msg="Enabled gRPC tracing middleware" app_id=bar-service instance=Mac.fritz.box scope=dapr.runtime.grpc.api type=log ver=1.16.2
time="2025-11-14T13:42:25.873923+01:00" level=info msg="Enabled gRPC metrics middleware" app_id=bar-service instance=Mac.fritz.box scope=dapr.runtime.grpc.api type=log ver=1.16.2
time="2025-11-14T13:42:25.873959+01:00" level=info msg="Registering workflow engine for gRPC endpoint: [::]:57540" app_id=bar-service instance=Mac.fritz.box scope=dapr.runtime.grpc.api type=log ver=1.16.2
time="2025-11-14T13:42:25.873975+01:00" level=info msg="API gRPC server is running on port 57540" app_id=bar-service instance=Mac.fritz.box scope=dapr.runtime type=log ver=1.16.2
time="2025-11-14T13:42:25.873993+01:00" level=warning msg="The default value for 'spec.metric.http.increasedCardinality' will change to 'false' in Dapr 1.15 or later" app_id=bar-service instance=Mac.fritz.box scope=dapr.runtime.http type=log ver=1.16.2
time="2025-11-14T13:42:25.874031+01:00" level=info msg="Enabled max body size HTTP middleware with size 4194304 bytes" app_id=bar-service instance=Mac.fritz.box scope=dapr.runtime.http type=log ver=1.16.2
time="2025-11-14T13:42:25.874037+01:00" level=info msg="Enabled tracing HTTP middleware" app_id=bar-service instance=Mac.fritz.box scope=dapr.runtime.http type=log ver=1.16.2
time="2025-11-14T13:42:25.874042+01:00" level=info msg="Enabled metrics HTTP middleware" app_id=bar-service instance=Mac.fritz.box scope=dapr.runtime.http type=log ver=1.16.2
time="2025-11-14T13:42:25.874217+01:00" level=info msg="HTTP server listening on TCP address: :3503" app_id=bar-service instance=Mac.fritz.box scope=dapr.runtime.http type=log ver=1.16.2
time="2025-11-14T13:42:25.874228+01:00" level=info msg="HTTP server is running on port 3503" app_id=bar-service instance=Mac.fritz.box scope=dapr.runtime type=log ver=1.16.2
time="2025-11-14T13:42:25.874233+01:00" level=info msg="The request body size parameter is: 4194304 bytes" app_id=bar-service instance=Mac.fritz.box scope=dapr.runtime type=log ver=1.16.2
time="2025-11-14T13:42:25.874263+01:00" level=info msg="gRPC server listening on TCP address: :57542" app_id=bar-service instance=Mac.fritz.box scope=dapr.runtime.grpc.internal type=log ver=1.16.2
time="2025-11-14T13:42:25.874271+01:00" level=info msg="Enabled gRPC tracing middleware" app_id=bar-service instance=Mac.fritz.box scope=dapr.runtime.grpc.internal type=log ver=1.16.2
time="2025-11-14T13:42:25.874278+01:00" level=info msg="Enabled gRPC metrics middleware" app_id=bar-service instance=Mac.fritz.box scope=dapr.runtime.grpc.internal type=log ver=1.16.2
time="2025-11-14T13:42:25.874299+01:00" level=info msg="Internal gRPC server is running on :57542" app_id=bar-service instance=Mac.fritz.box scope=dapr.runtime type=log ver=1.16.2
time="2025-11-14T13:42:25.874305+01:00" level=info msg="application protocol: http. waiting on port 5003.  This will block until the app is listening on that port." app_id=bar-service instance=Mac.fritz.box scope=dapr.runtime type=log ver=1.16.2
time="2025-11-14T13:42:26.076934+01:00" level=info msg="application discovered on port 5003" app_id=bar-service instance=Mac.fritz.box scope=dapr.runtime type=log ver=1.16.2
time="2025-11-14T13:42:26.077089+01:00" level=info msg="Using Scheduler service for reminders." app_id=bar-service instance=Mac.fritz.box scope=dapr.runtime.actor.reminders.scheduler type=log ver=1.16.2
time="2025-11-14T13:42:26.077166+01:00" level=info msg="Actor runtime started" app_id=bar-service instance=Mac.fritz.box scope=dapr.runtime.actor type=log ver=1.16.2
time="2025-11-14T13:42:26.077191+01:00" level=warning msg="Graceful shutdown timeout is infinite, will wait indefinitely to shutdown" app_id=bar-service instance=Mac.fritz.box scope=dapr.runtime.actor type=log ver=1.16.2
time="2025-11-14T13:42:26.077192+01:00" level=info msg="worker started with backend dapr.actors/v1" app_id=bar-service instance=Mac.fritz.box scope=dapr.wfengine.durabletask.backend type=log ver=1.16.2
time="2025-11-14T13:42:26.077239+01:00" level=info msg="Workflow engine started" app_id=bar-service instance=Mac.fritz.box scope=dapr.runtime.wfengine type=log ver=1.16.2
time="2025-11-14T13:42:26.078246+01:00" level=info msg="Application configuration loaded" app_id=bar-service instance=Mac.fritz.box scope=dapr.runtime type=log ver=1.16.2
time="2025-11-14T13:42:26.078995+01:00" level=info msg="app is subscribed to the following topics: [[bar-orders]] through pubsub=orderpubsub" app_id=bar-service instance=Mac.fritz.box scope=dapr.runtime.processor.subscription type=log ver=1.16.2
time="2025-11-14T13:42:26.080652+01:00" level=info msg="dapr initialized. Status: Running. Init Elapsed 219ms" app_id=bar-service instance=Mac.fritz.box scope=dapr.runtime type=log ver=1.16.2
time="2025-11-14T13:42:26.08079+01:00" level=info msg="Reporting actor types: []" app_id=bar-service instance=Mac.fritz.box scope=dapr.runtime.actors.placement type=log ver=1.16.2
time="2025-11-14T13:42:26.080806+01:00" level=info msg="Scheduler stream connected for [JOB_TARGET_TYPE_JOB]" app_id=bar-service instance=Mac.fritz.box scope=dapr.runtime.scheduler.cluster type=log ver=1.16.2
time="2025-11-14T13:42:26.080808+01:00" level=info msg="Scheduler stream connected for [JOB_TARGET_TYPE_JOB]" app_id=bar-service instance=Mac.fritz.box scope=dapr.runtime.scheduler.cluster type=log ver=1.16.2
time="2025-11-14T13:42:26.080838+01:00" level=info msg="Scheduler stream connected for [JOB_TARGET_TYPE_JOB]" app_id=bar-service instance=Mac.fritz.box scope=dapr.runtime.scheduler.cluster type=log ver=1.16.2
time="2025-11-14T13:42:26.080881+01:00" level=info msg="Connected to placement localhost:50005" app_id=bar-service instance=Mac.fritz.box scope=dapr.runtime.actors.placement.client.connector.static type=log ver=1.16.2
time="2025-11-14T13:42:26.085826+01:00" level=info msg="Connected to placement localhost:50005" app_id=bar-service instance=Mac.fritz.box scope=dapr.runtime.actors.placement.client type=log ver=1.16.2
time="2025-11-14T13:42:26.087771+01:00" level=info msg="Placement tables updated, version: 0" app_id=bar-service instance=Mac.fritz.box scope=dapr.runtime.actors.placement type=log ver=1.16.2
time="2025-11-14T13:42:26.087805+01:00" level=info msg="Running actor reminder migration from state store to scheduler" app_id=bar-service instance=Mac.fritz.box scope=dapr.runtime.actors.reminders.migration type=log ver=1.16.2
time="2025-11-14T13:42:26.087815+01:00" level=info msg="Skipping migration, no missing scheduler reminders found" app_id=bar-service instance=Mac.fritz.box scope=dapr.runtime.actors.reminders.migration type=log ver=1.16.2
time="2025-11-14T13:42:26.087821+01:00" level=info msg="Found 0 missing scheduler reminders from state store" app_id=bar-service instance=Mac.fritz.box scope=dapr.runtime.actors.reminders.migration type=log ver=1.16.2
time="2025-11-14T13:42:26.087836+01:00" level=info msg="Migrated 0 reminders from state store to scheduler successfully" app_id=bar-service instance=Mac.fritz.box scope=dapr.runtime.actors.reminders.migration type=log ver=1.16.2
Updating metadata for app command: python app.py
Updating metadata for appPID: 32756
You're up and running! Dapr logs will appear here.

time="2025-11-14T13:44:31.223717+01:00" level=info msg="Received signal 'interrupt'; beginning shutdown" app_id=bar-service instance=Mac.fritz.box scope=dapr.signals type=log ver=1.16.2
time="2025-11-14T13:44:31.223989+01:00" level=info msg="Actor runtime shutting down" app_id=bar-service instance=Mac.fritz.box scope=dapr.runtime.actor type=log ver=1.16.2
time="2025-11-14T13:44:31.224029+01:00" level=info msg="orchestration-processor: worker stopped" app_id=bar-service instance=Mac.fritz.box scope=dapr.wfengine.durabletask.backend type=log ver=1.16.2
time="2025-11-14T13:44:31.22406+01:00" level=info msg="activity-processor: worker stopped" app_id=bar-service instance=Mac.fritz.box scope=dapr.wfengine.durabletask.backend type=log ver=1.16.2
time="2025-11-14T13:44:31.22407+01:00" level=info msg="backend stopping..." app_id=bar-service instance=Mac.fritz.box scope=dapr.wfengine.durabletask.backend type=log ver=1.16.2
time="2025-11-14T13:44:31.224105+01:00" level=info msg="workers stopping and draining..." app_id=bar-service instance=Mac.fritz.box scope=dapr.wfengine.durabletask.backend type=log ver=1.16.2
time="2025-11-14T13:44:31.224072+01:00" level=error msg="Error communicating with placement: rpc error: code = Canceled desc = context canceled" app_id=bar-service instance=Mac.fritz.box scope=dapr.runtime.actors.placement.client type=log ver=1.16.2
time="2025-11-14T13:44:31.224121+01:00" level=info msg="Scheduler stream disconnected" app_id=bar-service instance=Mac.fritz.box scope=dapr.runtime.scheduler.cluster type=log ver=1.16.2
time="2025-11-14T13:44:31.224299+01:00" level=info msg="Scheduler stream disconnected" app_id=bar-service instance=Mac.fritz.box scope=dapr.runtime.scheduler.cluster type=log ver=1.16.2
time="2025-11-14T13:44:31.224318+01:00" level=info msg="Scheduler stream disconnected" app_id=bar-service instance=Mac.fritz.box scope=dapr.runtime.scheduler.cluster type=log ver=1.16.2
time="2025-11-14T13:44:31.224235+01:00" level=info msg="finished stopping and draining workers!" app_id=bar-service instance=Mac.fritz.box scope=dapr.wfengine.durabletask.backend type=log ver=1.16.2
time="2025-11-14T13:44:31.224469+01:00" level=info msg="Workflow engine stopped" app_id=bar-service instance=Mac.fritz.box scope=dapr.runtime.wfengine type=log ver=1.16.2
time="2025-11-14T13:44:31.224534+01:00" level=info msg="Actor runtime stopped" app_id=bar-service instance=Mac.fritz.box scope=dapr.runtime.actor type=log ver=1.16.2
time="2025-11-14T13:44:31.224614+01:00" level=info msg="stopping mDNS server for app id: bar-service" app_id=bar-service component="nr (mdns/v1)" instance=Mac.fritz.box scope=dapr.contrib type=log ver=1.16.2
time="2025-11-14T13:44:31.224641+01:00" level=info msg="Closing HTTP server [::]:3503…" app_id=bar-service instance=Mac.fritz.box scope=dapr.runtime.http type=log ver=1.16.2
time="2025-11-14T13:44:31.224754+01:00" level=info msg="Dapr is shutting down" app_id=bar-service instance=Mac.fritz.box scope=dapr.runtime type=log ver=1.16.2
time="2025-11-14T13:44:31.224986+01:00" level=info msg="Shutting down component statestore (state.redis/v1)" app_id=bar-service instance=Mac.fritz.box scope=dapr.runtime type=log ver=1.16.2
time="2025-11-14T13:44:31.225193+01:00" level=info msg="Shutting down component orderpubsub (pubsub.redis/v1)" app_id=bar-service instance=Mac.fritz.box scope=dapr.runtime type=log ver=1.16.2
time="2025-11-14T13:44:31.225327+01:00" level=info msg="Dapr runtime stopped" app_id=bar-service instance=Mac.fritz.box scope=dapr.runtime type=log ver=1.16.2

termination signal received: shutting down
Exited Dapr successfully
Exited App successfully
