Starting Dapr with id bar-service. HTTP Port: 3503. gRPC Port: 60397
Updating metadata for cliPID: 56122
time="2025-11-14T15:34:17.628634+01:00" level=info msg="Starting Dapr Runtime -- version 1.16.2 -- commit 3c7722a8c5648354e24256993caf047bc8c80666" app_id=bar-service instance=Mac.fritz.box scope=dapr.runtime type=log ver=1.16.2
time="2025-11-14T15:34:17.628673+01:00" level=info msg="Log level set to: info" app_id=bar-service instance=Mac.fritz.box scope=dapr.runtime type=log ver=1.16.2
time="2025-11-14T15:34:17.628809+01:00" level=warning msg="mTLS is disabled. Skipping certificate request and tls validation" app_id=bar-service instance=Mac.fritz.box scope=dapr.runtime.security type=log ver=1.16.2
time="2025-11-14T15:34:17.629306+01:00" level=info msg="Enabled features: SchedulerReminders" app_id=bar-service instance=Mac.fritz.box scope=dapr.runtime type=log ver=1.16.2
time="2025-11-14T15:34:17.629365+01:00" level=info msg="metric spec: {\"enabled\":true}" app_id=bar-service instance=Mac.fritz.box scope=dapr.runtime.diagnostics type=log ver=1.16.2
time="2025-11-14T15:34:17.629391+01:00" level=info msg="Using default latency distribution buckets: [1 2 3 4 5 6 8 10 13 16 20 25 30 40 50 65 80 100 130 160 200 250 300 400 500 650 800 1000 2000 5000 10000 20000 50000 100000]" app_id=bar-service instance=Mac.fritz.box scope=dapr.runtime.diagnostics type=log ver=1.16.2
time="2025-11-14T15:34:17.629454+01:00" level=warning msg="The default value for 'spec.metric.http.increasedCardinality' will change to 'false' in Dapr 1.15 or later" app_id=bar-service instance=Mac.fritz.box scope=dapr.runtime.diagnostics type=log ver=1.16.2
time="2025-11-14T15:34:17.630583+01:00" level=info msg="standalone mode configured" app_id=bar-service instance=Mac.fritz.box scope=dapr.runtime type=log ver=1.16.2
time="2025-11-14T15:34:17.630622+01:00" level=info msg="app id: bar-service" app_id=bar-service instance=Mac.fritz.box scope=dapr.runtime type=log ver=1.16.2
time="2025-11-14T15:34:17.630641+01:00" level=info msg="metrics server started on 0.0.0.0:60398/" app_id=bar-service instance=Mac.fritz.box scope=dapr.runtime type=log ver=1.16.2
time="2025-11-14T15:34:17.63086+01:00" level=info msg="Dapr trace sampler initialized: ParentBased{root:AlwaysOnSampler,remoteParentSampled:AlwaysOnSampler,remoteParentNotSampled:AlwaysOffSampler,localParentSampled:AlwaysOnSampler,localParentNotSampled:AlwaysOffSampler}" app_id=bar-service instance=Mac.fritz.box scope=dapr.runtime type=log ver=1.16.2
time="2025-11-14T15:34:17.631592+01:00" level=info msg="local service entry announced: bar-service -> 192.168.179.36:60399" app_id=bar-service component="nr (mdns/v1)" instance=Mac.fritz.box scope=dapr.contrib type=log ver=1.16.2
time="2025-11-14T15:34:17.63162+01:00" level=info msg="Initialized name resolution to mdns" app_id=bar-service instance=Mac.fritz.box scope=dapr.runtime type=log ver=1.16.2
time="2025-11-14T15:34:17.631709+01:00" level=info msg="Loading components…" app_id=bar-service instance=Mac.fritz.box scope=dapr.runtime type=log ver=1.16.2
time="2025-11-14T15:34:17.637524+01:00" level=info msg="Connected and received scheduler hosts addresses: [localhost:50006]" app_id=bar-service instance=Mac.fritz.box scope=dapr.runtime.scheduler.watchhosts type=log ver=1.16.2
time="2025-11-14T15:34:17.637632+01:00" level=info msg="Scheduler client initialized for address: localhost:50006" app_id=bar-service instance=Mac.fritz.box scope=dapr.runtime.scheduler.clients type=log ver=1.16.2
time="2025-11-14T15:34:17.637645+01:00" level=info msg="Scheduler clients initialized" app_id=bar-service instance=Mac.fritz.box scope=dapr.runtime.scheduler.clients type=log ver=1.16.2
time="2025-11-14T15:34:17.637883+01:00" level=info msg="Component loaded: orderpubsub (pubsub.redis/v1)" app_id=bar-service instance=Mac.fritz.box scope=dapr.runtime.processor type=log ver=1.16.2
time="2025-11-14T15:34:17.638051+01:00" level=info msg="Waiting for all outstanding components to be processed…" app_id=bar-service instance=Mac.fritz.box scope=dapr.runtime type=log ver=1.16.2
time="2025-11-14T15:34:17.641284+01:00" level=info msg="Using 'statestore' as actor state store" app_id=bar-service instance=Mac.fritz.box scope=dapr.runtime.processor.state type=log ver=1.16.2
time="2025-11-14T15:34:17.641321+01:00" level=info msg="Component loaded: statestore (state.redis/v1)" app_id=bar-service instance=Mac.fritz.box scope=dapr.runtime.processor type=log ver=1.16.2
time="2025-11-14T15:34:17.641333+01:00" level=info msg="All outstanding components processed" app_id=bar-service instance=Mac.fritz.box scope=dapr.runtime type=log ver=1.16.2
time="2025-11-14T15:34:17.641342+01:00" level=info msg="Loading endpoints…" app_id=bar-service instance=Mac.fritz.box scope=dapr.runtime type=log ver=1.16.2
time="2025-11-14T15:34:17.641547+01:00" level=info msg="Waiting for all outstanding http endpoints to be processed…" app_id=bar-service instance=Mac.fritz.box scope=dapr.runtime type=log ver=1.16.2
time="2025-11-14T15:34:17.641557+01:00" level=info msg="All outstanding http endpoints processed" app_id=bar-service instance=Mac.fritz.box scope=dapr.runtime type=log ver=1.16.2
time="2025-11-14T15:34:17.641563+01:00" level=info msg="Loading Declarative Subscriptions…" app_id=bar-service instance=Mac.fritz.box scope=dapr.runtime type=log ver=1.16.2
time="2025-11-14T15:34:17.641915+01:00" level=info msg="gRPC server listening on TCP address: :60397" app_id=bar-service instance=Mac.fritz.box scope=dapr.runtime.grpc.api type=log ver=1.16.2
time="2025-11-14T15:34:17.641924+01:00" level=info msg="Enabled gRPC tracing middleware" app_id=bar-service instance=Mac.fritz.box scope=dapr.runtime.grpc.api type=log ver=1.16.2
time="2025-11-14T15:34:17.641928+01:00" level=info msg="Enabled gRPC metrics middleware" app_id=bar-service instance=Mac.fritz.box scope=dapr.runtime.grpc.api type=log ver=1.16.2
time="2025-11-14T15:34:17.64196+01:00" level=info msg="Registering workflow engine for gRPC endpoint: [::]:60397" app_id=bar-service instance=Mac.fritz.box scope=dapr.runtime.grpc.api type=log ver=1.16.2
time="2025-11-14T15:34:17.641979+01:00" level=info msg="API gRPC server is running on port 60397" app_id=bar-service instance=Mac.fritz.box scope=dapr.runtime type=log ver=1.16.2
time="2025-11-14T15:34:17.641994+01:00" level=warning msg="The default value for 'spec.metric.http.increasedCardinality' will change to 'false' in Dapr 1.15 or later" app_id=bar-service instance=Mac.fritz.box scope=dapr.runtime.http type=log ver=1.16.2
time="2025-11-14T15:34:17.642033+01:00" level=info msg="Enabled max body size HTTP middleware with size 4194304 bytes" app_id=bar-service instance=Mac.fritz.box scope=dapr.runtime.http type=log ver=1.16.2
time="2025-11-14T15:34:17.642041+01:00" level=info msg="Enabled tracing HTTP middleware" app_id=bar-service instance=Mac.fritz.box scope=dapr.runtime.http type=log ver=1.16.2
time="2025-11-14T15:34:17.642046+01:00" level=info msg="Enabled metrics HTTP middleware" app_id=bar-service instance=Mac.fritz.box scope=dapr.runtime.http type=log ver=1.16.2
time="2025-11-14T15:34:17.642263+01:00" level=info msg="HTTP server listening on TCP address: :3503" app_id=bar-service instance=Mac.fritz.box scope=dapr.runtime.http type=log ver=1.16.2
time="2025-11-14T15:34:17.642274+01:00" level=info msg="HTTP server is running on port 3503" app_id=bar-service instance=Mac.fritz.box scope=dapr.runtime type=log ver=1.16.2
time="2025-11-14T15:34:17.642279+01:00" level=info msg="The request body size parameter is: 4194304 bytes" app_id=bar-service instance=Mac.fritz.box scope=dapr.runtime type=log ver=1.16.2
time="2025-11-14T15:34:17.642311+01:00" level=info msg="gRPC server listening on TCP address: :60399" app_id=bar-service instance=Mac.fritz.box scope=dapr.runtime.grpc.internal type=log ver=1.16.2
time="2025-11-14T15:34:17.642318+01:00" level=info msg="Enabled gRPC tracing middleware" app_id=bar-service instance=Mac.fritz.box scope=dapr.runtime.grpc.internal type=log ver=1.16.2
time="2025-11-14T15:34:17.642322+01:00" level=info msg="Enabled gRPC metrics middleware" app_id=bar-service instance=Mac.fritz.box scope=dapr.runtime.grpc.internal type=log ver=1.16.2
time="2025-11-14T15:34:17.642351+01:00" level=info msg="Internal gRPC server is running on :60399" app_id=bar-service instance=Mac.fritz.box scope=dapr.runtime type=log ver=1.16.2
time="2025-11-14T15:34:17.642357+01:00" level=info msg="application protocol: http. waiting on port 5003.  This will block until the app is listening on that port." app_id=bar-service instance=Mac.fritz.box scope=dapr.runtime type=log ver=1.16.2
time="2025-11-14T15:34:17.845779+01:00" level=info msg="application discovered on port 5003" app_id=bar-service instance=Mac.fritz.box scope=dapr.runtime type=log ver=1.16.2
time="2025-11-14T15:34:17.846333+01:00" level=info msg="Using Scheduler service for reminders." app_id=bar-service instance=Mac.fritz.box scope=dapr.runtime.actor.reminders.scheduler type=log ver=1.16.2
time="2025-11-14T15:34:17.846453+01:00" level=info msg="worker started with backend dapr.actors/v1" app_id=bar-service instance=Mac.fritz.box scope=dapr.wfengine.durabletask.backend type=log ver=1.16.2
time="2025-11-14T15:34:17.846444+01:00" level=info msg="Actor runtime started" app_id=bar-service instance=Mac.fritz.box scope=dapr.runtime.actor type=log ver=1.16.2
time="2025-11-14T15:34:17.846495+01:00" level=warning msg="Graceful shutdown timeout is infinite, will wait indefinitely to shutdown" app_id=bar-service instance=Mac.fritz.box scope=dapr.runtime.actor type=log ver=1.16.2
time="2025-11-14T15:34:17.846481+01:00" level=info msg="Workflow engine started" app_id=bar-service instance=Mac.fritz.box scope=dapr.runtime.wfengine type=log ver=1.16.2
time="2025-11-14T15:34:17.847824+01:00" level=info msg="Application configuration loaded" app_id=bar-service instance=Mac.fritz.box scope=dapr.runtime type=log ver=1.16.2
time="2025-11-14T15:34:17.849955+01:00" level=info msg="app is subscribed to the following topics: [[bar-orders]] through pubsub=orderpubsub" app_id=bar-service instance=Mac.fritz.box scope=dapr.runtime.processor.subscription type=log ver=1.16.2
time="2025-11-14T15:34:17.852119+01:00" level=info msg="dapr initialized. Status: Running. Init Elapsed 221ms" app_id=bar-service instance=Mac.fritz.box scope=dapr.runtime type=log ver=1.16.2
time="2025-11-14T15:34:17.852249+01:00" level=info msg="Reporting actor types: []" app_id=bar-service instance=Mac.fritz.box scope=dapr.runtime.actors.placement type=log ver=1.16.2
time="2025-11-14T15:34:17.852283+01:00" level=info msg="Scheduler stream connected for [JOB_TARGET_TYPE_JOB]" app_id=bar-service instance=Mac.fritz.box scope=dapr.runtime.scheduler.cluster type=log ver=1.16.2
time="2025-11-14T15:34:17.852296+01:00" level=info msg="Scheduler stream connected for [JOB_TARGET_TYPE_JOB]" app_id=bar-service instance=Mac.fritz.box scope=dapr.runtime.scheduler.cluster type=log ver=1.16.2
time="2025-11-14T15:34:17.852293+01:00" level=info msg="Scheduler stream connected for [JOB_TARGET_TYPE_JOB]" app_id=bar-service instance=Mac.fritz.box scope=dapr.runtime.scheduler.cluster type=log ver=1.16.2
time="2025-11-14T15:34:17.852317+01:00" level=info msg="Connected to placement localhost:50005" app_id=bar-service instance=Mac.fritz.box scope=dapr.runtime.actors.placement.client.connector.static type=log ver=1.16.2
time="2025-11-14T15:34:17.859604+01:00" level=info msg="Connected to placement localhost:50005" app_id=bar-service instance=Mac.fritz.box scope=dapr.runtime.actors.placement.client type=log ver=1.16.2
time="2025-11-14T15:34:17.861109+01:00" level=info msg="Placement tables updated, version: 0" app_id=bar-service instance=Mac.fritz.box scope=dapr.runtime.actors.placement type=log ver=1.16.2
time="2025-11-14T15:34:17.861139+01:00" level=info msg="Running actor reminder migration from state store to scheduler" app_id=bar-service instance=Mac.fritz.box scope=dapr.runtime.actors.reminders.migration type=log ver=1.16.2
time="2025-11-14T15:34:17.861149+01:00" level=info msg="Skipping migration, no missing scheduler reminders found" app_id=bar-service instance=Mac.fritz.box scope=dapr.runtime.actors.reminders.migration type=log ver=1.16.2
time="2025-11-14T15:34:17.861156+01:00" level=info msg="Found 0 missing scheduler reminders from state store" app_id=bar-service instance=Mac.fritz.box scope=dapr.runtime.actors.reminders.migration type=log ver=1.16.2
time="2025-11-14T15:34:17.861174+01:00" level=info msg="Migrated 0 reminders from state store to scheduler successfully" app_id=bar-service instance=Mac.fritz.box scope=dapr.runtime.actors.reminders.migration type=log ver=1.16.2
Updating metadata for app command: python app.py
Updating metadata for appPID: 56148
You're up and running! Dapr logs will appear here.

time="2025-11-14T15:41:43.726881+01:00" level=info msg="Received signal 'interrupt'; beginning shutdown" app_id=bar-service instance=Mac.fritz.box scope=dapr.signals type=log ver=1.16.2
time="2025-11-14T15:41:43.726983+01:00" level=info msg="orchestration-processor: worker stopped" app_id=bar-service instance=Mac.fritz.box scope=dapr.wfengine.durabletask.backend type=log ver=1.16.2
time="2025-11-14T15:41:43.726996+01:00" level=info msg="backend stopping..." app_id=bar-service instance=Mac.fritz.box scope=dapr.wfengine.durabletask.backend type=log ver=1.16.2
time="2025-11-14T15:41:43.727022+01:00" level=info msg="workers stopping and draining..." app_id=bar-service instance=Mac.fritz.box scope=dapr.wfengine.durabletask.backend type=log ver=1.16.2
time="2025-11-14T15:41:43.727049+01:00" level=info msg="Scheduler stream disconnected" app_id=bar-service instance=Mac.fritz.box scope=dapr.runtime.scheduler.cluster type=log ver=1.16.2
time="2025-11-14T15:41:43.727053+01:00" level=info msg="Scheduler stream disconnected" app_id=bar-service instance=Mac.fritz.box scope=dapr.runtime.scheduler.cluster type=log ver=1.16.2
time="2025-11-14T15:41:43.727058+01:00" level=info msg="Scheduler stream disconnected" app_id=bar-service instance=Mac.fritz.box scope=dapr.runtime.scheduler.cluster type=log ver=1.16.2
time="2025-11-14T15:41:43.727067+01:00" level=info msg="activity-processor: worker stopped" app_id=bar-service instance=Mac.fritz.box scope=dapr.wfengine.durabletask.backend type=log ver=1.16.2
time="2025-11-14T15:41:43.727089+01:00" level=info msg="Actor runtime shutting down" app_id=bar-service instance=Mac.fritz.box scope=dapr.runtime.actor type=log ver=1.16.2
time="2025-11-14T15:41:43.727124+01:00" level=info msg="finished stopping and draining workers!" app_id=bar-service instance=Mac.fritz.box scope=dapr.wfengine.durabletask.backend type=log ver=1.16.2
time="2025-11-14T15:41:43.727155+01:00" level=info msg="Workflow engine stopped" app_id=bar-service instance=Mac.fritz.box scope=dapr.runtime.wfengine type=log ver=1.16.2
time="2025-11-14T15:41:43.727154+01:00" level=error msg="Error communicating with placement: rpc error: code = Canceled desc = context canceled" app_id=bar-service instance=Mac.fritz.box scope=dapr.runtime.actors.placement.client type=log ver=1.16.2
time="2025-11-14T15:41:43.727186+01:00" level=info msg="Actor runtime stopped" app_id=bar-service instance=Mac.fritz.box scope=dapr.runtime.actor type=log ver=1.16.2
time="2025-11-14T15:41:43.727365+01:00" level=info msg="Dapr is shutting down" app_id=bar-service instance=Mac.fritz.box scope=dapr.runtime type=log ver=1.16.2
time="2025-11-14T15:41:43.727386+01:00" level=info msg="Shutting down component statestore (state.redis/v1)" app_id=bar-service instance=Mac.fritz.box scope=dapr.runtime type=log ver=1.16.2
time="2025-11-14T15:41:43.727369+01:00" level=info msg="Closing HTTP server [::]:3503…" app_id=bar-service instance=Mac.fritz.box scope=dapr.runtime.http type=log ver=1.16.2
time="2025-11-14T15:41:43.7274+01:00" level=info msg="Shutting down component orderpubsub (pubsub.redis/v1)" app_id=bar-service instance=Mac.fritz.box scope=dapr.runtime type=log ver=1.16.2
time="2025-11-14T15:41:43.727366+01:00" level=info msg="stopping mDNS server for app id: bar-service" app_id=bar-service component="nr (mdns/v1)" instance=Mac.fritz.box scope=dapr.contrib type=log ver=1.16.2
time="2025-11-14T15:41:43.727485+01:00" level=info msg="Dapr runtime stopped" app_id=bar-service instance=Mac.fritz.box scope=dapr.runtime type=log ver=1.16.2

termination signal received: shutting down
Exited Dapr successfully
Exited App successfully
