Starting Dapr with id bar-service. HTTP Port: 3503. gRPC Port: 55329
Updating metadata for cliPID: 23034
time="2025-11-14T13:10:29.545044+01:00" level=info msg="Starting Dapr Runtime -- version 1.16.2 -- commit 3c7722a8c5648354e24256993caf047bc8c80666" app_id=bar-service instance=Mac.fritz.box scope=dapr.runtime type=log ver=1.16.2
time="2025-11-14T13:10:29.545094+01:00" level=info msg="Log level set to: info" app_id=bar-service instance=Mac.fritz.box scope=dapr.runtime type=log ver=1.16.2
time="2025-11-14T13:10:29.546251+01:00" level=warning msg="mTLS is disabled. Skipping certificate request and tls validation" app_id=bar-service instance=Mac.fritz.box scope=dapr.runtime.security type=log ver=1.16.2
time="2025-11-14T13:10:29.546724+01:00" level=info msg="Enabled features: SchedulerReminders" app_id=bar-service instance=Mac.fritz.box scope=dapr.runtime type=log ver=1.16.2
time="2025-11-14T13:10:29.546797+01:00" level=info msg="metric spec: {\"enabled\":true}" app_id=bar-service instance=Mac.fritz.box scope=dapr.runtime.diagnostics type=log ver=1.16.2
time="2025-11-14T13:10:29.546821+01:00" level=info msg="Using default latency distribution buckets: [1 2 3 4 5 6 8 10 13 16 20 25 30 40 50 65 80 100 130 160 200 250 300 400 500 650 800 1000 2000 5000 10000 20000 50000 100000]" app_id=bar-service instance=Mac.fritz.box scope=dapr.runtime.diagnostics type=log ver=1.16.2
time="2025-11-14T13:10:29.546891+01:00" level=warning msg="The default value for 'spec.metric.http.increasedCardinality' will change to 'false' in Dapr 1.15 or later" app_id=bar-service instance=Mac.fritz.box scope=dapr.runtime.diagnostics type=log ver=1.16.2
time="2025-11-14T13:10:29.547306+01:00" level=info msg="standalone mode configured" app_id=bar-service instance=Mac.fritz.box scope=dapr.runtime type=log ver=1.16.2
time="2025-11-14T13:10:29.547318+01:00" level=info msg="app id: bar-service" app_id=bar-service instance=Mac.fritz.box scope=dapr.runtime type=log ver=1.16.2
time="2025-11-14T13:10:29.547487+01:00" level=info msg="Dapr trace sampler initialized: ParentBased{root:AlwaysOnSampler,remoteParentSampled:AlwaysOnSampler,remoteParentNotSampled:AlwaysOffSampler,localParentSampled:AlwaysOnSampler,localParentNotSampled:AlwaysOffSampler}" app_id=bar-service instance=Mac.fritz.box scope=dapr.runtime type=log ver=1.16.2
time="2025-11-14T13:10:29.547694+01:00" level=info msg="metrics server started on 0.0.0.0:55330/" app_id=bar-service instance=Mac.fritz.box scope=dapr.runtime type=log ver=1.16.2
time="2025-11-14T13:10:29.54776+01:00" level=info msg="local service entry announced: bar-service -> 192.168.179.36:55331" app_id=bar-service component="nr (mdns/v1)" instance=Mac.fritz.box scope=dapr.contrib type=log ver=1.16.2
time="2025-11-14T13:10:29.547778+01:00" level=info msg="Initialized name resolution to mdns" app_id=bar-service instance=Mac.fritz.box scope=dapr.runtime type=log ver=1.16.2
time="2025-11-14T13:10:29.547852+01:00" level=info msg="Loading components…" app_id=bar-service instance=Mac.fritz.box scope=dapr.runtime type=log ver=1.16.2
time="2025-11-14T13:10:29.552193+01:00" level=info msg="Component loaded: orderpubsub (pubsub.redis/v1)" app_id=bar-service instance=Mac.fritz.box scope=dapr.runtime.processor type=log ver=1.16.2
time="2025-11-14T13:10:29.552269+01:00" level=info msg="Waiting for all outstanding components to be processed…" app_id=bar-service instance=Mac.fritz.box scope=dapr.runtime type=log ver=1.16.2
time="2025-11-14T13:10:29.553809+01:00" level=info msg="Connected and received scheduler hosts addresses: [localhost:50006]" app_id=bar-service instance=Mac.fritz.box scope=dapr.runtime.scheduler.watchhosts type=log ver=1.16.2
time="2025-11-14T13:10:29.553953+01:00" level=info msg="Scheduler client initialized for address: localhost:50006" app_id=bar-service instance=Mac.fritz.box scope=dapr.runtime.scheduler.clients type=log ver=1.16.2
time="2025-11-14T13:10:29.553967+01:00" level=info msg="Scheduler clients initialized" app_id=bar-service instance=Mac.fritz.box scope=dapr.runtime.scheduler.clients type=log ver=1.16.2
time="2025-11-14T13:10:29.554479+01:00" level=info msg="Using 'statestore' as actor state store" app_id=bar-service instance=Mac.fritz.box scope=dapr.runtime.processor.state type=log ver=1.16.2
time="2025-11-14T13:10:29.55452+01:00" level=info msg="Component loaded: statestore (state.redis/v1)" app_id=bar-service instance=Mac.fritz.box scope=dapr.runtime.processor type=log ver=1.16.2
time="2025-11-14T13:10:29.554533+01:00" level=info msg="All outstanding components processed" app_id=bar-service instance=Mac.fritz.box scope=dapr.runtime type=log ver=1.16.2
time="2025-11-14T13:10:29.554542+01:00" level=info msg="Loading endpoints…" app_id=bar-service instance=Mac.fritz.box scope=dapr.runtime type=log ver=1.16.2
time="2025-11-14T13:10:29.554795+01:00" level=info msg="Waiting for all outstanding http endpoints to be processed…" app_id=bar-service instance=Mac.fritz.box scope=dapr.runtime type=log ver=1.16.2
time="2025-11-14T13:10:29.554806+01:00" level=info msg="All outstanding http endpoints processed" app_id=bar-service instance=Mac.fritz.box scope=dapr.runtime type=log ver=1.16.2
time="2025-11-14T13:10:29.554812+01:00" level=info msg="Loading Declarative Subscriptions…" app_id=bar-service instance=Mac.fritz.box scope=dapr.runtime type=log ver=1.16.2
time="2025-11-14T13:10:29.555742+01:00" level=info msg="gRPC server listening on TCP address: :55329" app_id=bar-service instance=Mac.fritz.box scope=dapr.runtime.grpc.api type=log ver=1.16.2
time="2025-11-14T13:10:29.555758+01:00" level=info msg="Enabled gRPC tracing middleware" app_id=bar-service instance=Mac.fritz.box scope=dapr.runtime.grpc.api type=log ver=1.16.2
time="2025-11-14T13:10:29.555766+01:00" level=info msg="Enabled gRPC metrics middleware" app_id=bar-service instance=Mac.fritz.box scope=dapr.runtime.grpc.api type=log ver=1.16.2
time="2025-11-14T13:10:29.555804+01:00" level=info msg="Registering workflow engine for gRPC endpoint: [::]:55329" app_id=bar-service instance=Mac.fritz.box scope=dapr.runtime.grpc.api type=log ver=1.16.2
time="2025-11-14T13:10:29.555826+01:00" level=info msg="API gRPC server is running on port 55329" app_id=bar-service instance=Mac.fritz.box scope=dapr.runtime type=log ver=1.16.2
time="2025-11-14T13:10:29.555843+01:00" level=warning msg="The default value for 'spec.metric.http.increasedCardinality' will change to 'false' in Dapr 1.15 or later" app_id=bar-service instance=Mac.fritz.box scope=dapr.runtime.http type=log ver=1.16.2
time="2025-11-14T13:10:29.555887+01:00" level=info msg="Enabled max body size HTTP middleware with size 4194304 bytes" app_id=bar-service instance=Mac.fritz.box scope=dapr.runtime.http type=log ver=1.16.2
time="2025-11-14T13:10:29.555896+01:00" level=info msg="Enabled tracing HTTP middleware" app_id=bar-service instance=Mac.fritz.box scope=dapr.runtime.http type=log ver=1.16.2
time="2025-11-14T13:10:29.555901+01:00" level=info msg="Enabled metrics HTTP middleware" app_id=bar-service instance=Mac.fritz.box scope=dapr.runtime.http type=log ver=1.16.2
time="2025-11-14T13:10:29.556134+01:00" level=info msg="HTTP server listening on TCP address: :3503" app_id=bar-service instance=Mac.fritz.box scope=dapr.runtime.http type=log ver=1.16.2
time="2025-11-14T13:10:29.556162+01:00" level=info msg="HTTP server is running on port 3503" app_id=bar-service instance=Mac.fritz.box scope=dapr.runtime type=log ver=1.16.2
time="2025-11-14T13:10:29.556171+01:00" level=info msg="The request body size parameter is: 4194304 bytes" app_id=bar-service instance=Mac.fritz.box scope=dapr.runtime type=log ver=1.16.2
time="2025-11-14T13:10:29.556204+01:00" level=info msg="gRPC server listening on TCP address: :55331" app_id=bar-service instance=Mac.fritz.box scope=dapr.runtime.grpc.internal type=log ver=1.16.2
time="2025-11-14T13:10:29.556213+01:00" level=info msg="Enabled gRPC tracing middleware" app_id=bar-service instance=Mac.fritz.box scope=dapr.runtime.grpc.internal type=log ver=1.16.2
time="2025-11-14T13:10:29.556218+01:00" level=info msg="Enabled gRPC metrics middleware" app_id=bar-service instance=Mac.fritz.box scope=dapr.runtime.grpc.internal type=log ver=1.16.2
time="2025-11-14T13:10:29.556245+01:00" level=info msg="Internal gRPC server is running on :55331" app_id=bar-service instance=Mac.fritz.box scope=dapr.runtime type=log ver=1.16.2
time="2025-11-14T13:10:29.556251+01:00" level=info msg="application protocol: http. waiting on port 5003.  This will block until the app is listening on that port." app_id=bar-service instance=Mac.fritz.box scope=dapr.runtime type=log ver=1.16.2
time="2025-11-14T13:10:29.758004+01:00" level=info msg="application discovered on port 5003" app_id=bar-service instance=Mac.fritz.box scope=dapr.runtime type=log ver=1.16.2
time="2025-11-14T13:10:29.758153+01:00" level=info msg="Using Scheduler service for reminders." app_id=bar-service instance=Mac.fritz.box scope=dapr.runtime.actor.reminders.scheduler type=log ver=1.16.2
time="2025-11-14T13:10:29.758216+01:00" level=info msg="Actor runtime started" app_id=bar-service instance=Mac.fritz.box scope=dapr.runtime.actor type=log ver=1.16.2
time="2025-11-14T13:10:29.758237+01:00" level=warning msg="Graceful shutdown timeout is infinite, will wait indefinitely to shutdown" app_id=bar-service instance=Mac.fritz.box scope=dapr.runtime.actor type=log ver=1.16.2
time="2025-11-14T13:10:29.758261+01:00" level=info msg="worker started with backend dapr.actors/v1" app_id=bar-service instance=Mac.fritz.box scope=dapr.wfengine.durabletask.backend type=log ver=1.16.2
time="2025-11-14T13:10:29.758315+01:00" level=info msg="Workflow engine started" app_id=bar-service instance=Mac.fritz.box scope=dapr.runtime.wfengine type=log ver=1.16.2
time="2025-11-14T13:10:29.759155+01:00" level=info msg="Application configuration loaded" app_id=bar-service instance=Mac.fritz.box scope=dapr.runtime type=log ver=1.16.2
time="2025-11-14T13:10:29.75984+01:00" level=info msg="app is subscribed to the following topics: [[bar-orders]] through pubsub=orderpubsub" app_id=bar-service instance=Mac.fritz.box scope=dapr.runtime.processor.subscription type=log ver=1.16.2
time="2025-11-14T13:10:29.760156+01:00" level=info msg="dapr initialized. Status: Running. Init Elapsed 212ms" app_id=bar-service instance=Mac.fritz.box scope=dapr.runtime type=log ver=1.16.2
time="2025-11-14T13:10:29.760262+01:00" level=info msg="Reporting actor types: []" app_id=bar-service instance=Mac.fritz.box scope=dapr.runtime.actors.placement type=log ver=1.16.2
time="2025-11-14T13:10:29.760293+01:00" level=info msg="Scheduler stream connected for [JOB_TARGET_TYPE_JOB]" app_id=bar-service instance=Mac.fritz.box scope=dapr.runtime.scheduler.cluster type=log ver=1.16.2
time="2025-11-14T13:10:29.76031+01:00" level=info msg="Scheduler stream connected for [JOB_TARGET_TYPE_JOB]" app_id=bar-service instance=Mac.fritz.box scope=dapr.runtime.scheduler.cluster type=log ver=1.16.2
time="2025-11-14T13:10:29.760315+01:00" level=info msg="Scheduler stream connected for [JOB_TARGET_TYPE_JOB]" app_id=bar-service instance=Mac.fritz.box scope=dapr.runtime.scheduler.cluster type=log ver=1.16.2
time="2025-11-14T13:10:29.760343+01:00" level=info msg="Connected to placement localhost:50005" app_id=bar-service instance=Mac.fritz.box scope=dapr.runtime.actors.placement.client.connector.static type=log ver=1.16.2
time="2025-11-14T13:10:29.762736+01:00" level=info msg="Connected to placement localhost:50005" app_id=bar-service instance=Mac.fritz.box scope=dapr.runtime.actors.placement.client type=log ver=1.16.2
time="2025-11-14T13:10:29.763452+01:00" level=info msg="Placement tables updated, version: 0" app_id=bar-service instance=Mac.fritz.box scope=dapr.runtime.actors.placement type=log ver=1.16.2
time="2025-11-14T13:10:29.763477+01:00" level=info msg="Running actor reminder migration from state store to scheduler" app_id=bar-service instance=Mac.fritz.box scope=dapr.runtime.actors.reminders.migration type=log ver=1.16.2
time="2025-11-14T13:10:29.763486+01:00" level=info msg="Skipping migration, no missing scheduler reminders found" app_id=bar-service instance=Mac.fritz.box scope=dapr.runtime.actors.reminders.migration type=log ver=1.16.2
time="2025-11-14T13:10:29.763492+01:00" level=info msg="Found 0 missing scheduler reminders from state store" app_id=bar-service instance=Mac.fritz.box scope=dapr.runtime.actors.reminders.migration type=log ver=1.16.2
time="2025-11-14T13:10:29.763505+01:00" level=info msg="Migrated 0 reminders from state store to scheduler successfully" app_id=bar-service instance=Mac.fritz.box scope=dapr.runtime.actors.reminders.migration type=log ver=1.16.2
Updating metadata for app command: python app.py
Updating metadata for appPID: 23069
You're up and running! Dapr logs will appear here.

time="2025-11-14T13:11:47.185434+01:00" level=error msg="redis streams: error reading from stream bar-orders: dial tcp [::1]:6379: connect: connection refused" app_id=bar-service component="orderpubsub (pubsub.redis/v1)" instance=Mac.fritz.box scope=dapr.contrib type=log ver=1.16.2
time="2025-11-14T13:11:47.267057+01:00" level=error msg="redis streams: error reading from stream bar-orders: dial tcp [::1]:6379: connect: connection refused" app_id=bar-service component="orderpubsub (pubsub.redis/v1)" instance=Mac.fritz.box scope=dapr.contrib type=log ver=1.16.2
time="2025-11-14T13:11:47.38197+01:00" level=error msg="redis streams: error reading from stream bar-orders: dial tcp [::1]:6379: connect: connection refused" app_id=bar-service component="orderpubsub (pubsub.redis/v1)" instance=Mac.fritz.box scope=dapr.contrib type=log ver=1.16.2
time="2025-11-14T13:11:47.428965+01:00" level=error msg="redis streams: error reading from stream bar-orders: dial tcp [::1]:6379: connect: connection refused" app_id=bar-service component="orderpubsub (pubsub.redis/v1)" instance=Mac.fritz.box scope=dapr.contrib type=log ver=1.16.2
time="2025-11-14T13:11:47.530737+01:00" level=error msg="redis streams: error reading from stream bar-orders: dial tcp [::1]:6379: connect: connection refused" app_id=bar-service component="orderpubsub (pubsub.redis/v1)" instance=Mac.fritz.box scope=dapr.contrib type=log ver=1.16.2
time="2025-11-14T13:11:47.623263+01:00" level=error msg="redis streams: error reading from stream bar-orders: dial tcp [::1]:6379: connect: connection refused" app_id=bar-service component="orderpubsub (pubsub.redis/v1)" instance=Mac.fritz.box scope=dapr.contrib type=log ver=1.16.2
time="2025-11-14T13:11:47.730839+01:00" level=error msg="redis streams: error reading from stream bar-orders: dial tcp [::1]:6379: connect: connection refused" app_id=bar-service component="orderpubsub (pubsub.redis/v1)" instance=Mac.fritz.box scope=dapr.contrib type=log ver=1.16.2
time="2025-11-14T13:11:47.824934+01:00" level=error msg="redis streams: error reading from stream bar-orders: dial tcp [::1]:6379: connect: connection refused" app_id=bar-service component="orderpubsub (pubsub.redis/v1)" instance=Mac.fritz.box scope=dapr.contrib type=log ver=1.16.2
time="2025-11-14T13:11:47.913324+01:00" level=error msg="redis streams: error reading from stream bar-orders: dial tcp [::1]:6379: connect: connection refused" app_id=bar-service component="orderpubsub (pubsub.redis/v1)" instance=Mac.fritz.box scope=dapr.contrib type=log ver=1.16.2
time="2025-11-14T13:11:48.015784+01:00" level=error msg="redis streams: error reading from stream bar-orders: dial tcp [::1]:6379: connect: connection refused" app_id=bar-service component="orderpubsub (pubsub.redis/v1)" instance=Mac.fritz.box scope=dapr.contrib type=log ver=1.16.2
time="2025-11-14T13:11:48.124701+01:00" level=error msg="redis streams: error reading from stream bar-orders: dial tcp [::1]:6379: connect: connection refused" app_id=bar-service component="orderpubsub (pubsub.redis/v1)" instance=Mac.fritz.box scope=dapr.contrib type=log ver=1.16.2
time="2025-11-14T13:11:48.243876+01:00" level=error msg="redis streams: error reading from stream bar-orders: dial tcp [::1]:6379: connect: connection refused" app_id=bar-service component="orderpubsub (pubsub.redis/v1)" instance=Mac.fritz.box scope=dapr.contrib type=log ver=1.16.2
time="2025-11-14T13:11:48.33902+01:00" level=error msg="redis streams: error reading from stream bar-orders: dial tcp [::1]:6379: connect: connection refused" app_id=bar-service component="orderpubsub (pubsub.redis/v1)" instance=Mac.fritz.box scope=dapr.contrib type=log ver=1.16.2
time="2025-11-14T13:11:48.429779+01:00" level=error msg="redis streams: error reading from stream bar-orders: dial tcp [::1]:6379: connect: connection refused" app_id=bar-service component="orderpubsub (pubsub.redis/v1)" instance=Mac.fritz.box scope=dapr.contrib type=log ver=1.16.2
time="2025-11-14T13:11:48.484387+01:00" level=error msg="redis streams: error reading from stream bar-orders: dial tcp [::1]:6379: connect: connection refused" app_id=bar-service component="orderpubsub (pubsub.redis/v1)" instance=Mac.fritz.box scope=dapr.contrib type=log ver=1.16.2
time="2025-11-14T13:11:48.591728+01:00" level=error msg="redis streams: error reading from stream bar-orders: dial tcp [::1]:6379: connect: connection refused" app_id=bar-service component="orderpubsub (pubsub.redis/v1)" instance=Mac.fritz.box scope=dapr.contrib type=log ver=1.16.2
time="2025-11-14T13:11:48.698978+01:00" level=error msg="redis streams: error reading from stream bar-orders: dial tcp [::1]:6379: connect: connection refused" app_id=bar-service component="orderpubsub (pubsub.redis/v1)" instance=Mac.fritz.box scope=dapr.contrib type=log ver=1.16.2
time="2025-11-14T13:11:48.794804+01:00" level=error msg="redis streams: error reading from stream bar-orders: dial tcp [::1]:6379: connect: connection refused" app_id=bar-service component="orderpubsub (pubsub.redis/v1)" instance=Mac.fritz.box scope=dapr.contrib type=log ver=1.16.2
time="2025-11-14T13:11:48.873169+01:00" level=error msg="redis streams: error reading from stream bar-orders: dial tcp [::1]:6379: connect: connection refused" app_id=bar-service component="orderpubsub (pubsub.redis/v1)" instance=Mac.fritz.box scope=dapr.contrib type=log ver=1.16.2
time="2025-11-14T13:11:48.960523+01:00" level=error msg="redis streams: error reading from stream bar-orders: dial tcp [::1]:6379: connect: connection refused" app_id=bar-service component="orderpubsub (pubsub.redis/v1)" instance=Mac.fritz.box scope=dapr.contrib type=log ver=1.16.2
time="2025-11-14T13:11:49.002984+01:00" level=error msg="redis streams: error reading from stream bar-orders: dial tcp [::1]:6379: connect: connection refused" app_id=bar-service component="orderpubsub (pubsub.redis/v1)" instance=Mac.fritz.box scope=dapr.contrib type=log ver=1.16.2
time="2025-11-14T13:11:49.047536+01:00" level=error msg="redis streams: error reading from stream bar-orders: dial tcp [::1]:6379: connect: connection refused" app_id=bar-service component="orderpubsub (pubsub.redis/v1)" instance=Mac.fritz.box scope=dapr.contrib type=log ver=1.16.2
time="2025-11-14T13:11:49.153045+01:00" level=error msg="redis streams: error reading from stream bar-orders: dial tcp [::1]:6379: connect: connection refused" app_id=bar-service component="orderpubsub (pubsub.redis/v1)" instance=Mac.fritz.box scope=dapr.contrib type=log ver=1.16.2
time="2025-11-14T13:11:49.241939+01:00" level=error msg="redis streams: error reading from stream bar-orders: dial tcp [::1]:6379: connect: connection refused" app_id=bar-service component="orderpubsub (pubsub.redis/v1)" instance=Mac.fritz.box scope=dapr.contrib type=log ver=1.16.2
time="2025-11-14T13:11:49.311595+01:00" level=error msg="redis streams: error reading from stream bar-orders: dial tcp [::1]:6379: connect: connection refused" app_id=bar-service component="orderpubsub (pubsub.redis/v1)" instance=Mac.fritz.box scope=dapr.contrib type=log ver=1.16.2
time="2025-11-14T13:11:49.370128+01:00" level=error msg="redis streams: error reading from stream bar-orders: dial tcp [::1]:6379: connect: connection refused" app_id=bar-service component="orderpubsub (pubsub.redis/v1)" instance=Mac.fritz.box scope=dapr.contrib type=log ver=1.16.2
time="2025-11-14T13:11:49.440421+01:00" level=error msg="redis streams: error reading from stream bar-orders: dial tcp [::1]:6379: connect: connection refused" app_id=bar-service component="orderpubsub (pubsub.redis/v1)" instance=Mac.fritz.box scope=dapr.contrib type=log ver=1.16.2
time="2025-11-14T13:11:49.509325+01:00" level=error msg="redis streams: error reading from stream bar-orders: dial tcp [::1]:6379: connect: connection refused" app_id=bar-service component="orderpubsub (pubsub.redis/v1)" instance=Mac.fritz.box scope=dapr.contrib type=log ver=1.16.2
time="2025-11-14T13:11:49.58418+01:00" level=error msg="redis streams: error reading from stream bar-orders: dial tcp [::1]:6379: connect: connection refused" app_id=bar-service component="orderpubsub (pubsub.redis/v1)" instance=Mac.fritz.box scope=dapr.contrib type=log ver=1.16.2
time="2025-11-14T13:11:49.703929+01:00" level=error msg="redis streams: error reading from stream bar-orders: dial tcp [::1]:6379: connect: connection refused" app_id=bar-service component="orderpubsub (pubsub.redis/v1)" instance=Mac.fritz.box scope=dapr.contrib type=log ver=1.16.2
time="2025-11-14T13:11:49.79335+01:00" level=error msg="redis streams: error reading from stream bar-orders: dial tcp [::1]:6379: connect: connection refused" app_id=bar-service component="orderpubsub (pubsub.redis/v1)" instance=Mac.fritz.box scope=dapr.contrib type=log ver=1.16.2
time="2025-11-14T13:11:49.913491+01:00" level=error msg="redis streams: error reading from stream bar-orders: dial tcp [::1]:6379: connect: connection refused" app_id=bar-service component="orderpubsub (pubsub.redis/v1)" instance=Mac.fritz.box scope=dapr.contrib type=log ver=1.16.2
time="2025-11-14T13:11:49.979161+01:00" level=error msg="redis streams: error reading from stream bar-orders: dial tcp [::1]:6379: connect: connection refused" app_id=bar-service component="orderpubsub (pubsub.redis/v1)" instance=Mac.fritz.box scope=dapr.contrib type=log ver=1.16.2
time="2025-11-14T13:11:50.099005+01:00" level=error msg="redis streams: error reading from stream bar-orders: dial tcp [::1]:6379: connect: connection refused" app_id=bar-service component="orderpubsub (pubsub.redis/v1)" instance=Mac.fritz.box scope=dapr.contrib type=log ver=1.16.2
time="2025-11-14T13:11:50.16998+01:00" level=error msg="redis streams: error reading from stream bar-orders: dial tcp [::1]:6379: connect: connection refused" app_id=bar-service component="orderpubsub (pubsub.redis/v1)" instance=Mac.fritz.box scope=dapr.contrib type=log ver=1.16.2
time="2025-11-14T13:11:50.23225+01:00" level=error msg="redis streams: error reading from stream bar-orders: dial tcp [::1]:6379: connect: connection refused" app_id=bar-service component="orderpubsub (pubsub.redis/v1)" instance=Mac.fritz.box scope=dapr.contrib type=log ver=1.16.2
time="2025-11-14T13:11:50.305363+01:00" level=error msg="redis streams: error reading from stream bar-orders: dial tcp [::1]:6379: connect: connection refused" app_id=bar-service component="orderpubsub (pubsub.redis/v1)" instance=Mac.fritz.box scope=dapr.contrib type=log ver=1.16.2
time="2025-11-14T13:11:50.432978+01:00" level=error msg="redis streams: error reading from stream bar-orders: dial tcp [::1]:6379: connect: connection refused" app_id=bar-service component="orderpubsub (pubsub.redis/v1)" instance=Mac.fritz.box scope=dapr.contrib type=log ver=1.16.2
time="2025-11-14T13:11:50.524301+01:00" level=error msg="redis streams: error reading from stream bar-orders: dial tcp [::1]:6379: connect: connection refused" app_id=bar-service component="orderpubsub (pubsub.redis/v1)" instance=Mac.fritz.box scope=dapr.contrib type=log ver=1.16.2
time="2025-11-14T13:11:50.562156+01:00" level=error msg="redis streams: error reading from stream bar-orders: dial tcp [::1]:6379: connect: connection refused" app_id=bar-service component="orderpubsub (pubsub.redis/v1)" instance=Mac.fritz.box scope=dapr.contrib type=log ver=1.16.2
time="2025-11-14T13:11:50.670578+01:00" level=error msg="redis streams: error reading from stream bar-orders: dial tcp [::1]:6379: connect: connection refused" app_id=bar-service component="orderpubsub (pubsub.redis/v1)" instance=Mac.fritz.box scope=dapr.contrib type=log ver=1.16.2
time="2025-11-14T13:11:50.786099+01:00" level=error msg="redis streams: error reading from stream bar-orders: dial tcp [::1]:6379: connect: connection refused" app_id=bar-service component="orderpubsub (pubsub.redis/v1)" instance=Mac.fritz.box scope=dapr.contrib type=log ver=1.16.2
time="2025-11-14T13:11:50.863096+01:00" level=error msg="redis streams: error reading from stream bar-orders: dial tcp [::1]:6379: connect: connection refused" app_id=bar-service component="orderpubsub (pubsub.redis/v1)" instance=Mac.fritz.box scope=dapr.contrib type=log ver=1.16.2
time="2025-11-14T13:11:50.975279+01:00" level=error msg="redis streams: error reading from stream bar-orders: dial tcp [::1]:6379: connect: connection refused" app_id=bar-service component="orderpubsub (pubsub.redis/v1)" instance=Mac.fritz.box scope=dapr.contrib type=log ver=1.16.2
time="2025-11-14T13:11:51.089175+01:00" level=error msg="redis streams: error reading from stream bar-orders: dial tcp [::1]:6379: connect: connection refused" app_id=bar-service component="orderpubsub (pubsub.redis/v1)" instance=Mac.fritz.box scope=dapr.contrib type=log ver=1.16.2
time="2025-11-14T13:11:51.219426+01:00" level=error msg="redis streams: error reading from stream bar-orders: dial tcp [::1]:6379: connect: connection refused" app_id=bar-service component="orderpubsub (pubsub.redis/v1)" instance=Mac.fritz.box scope=dapr.contrib type=log ver=1.16.2
time="2025-11-14T13:11:51.311111+01:00" level=error msg="redis streams: error reading from stream bar-orders: dial tcp [::1]:6379: connect: connection refused" app_id=bar-service component="orderpubsub (pubsub.redis/v1)" instance=Mac.fritz.box scope=dapr.contrib type=log ver=1.16.2
time="2025-11-14T13:11:51.414646+01:00" level=error msg="redis streams: error reading from stream bar-orders: dial tcp [::1]:6379: connect: connection refused" app_id=bar-service component="orderpubsub (pubsub.redis/v1)" instance=Mac.fritz.box scope=dapr.contrib type=log ver=1.16.2
time="2025-11-14T13:11:51.487661+01:00" level=error msg="redis streams: error reading from stream bar-orders: dial tcp [::1]:6379: connect: connection refused" app_id=bar-service component="orderpubsub (pubsub.redis/v1)" instance=Mac.fritz.box scope=dapr.contrib type=log ver=1.16.2
time="2025-11-14T13:11:51.562907+01:00" level=error msg="redis streams: error reading from stream bar-orders: dial tcp [::1]:6379: connect: connection refused" app_id=bar-service component="orderpubsub (pubsub.redis/v1)" instance=Mac.fritz.box scope=dapr.contrib type=log ver=1.16.2
time="2025-11-14T13:11:51.673324+01:00" level=error msg="redis streams: error reading from stream bar-orders: dial tcp [::1]:6379: connect: connection refused" app_id=bar-service component="orderpubsub (pubsub.redis/v1)" instance=Mac.fritz.box scope=dapr.contrib type=log ver=1.16.2
time="2025-11-14T13:11:51.776066+01:00" level=error msg="redis streams: error reading from stream bar-orders: dial tcp [::1]:6379: connect: connection refused" app_id=bar-service component="orderpubsub (pubsub.redis/v1)" instance=Mac.fritz.box scope=dapr.contrib type=log ver=1.16.2
time="2025-11-14T13:11:51.841087+01:00" level=error msg="redis streams: error reading from stream bar-orders: dial tcp [::1]:6379: connect: connection refused" app_id=bar-service component="orderpubsub (pubsub.redis/v1)" instance=Mac.fritz.box scope=dapr.contrib type=log ver=1.16.2
time="2025-11-14T13:11:51.947853+01:00" level=error msg="redis streams: error reading from stream bar-orders: dial tcp [::1]:6379: connect: connection refused" app_id=bar-service component="orderpubsub (pubsub.redis/v1)" instance=Mac.fritz.box scope=dapr.contrib type=log ver=1.16.2
time="2025-11-14T13:11:52.049804+01:00" level=error msg="redis streams: error reading from stream bar-orders: dial tcp [::1]:6379: connect: connection refused" app_id=bar-service component="orderpubsub (pubsub.redis/v1)" instance=Mac.fritz.box scope=dapr.contrib type=log ver=1.16.2
time="2025-11-14T13:11:52.171898+01:00" level=error msg="redis streams: error reading from stream bar-orders: dial tcp [::1]:6379: connect: connection refused" app_id=bar-service component="orderpubsub (pubsub.redis/v1)" instance=Mac.fritz.box scope=dapr.contrib type=log ver=1.16.2
time="2025-11-14T13:11:52.28503+01:00" level=error msg="redis streams: error reading from stream bar-orders: dial tcp [::1]:6379: connect: connection refused" app_id=bar-service component="orderpubsub (pubsub.redis/v1)" instance=Mac.fritz.box scope=dapr.contrib type=log ver=1.16.2
time="2025-11-14T13:11:52.337877+01:00" level=error msg="redis streams: error reading from stream bar-orders: dial tcp [::1]:6379: connect: connection refused" app_id=bar-service component="orderpubsub (pubsub.redis/v1)" instance=Mac.fritz.box scope=dapr.contrib type=log ver=1.16.2
time="2025-11-14T13:11:52.396518+01:00" level=error msg="redis streams: error reading from stream bar-orders: dial tcp [::1]:6379: connect: connection refused" app_id=bar-service component="orderpubsub (pubsub.redis/v1)" instance=Mac.fritz.box scope=dapr.contrib type=log ver=1.16.2
time="2025-11-14T13:11:52.472322+01:00" level=error msg="redis streams: error reading from stream bar-orders: dial tcp [::1]:6379: connect: connection refused" app_id=bar-service component="orderpubsub (pubsub.redis/v1)" instance=Mac.fritz.box scope=dapr.contrib type=log ver=1.16.2
time="2025-11-14T13:11:52.597244+01:00" level=error msg="redis streams: error reading from stream bar-orders: dial tcp [::1]:6379: connect: connection refused" app_id=bar-service component="orderpubsub (pubsub.redis/v1)" instance=Mac.fritz.box scope=dapr.contrib type=log ver=1.16.2
time="2025-11-14T13:11:52.678454+01:00" level=error msg="redis streams: error reading from stream bar-orders: dial tcp [::1]:6379: connect: connection refused" app_id=bar-service component="orderpubsub (pubsub.redis/v1)" instance=Mac.fritz.box scope=dapr.contrib type=log ver=1.16.2
time="2025-11-14T13:11:52.741633+01:00" level=error msg="redis streams: error reading from stream bar-orders: dial tcp [::1]:6379: connect: connection refused" app_id=bar-service component="orderpubsub (pubsub.redis/v1)" instance=Mac.fritz.box scope=dapr.contrib type=log ver=1.16.2
time="2025-11-14T13:11:52.817546+01:00" level=error msg="redis streams: error reading from stream bar-orders: dial tcp [::1]:6379: connect: connection refused" app_id=bar-service component="orderpubsub (pubsub.redis/v1)" instance=Mac.fritz.box scope=dapr.contrib type=log ver=1.16.2
time="2025-11-14T13:11:52.850569+01:00" level=error msg="redis streams: error reading from stream bar-orders: dial tcp [::1]:6379: connect: connection refused" app_id=bar-service component="orderpubsub (pubsub.redis/v1)" instance=Mac.fritz.box scope=dapr.contrib type=log ver=1.16.2
time="2025-11-14T13:11:52.947047+01:00" level=error msg="redis streams: error reading from stream bar-orders: dial tcp [::1]:6379: connect: connection refused" app_id=bar-service component="orderpubsub (pubsub.redis/v1)" instance=Mac.fritz.box scope=dapr.contrib type=log ver=1.16.2
time="2025-11-14T13:11:52.997371+01:00" level=error msg="redis streams: error reading from stream bar-orders: dial tcp [::1]:6379: connect: connection refused" app_id=bar-service component="orderpubsub (pubsub.redis/v1)" instance=Mac.fritz.box scope=dapr.contrib type=log ver=1.16.2
time="2025-11-14T13:11:53.05163+01:00" level=error msg="redis streams: error reading from stream bar-orders: dial tcp [::1]:6379: connect: connection refused" app_id=bar-service component="orderpubsub (pubsub.redis/v1)" instance=Mac.fritz.box scope=dapr.contrib type=log ver=1.16.2
time="2025-11-14T13:11:53.125127+01:00" level=error msg="redis streams: error reading from stream bar-orders: dial tcp [::1]:6379: connect: connection refused" app_id=bar-service component="orderpubsub (pubsub.redis/v1)" instance=Mac.fritz.box scope=dapr.contrib type=log ver=1.16.2
time="2025-11-14T13:11:53.243023+01:00" level=error msg="redis streams: error reading from stream bar-orders: dial tcp [::1]:6379: connect: connection refused" app_id=bar-service component="orderpubsub (pubsub.redis/v1)" instance=Mac.fritz.box scope=dapr.contrib type=log ver=1.16.2
time="2025-11-14T13:11:53.328684+01:00" level=error msg="redis streams: error reading from stream bar-orders: dial tcp [::1]:6379: connect: connection refused" app_id=bar-service component="orderpubsub (pubsub.redis/v1)" instance=Mac.fritz.box scope=dapr.contrib type=log ver=1.16.2
time="2025-11-14T13:11:53.423273+01:00" level=error msg="redis streams: error reading from stream bar-orders: dial tcp [::1]:6379: connect: connection refused" app_id=bar-service component="orderpubsub (pubsub.redis/v1)" instance=Mac.fritz.box scope=dapr.contrib type=log ver=1.16.2
time="2025-11-14T13:11:53.459988+01:00" level=error msg="redis streams: error reading from stream bar-orders: dial tcp [::1]:6379: connect: connection refused" app_id=bar-service component="orderpubsub (pubsub.redis/v1)" instance=Mac.fritz.box scope=dapr.contrib type=log ver=1.16.2
time="2025-11-14T13:11:53.538393+01:00" level=error msg="redis streams: error reading from stream bar-orders: dial tcp [::1]:6379: connect: connection refused" app_id=bar-service component="orderpubsub (pubsub.redis/v1)" instance=Mac.fritz.box scope=dapr.contrib type=log ver=1.16.2
time="2025-11-14T13:11:53.638612+01:00" level=error msg="redis streams: error reading from stream bar-orders: dial tcp [::1]:6379: connect: connection refused" app_id=bar-service component="orderpubsub (pubsub.redis/v1)" instance=Mac.fritz.box scope=dapr.contrib type=log ver=1.16.2
time="2025-11-14T13:11:53.721578+01:00" level=error msg="redis streams: error reading from stream bar-orders: dial tcp [::1]:6379: connect: connection refused" app_id=bar-service component="orderpubsub (pubsub.redis/v1)" instance=Mac.fritz.box scope=dapr.contrib type=log ver=1.16.2
time="2025-11-14T13:11:53.821516+01:00" level=error msg="redis streams: error reading from stream bar-orders: dial tcp [::1]:6379: connect: connection refused" app_id=bar-service component="orderpubsub (pubsub.redis/v1)" instance=Mac.fritz.box scope=dapr.contrib type=log ver=1.16.2
time="2025-11-14T13:11:53.892358+01:00" level=error msg="redis streams: error reading from stream bar-orders: dial tcp [::1]:6379: connect: connection refused" app_id=bar-service component="orderpubsub (pubsub.redis/v1)" instance=Mac.fritz.box scope=dapr.contrib type=log ver=1.16.2
time="2025-11-14T13:11:54.01063+01:00" level=error msg="redis streams: error reading from stream bar-orders: dial tcp [::1]:6379: connect: connection refused" app_id=bar-service component="orderpubsub (pubsub.redis/v1)" instance=Mac.fritz.box scope=dapr.contrib type=log ver=1.16.2
time="2025-11-14T13:11:54.102657+01:00" level=error msg="redis streams: error reading from stream bar-orders: dial tcp [::1]:6379: connect: connection refused" app_id=bar-service component="orderpubsub (pubsub.redis/v1)" instance=Mac.fritz.box scope=dapr.contrib type=log ver=1.16.2
time="2025-11-14T13:11:54.180675+01:00" level=error msg="redis streams: error reading from stream bar-orders: dial tcp [::1]:6379: connect: connection refused" app_id=bar-service component="orderpubsub (pubsub.redis/v1)" instance=Mac.fritz.box scope=dapr.contrib type=log ver=1.16.2
time="2025-11-14T13:11:54.286771+01:00" level=error msg="redis streams: error reading from stream bar-orders: dial tcp [::1]:6379: connect: connection refused" app_id=bar-service component="orderpubsub (pubsub.redis/v1)" instance=Mac.fritz.box scope=dapr.contrib type=log ver=1.16.2
time="2025-11-14T13:11:54.368593+01:00" level=error msg="redis streams: error reading from stream bar-orders: dial tcp [::1]:6379: connect: connection refused" app_id=bar-service component="orderpubsub (pubsub.redis/v1)" instance=Mac.fritz.box scope=dapr.contrib type=log ver=1.16.2
time="2025-11-14T13:11:54.481741+01:00" level=error msg="redis streams: error reading from stream bar-orders: dial tcp [::1]:6379: connect: connection refused" app_id=bar-service component="orderpubsub (pubsub.redis/v1)" instance=Mac.fritz.box scope=dapr.contrib type=log ver=1.16.2
time="2025-11-14T13:11:54.575233+01:00" level=error msg="redis streams: error reading from stream bar-orders: dial tcp [::1]:6379: connect: connection refused" app_id=bar-service component="orderpubsub (pubsub.redis/v1)" instance=Mac.fritz.box scope=dapr.contrib type=log ver=1.16.2
time="2025-11-14T13:11:54.656975+01:00" level=error msg="redis streams: error reading from stream bar-orders: dial tcp [::1]:6379: connect: connection refused" app_id=bar-service component="orderpubsub (pubsub.redis/v1)" instance=Mac.fritz.box scope=dapr.contrib type=log ver=1.16.2
time="2025-11-14T13:11:54.75176+01:00" level=error msg="redis streams: error reading from stream bar-orders: dial tcp [::1]:6379: connect: connection refused" app_id=bar-service component="orderpubsub (pubsub.redis/v1)" instance=Mac.fritz.box scope=dapr.contrib type=log ver=1.16.2
time="2025-11-14T13:11:54.845905+01:00" level=error msg="redis streams: error reading from stream bar-orders: dial tcp [::1]:6379: connect: connection refused" app_id=bar-service component="orderpubsub (pubsub.redis/v1)" instance=Mac.fritz.box scope=dapr.contrib type=log ver=1.16.2
time="2025-11-14T13:11:54.923515+01:00" level=error msg="redis streams: error reading from stream bar-orders: dial tcp [::1]:6379: connect: connection refused" app_id=bar-service component="orderpubsub (pubsub.redis/v1)" instance=Mac.fritz.box scope=dapr.contrib type=log ver=1.16.2
time="2025-11-14T13:11:54.983278+01:00" level=error msg="redis streams: error reading from stream bar-orders: dial tcp [::1]:6379: connect: connection refused" app_id=bar-service component="orderpubsub (pubsub.redis/v1)" instance=Mac.fritz.box scope=dapr.contrib type=log ver=1.16.2
time="2025-11-14T13:11:55.052619+01:00" level=error msg="redis streams: error reading from stream bar-orders: dial tcp [::1]:6379: connect: connection refused" app_id=bar-service component="orderpubsub (pubsub.redis/v1)" instance=Mac.fritz.box scope=dapr.contrib type=log ver=1.16.2
time="2025-11-14T13:11:55.155828+01:00" level=error msg="redis streams: error reading from stream bar-orders: dial tcp [::1]:6379: connect: connection refused" app_id=bar-service component="orderpubsub (pubsub.redis/v1)" instance=Mac.fritz.box scope=dapr.contrib type=log ver=1.16.2
time="2025-11-14T13:11:55.229859+01:00" level=error msg="redis streams: error reading from stream bar-orders: dial tcp [::1]:6379: connect: connection refused" app_id=bar-service component="orderpubsub (pubsub.redis/v1)" instance=Mac.fritz.box scope=dapr.contrib type=log ver=1.16.2
time="2025-11-14T13:11:55.33573+01:00" level=error msg="redis streams: error reading from stream bar-orders: dial tcp [::1]:6379: connect: connection refused" app_id=bar-service component="orderpubsub (pubsub.redis/v1)" instance=Mac.fritz.box scope=dapr.contrib type=log ver=1.16.2
time="2025-11-14T13:11:55.436719+01:00" level=error msg="redis streams: error reading from stream bar-orders: dial tcp [::1]:6379: connect: connection refused" app_id=bar-service component="orderpubsub (pubsub.redis/v1)" instance=Mac.fritz.box scope=dapr.contrib type=log ver=1.16.2
time="2025-11-14T13:11:55.486296+01:00" level=error msg="redis streams: error reading from stream bar-orders: dial tcp [::1]:6379: connect: connection refused" app_id=bar-service component="orderpubsub (pubsub.redis/v1)" instance=Mac.fritz.box scope=dapr.contrib type=log ver=1.16.2
time="2025-11-14T13:11:55.574416+01:00" level=error msg="redis streams: error reading from stream bar-orders: dial tcp [::1]:6379: connect: connection refused" app_id=bar-service component="orderpubsub (pubsub.redis/v1)" instance=Mac.fritz.box scope=dapr.contrib type=log ver=1.16.2
time="2025-11-14T13:11:55.669556+01:00" level=error msg="redis streams: error reading from stream bar-orders: dial tcp [::1]:6379: connect: connection refused" app_id=bar-service component="orderpubsub (pubsub.redis/v1)" instance=Mac.fritz.box scope=dapr.contrib type=log ver=1.16.2
time="2025-11-14T13:11:55.741768+01:00" level=error msg="redis streams: error reading from stream bar-orders: dial tcp [::1]:6379: connect: connection refused" app_id=bar-service component="orderpubsub (pubsub.redis/v1)" instance=Mac.fritz.box scope=dapr.contrib type=log ver=1.16.2
time="2025-11-14T13:11:55.834895+01:00" level=error msg="redis streams: error reading from stream bar-orders: dial tcp [::1]:6379: connect: connection refused" app_id=bar-service component="orderpubsub (pubsub.redis/v1)" instance=Mac.fritz.box scope=dapr.contrib type=log ver=1.16.2
time="2025-11-14T13:11:55.917141+01:00" level=error msg="redis streams: error reading from stream bar-orders: dial tcp [::1]:6379: connect: connection refused" app_id=bar-service component="orderpubsub (pubsub.redis/v1)" instance=Mac.fritz.box scope=dapr.contrib type=log ver=1.16.2
time="2025-11-14T13:11:56.03736+01:00" level=error msg="redis streams: error reading from stream bar-orders: dial tcp [::1]:6379: connect: connection refused" app_id=bar-service component="orderpubsub (pubsub.redis/v1)" instance=Mac.fritz.box scope=dapr.contrib type=log ver=1.16.2
time="2025-11-14T13:11:56.138549+01:00" level=error msg="redis streams: error reading from stream bar-orders: dial tcp [::1]:6379: connect: connection refused" app_id=bar-service component="orderpubsub (pubsub.redis/v1)" instance=Mac.fritz.box scope=dapr.contrib type=log ver=1.16.2
time="2025-11-14T13:11:56.224516+01:00" level=error msg="redis streams: error reading from stream bar-orders: dial tcp [::1]:6379: connect: connection refused" app_id=bar-service component="orderpubsub (pubsub.redis/v1)" instance=Mac.fritz.box scope=dapr.contrib type=log ver=1.16.2
time="2025-11-14T13:11:56.267497+01:00" level=error msg="redis streams: error reading from stream bar-orders: dial tcp [::1]:6379: connect: connection refused" app_id=bar-service component="orderpubsub (pubsub.redis/v1)" instance=Mac.fritz.box scope=dapr.contrib type=log ver=1.16.2
time="2025-11-14T13:11:56.370976+01:00" level=error msg="redis streams: error reading from stream bar-orders: dial tcp [::1]:6379: connect: connection refused" app_id=bar-service component="orderpubsub (pubsub.redis/v1)" instance=Mac.fritz.box scope=dapr.contrib type=log ver=1.16.2
time="2025-11-14T13:11:56.449984+01:00" level=error msg="redis streams: error reading from stream bar-orders: dial tcp [::1]:6379: connect: connection refused" app_id=bar-service component="orderpubsub (pubsub.redis/v1)" instance=Mac.fritz.box scope=dapr.contrib type=log ver=1.16.2
time="2025-11-14T13:11:56.505236+01:00" level=error msg="redis streams: error reading from stream bar-orders: dial tcp [::1]:6379: connect: connection refused" app_id=bar-service component="orderpubsub (pubsub.redis/v1)" instance=Mac.fritz.box scope=dapr.contrib type=log ver=1.16.2
time="2025-11-14T13:11:56.598732+01:00" level=error msg="redis streams: error reading from stream bar-orders: dial tcp [::1]:6379: connect: connection refused" app_id=bar-service component="orderpubsub (pubsub.redis/v1)" instance=Mac.fritz.box scope=dapr.contrib type=log ver=1.16.2
time="2025-11-14T13:11:56.661863+01:00" level=error msg="redis streams: error reading from stream bar-orders: dial tcp [::1]:6379: connect: connection refused" app_id=bar-service component="orderpubsub (pubsub.redis/v1)" instance=Mac.fritz.box scope=dapr.contrib type=log ver=1.16.2
time="2025-11-14T13:11:56.772607+01:00" level=error msg="redis streams: error reading from stream bar-orders: dial tcp [::1]:6379: connect: connection refused" app_id=bar-service component="orderpubsub (pubsub.redis/v1)" instance=Mac.fritz.box scope=dapr.contrib type=log ver=1.16.2
time="2025-11-14T13:11:56.840357+01:00" level=error msg="redis streams: error reading from stream bar-orders: dial tcp [::1]:6379: connect: connection refused" app_id=bar-service component="orderpubsub (pubsub.redis/v1)" instance=Mac.fritz.box scope=dapr.contrib type=log ver=1.16.2
time="2025-11-14T13:11:56.935119+01:00" level=error msg="redis streams: error reading from stream bar-orders: dial tcp [::1]:6379: connect: connection refused" app_id=bar-service component="orderpubsub (pubsub.redis/v1)" instance=Mac.fritz.box scope=dapr.contrib type=log ver=1.16.2
time="2025-11-14T13:11:57.019191+01:00" level=error msg="redis streams: error reading from stream bar-orders: dial tcp [::1]:6379: connect: connection refused" app_id=bar-service component="orderpubsub (pubsub.redis/v1)" instance=Mac.fritz.box scope=dapr.contrib type=log ver=1.16.2
time="2025-11-14T13:11:57.134013+01:00" level=error msg="redis streams: error reading from stream bar-orders: dial tcp [::1]:6379: connect: connection refused" app_id=bar-service component="orderpubsub (pubsub.redis/v1)" instance=Mac.fritz.box scope=dapr.contrib type=log ver=1.16.2
time="2025-11-14T13:11:57.21384+01:00" level=error msg="redis streams: error reading from stream bar-orders: dial tcp [::1]:6379: connect: connection refused" app_id=bar-service component="orderpubsub (pubsub.redis/v1)" instance=Mac.fritz.box scope=dapr.contrib type=log ver=1.16.2
time="2025-11-14T13:11:57.311184+01:00" level=error msg="redis streams: error reading from stream bar-orders: dial tcp [::1]:6379: connect: connection refused" app_id=bar-service component="orderpubsub (pubsub.redis/v1)" instance=Mac.fritz.box scope=dapr.contrib type=log ver=1.16.2
time="2025-11-14T13:11:57.402894+01:00" level=error msg="redis streams: error reading from stream bar-orders: dial tcp [::1]:6379: connect: connection refused" app_id=bar-service component="orderpubsub (pubsub.redis/v1)" instance=Mac.fritz.box scope=dapr.contrib type=log ver=1.16.2
time="2025-11-14T13:11:57.46063+01:00" level=error msg="redis streams: error reading from stream bar-orders: dial tcp [::1]:6379: connect: connection refused" app_id=bar-service component="orderpubsub (pubsub.redis/v1)" instance=Mac.fritz.box scope=dapr.contrib type=log ver=1.16.2
time="2025-11-14T13:11:57.561544+01:00" level=error msg="redis streams: error reading from stream bar-orders: dial tcp [::1]:6379: connect: connection refused" app_id=bar-service component="orderpubsub (pubsub.redis/v1)" instance=Mac.fritz.box scope=dapr.contrib type=log ver=1.16.2
time="2025-11-14T13:11:57.62064+01:00" level=error msg="redis streams: error reading from stream bar-orders: dial tcp [::1]:6379: connect: connection refused" app_id=bar-service component="orderpubsub (pubsub.redis/v1)" instance=Mac.fritz.box scope=dapr.contrib type=log ver=1.16.2
time="2025-11-14T13:11:57.726469+01:00" level=error msg="redis streams: error reading from stream bar-orders: dial tcp [::1]:6379: connect: connection refused" app_id=bar-service component="orderpubsub (pubsub.redis/v1)" instance=Mac.fritz.box scope=dapr.contrib type=log ver=1.16.2
time="2025-11-14T13:11:57.807839+01:00" level=error msg="redis streams: error reading from stream bar-orders: dial tcp [::1]:6379: connect: connection refused" app_id=bar-service component="orderpubsub (pubsub.redis/v1)" instance=Mac.fritz.box scope=dapr.contrib type=log ver=1.16.2
time="2025-11-14T13:11:57.874357+01:00" level=error msg="redis streams: error reading from stream bar-orders: dial tcp [::1]:6379: connect: connection refused" app_id=bar-service component="orderpubsub (pubsub.redis/v1)" instance=Mac.fritz.box scope=dapr.contrib type=log ver=1.16.2
time="2025-11-14T13:11:57.951182+01:00" level=error msg="redis streams: error reading from stream bar-orders: dial tcp [::1]:6379: connect: connection refused" app_id=bar-service component="orderpubsub (pubsub.redis/v1)" instance=Mac.fritz.box scope=dapr.contrib type=log ver=1.16.2
time="2025-11-14T13:11:58.029757+01:00" level=error msg="redis streams: error reading from stream bar-orders: dial tcp [::1]:6379: connect: connection refused" app_id=bar-service component="orderpubsub (pubsub.redis/v1)" instance=Mac.fritz.box scope=dapr.contrib type=log ver=1.16.2
time="2025-11-14T13:11:58.089007+01:00" level=error msg="redis streams: error reading from stream bar-orders: dial tcp [::1]:6379: connect: connection refused" app_id=bar-service component="orderpubsub (pubsub.redis/v1)" instance=Mac.fritz.box scope=dapr.contrib type=log ver=1.16.2
time="2025-11-14T13:11:58.148657+01:00" level=error msg="redis streams: error reading from stream bar-orders: dial tcp [::1]:6379: connect: connection refused" app_id=bar-service component="orderpubsub (pubsub.redis/v1)" instance=Mac.fritz.box scope=dapr.contrib type=log ver=1.16.2
time="2025-11-14T13:11:58.245837+01:00" level=error msg="redis streams: error reading from stream bar-orders: dial tcp [::1]:6379: connect: connection refused" app_id=bar-service component="orderpubsub (pubsub.redis/v1)" instance=Mac.fritz.box scope=dapr.contrib type=log ver=1.16.2
time="2025-11-14T13:11:58.31608+01:00" level=error msg="redis streams: error reading from stream bar-orders: dial tcp [::1]:6379: connect: connection refused" app_id=bar-service component="orderpubsub (pubsub.redis/v1)" instance=Mac.fritz.box scope=dapr.contrib type=log ver=1.16.2
time="2025-11-14T13:11:58.381402+01:00" level=error msg="redis streams: error reading from stream bar-orders: dial tcp [::1]:6379: connect: connection refused" app_id=bar-service component="orderpubsub (pubsub.redis/v1)" instance=Mac.fritz.box scope=dapr.contrib type=log ver=1.16.2
time="2025-11-14T13:11:58.438592+01:00" level=error msg="redis streams: error reading from stream bar-orders: dial tcp [::1]:6379: connect: connection refused" app_id=bar-service component="orderpubsub (pubsub.redis/v1)" instance=Mac.fritz.box scope=dapr.contrib type=log ver=1.16.2
time="2025-11-14T13:11:58.512002+01:00" level=error msg="redis streams: error reading from stream bar-orders: dial tcp [::1]:6379: connect: connection refused" app_id=bar-service component="orderpubsub (pubsub.redis/v1)" instance=Mac.fritz.box scope=dapr.contrib type=log ver=1.16.2
time="2025-11-14T13:11:58.599022+01:00" level=error msg="redis streams: error reading from stream bar-orders: dial tcp [::1]:6379: connect: connection refused" app_id=bar-service component="orderpubsub (pubsub.redis/v1)" instance=Mac.fritz.box scope=dapr.contrib type=log ver=1.16.2
time="2025-11-14T13:11:58.694765+01:00" level=error msg="redis streams: error reading from stream bar-orders: dial tcp [::1]:6379: connect: connection refused" app_id=bar-service component="orderpubsub (pubsub.redis/v1)" instance=Mac.fritz.box scope=dapr.contrib type=log ver=1.16.2
time="2025-11-14T13:11:58.753771+01:00" level=error msg="redis streams: error reading from stream bar-orders: dial tcp [::1]:6379: connect: connection refused" app_id=bar-service component="orderpubsub (pubsub.redis/v1)" instance=Mac.fritz.box scope=dapr.contrib type=log ver=1.16.2
time="2025-11-14T13:11:58.861446+01:00" level=error msg="redis streams: error reading from stream bar-orders: dial tcp [::1]:6379: connect: connection refused" app_id=bar-service component="orderpubsub (pubsub.redis/v1)" instance=Mac.fritz.box scope=dapr.contrib type=log ver=1.16.2
time="2025-11-14T13:11:58.908653+01:00" level=error msg="redis streams: error reading from stream bar-orders: dial tcp [::1]:6379: connect: connection refused" app_id=bar-service component="orderpubsub (pubsub.redis/v1)" instance=Mac.fritz.box scope=dapr.contrib type=log ver=1.16.2
time="2025-11-14T13:11:58.973224+01:00" level=error msg="redis streams: error reading from stream bar-orders: dial tcp [::1]:6379: connect: connection refused" app_id=bar-service component="orderpubsub (pubsub.redis/v1)" instance=Mac.fritz.box scope=dapr.contrib type=log ver=1.16.2
time="2025-11-14T13:11:59.063668+01:00" level=error msg="redis streams: error reading from stream bar-orders: dial tcp [::1]:6379: connect: connection refused" app_id=bar-service component="orderpubsub (pubsub.redis/v1)" instance=Mac.fritz.box scope=dapr.contrib type=log ver=1.16.2
time="2025-11-14T13:11:59.141892+01:00" level=error msg="redis streams: error reading from stream bar-orders: dial tcp [::1]:6379: connect: connection refused" app_id=bar-service component="orderpubsub (pubsub.redis/v1)" instance=Mac.fritz.box scope=dapr.contrib type=log ver=1.16.2
time="2025-11-14T13:11:59.256849+01:00" level=error msg="redis streams: error reading from stream bar-orders: dial tcp [::1]:6379: connect: connection refused" app_id=bar-service component="orderpubsub (pubsub.redis/v1)" instance=Mac.fritz.box scope=dapr.contrib type=log ver=1.16.2
time="2025-11-14T13:11:59.306795+01:00" level=error msg="redis streams: error reading from stream bar-orders: dial tcp [::1]:6379: connect: connection refused" app_id=bar-service component="orderpubsub (pubsub.redis/v1)" instance=Mac.fritz.box scope=dapr.contrib type=log ver=1.16.2
time="2025-11-14T13:11:59.433774+01:00" level=error msg="redis streams: error reading from stream bar-orders: dial tcp [::1]:6379: connect: connection refused" app_id=bar-service component="orderpubsub (pubsub.redis/v1)" instance=Mac.fritz.box scope=dapr.contrib type=log ver=1.16.2
time="2025-11-14T13:11:59.472104+01:00" level=error msg="redis streams: error reading from stream bar-orders: dial tcp [::1]:6379: connect: connection refused" app_id=bar-service component="orderpubsub (pubsub.redis/v1)" instance=Mac.fritz.box scope=dapr.contrib type=log ver=1.16.2
time="2025-11-14T13:11:59.5423+01:00" level=error msg="redis streams: error reading from stream bar-orders: dial tcp [::1]:6379: connect: connection refused" app_id=bar-service component="orderpubsub (pubsub.redis/v1)" instance=Mac.fritz.box scope=dapr.contrib type=log ver=1.16.2
time="2025-11-14T13:11:59.617279+01:00" level=error msg="redis streams: error reading from stream bar-orders: dial tcp [::1]:6379: connect: connection refused" app_id=bar-service component="orderpubsub (pubsub.redis/v1)" instance=Mac.fritz.box scope=dapr.contrib type=log ver=1.16.2
time="2025-11-14T13:11:59.726124+01:00" level=error msg="redis streams: error reading from stream bar-orders: dial tcp [::1]:6379: connect: connection refused" app_id=bar-service component="orderpubsub (pubsub.redis/v1)" instance=Mac.fritz.box scope=dapr.contrib type=log ver=1.16.2
time="2025-11-14T13:11:59.784542+01:00" level=error msg="redis streams: error reading from stream bar-orders: dial tcp [::1]:6379: connect: connection refused" app_id=bar-service component="orderpubsub (pubsub.redis/v1)" instance=Mac.fritz.box scope=dapr.contrib type=log ver=1.16.2
time="2025-11-14T13:11:59.835096+01:00" level=error msg="redis streams: error reading from stream bar-orders: dial tcp [::1]:6379: connect: connection refused" app_id=bar-service component="orderpubsub (pubsub.redis/v1)" instance=Mac.fritz.box scope=dapr.contrib type=log ver=1.16.2
time="2025-11-14T13:11:59.847119+01:00" level=error msg="error retrieving pending Redis messages: dial tcp [::1]:6379: connect: connection refused" app_id=bar-service component="orderpubsub (pubsub.redis/v1)" instance=Mac.fritz.box scope=dapr.contrib type=log ver=1.16.2
time="2025-11-14T13:11:59.926778+01:00" level=error msg="redis streams: error reading from stream bar-orders: dial tcp [::1]:6379: connect: connection refused" app_id=bar-service component="orderpubsub (pubsub.redis/v1)" instance=Mac.fritz.box scope=dapr.contrib type=log ver=1.16.2
time="2025-11-14T13:11:59.977179+01:00" level=error msg="redis streams: error reading from stream bar-orders: dial tcp [::1]:6379: connect: connection refused" app_id=bar-service component="orderpubsub (pubsub.redis/v1)" instance=Mac.fritz.box scope=dapr.contrib type=log ver=1.16.2
time="2025-11-14T13:12:00.055606+01:00" level=error msg="redis streams: error reading from stream bar-orders: dial tcp [::1]:6379: connect: connection refused" app_id=bar-service component="orderpubsub (pubsub.redis/v1)" instance=Mac.fritz.box scope=dapr.contrib type=log ver=1.16.2
time="2025-11-14T13:12:00.149329+01:00" level=error msg="redis streams: error reading from stream bar-orders: dial tcp [::1]:6379: connect: connection refused" app_id=bar-service component="orderpubsub (pubsub.redis/v1)" instance=Mac.fritz.box scope=dapr.contrib type=log ver=1.16.2
time="2025-11-14T13:12:00.201314+01:00" level=error msg="redis streams: error reading from stream bar-orders: dial tcp [::1]:6379: connect: connection refused" app_id=bar-service component="orderpubsub (pubsub.redis/v1)" instance=Mac.fritz.box scope=dapr.contrib type=log ver=1.16.2
time="2025-11-14T13:12:00.315152+01:00" level=error msg="redis streams: error reading from stream bar-orders: dial tcp [::1]:6379: connect: connection refused" app_id=bar-service component="orderpubsub (pubsub.redis/v1)" instance=Mac.fritz.box scope=dapr.contrib type=log ver=1.16.2
time="2025-11-14T13:12:00.417118+01:00" level=error msg="redis streams: error reading from stream bar-orders: dial tcp [::1]:6379: connect: connection refused" app_id=bar-service component="orderpubsub (pubsub.redis/v1)" instance=Mac.fritz.box scope=dapr.contrib type=log ver=1.16.2
time="2025-11-14T13:12:00.518839+01:00" level=error msg="redis streams: error reading from stream bar-orders: dial tcp [::1]:6379: connect: connection refused" app_id=bar-service component="orderpubsub (pubsub.redis/v1)" instance=Mac.fritz.box scope=dapr.contrib type=log ver=1.16.2
time="2025-11-14T13:12:00.620614+01:00" level=error msg="redis streams: error reading from stream bar-orders: dial tcp [::1]:6379: connect: connection refused" app_id=bar-service component="orderpubsub (pubsub.redis/v1)" instance=Mac.fritz.box scope=dapr.contrib type=log ver=1.16.2
time="2025-11-14T13:12:00.69178+01:00" level=error msg="redis streams: error reading from stream bar-orders: dial tcp [::1]:6379: connect: connection refused" app_id=bar-service component="orderpubsub (pubsub.redis/v1)" instance=Mac.fritz.box scope=dapr.contrib type=log ver=1.16.2
time="2025-11-14T13:12:00.741535+01:00" level=error msg="redis streams: error reading from stream bar-orders: dial tcp [::1]:6379: connect: connection refused" app_id=bar-service component="orderpubsub (pubsub.redis/v1)" instance=Mac.fritz.box scope=dapr.contrib type=log ver=1.16.2
time="2025-11-14T13:12:00.819452+01:00" level=error msg="redis streams: error reading from stream bar-orders: dial tcp [::1]:6379: connect: connection refused" app_id=bar-service component="orderpubsub (pubsub.redis/v1)" instance=Mac.fritz.box scope=dapr.contrib type=log ver=1.16.2
time="2025-11-14T13:12:00.890014+01:00" level=error msg="redis streams: error reading from stream bar-orders: dial tcp [::1]:6379: connect: connection refused" app_id=bar-service component="orderpubsub (pubsub.redis/v1)" instance=Mac.fritz.box scope=dapr.contrib type=log ver=1.16.2
time="2025-11-14T13:12:00.979429+01:00" level=error msg="redis streams: error reading from stream bar-orders: dial tcp [::1]:6379: connect: connection refused" app_id=bar-service component="orderpubsub (pubsub.redis/v1)" instance=Mac.fritz.box scope=dapr.contrib type=log ver=1.16.2
time="2025-11-14T13:12:01.059011+01:00" level=error msg="redis streams: error reading from stream bar-orders: dial tcp [::1]:6379: connect: connection refused" app_id=bar-service component="orderpubsub (pubsub.redis/v1)" instance=Mac.fritz.box scope=dapr.contrib type=log ver=1.16.2
time="2025-11-14T13:12:01.113215+01:00" level=error msg="redis streams: error reading from stream bar-orders: dial tcp [::1]:6379: connect: connection refused" app_id=bar-service component="orderpubsub (pubsub.redis/v1)" instance=Mac.fritz.box scope=dapr.contrib type=log ver=1.16.2
time="2025-11-14T13:12:01.161055+01:00" level=error msg="redis streams: error reading from stream bar-orders: dial tcp [::1]:6379: connect: connection refused" app_id=bar-service component="orderpubsub (pubsub.redis/v1)" instance=Mac.fritz.box scope=dapr.contrib type=log ver=1.16.2
time="2025-11-14T13:12:01.260139+01:00" level=error msg="redis streams: error reading from stream bar-orders: dial tcp [::1]:6379: connect: connection refused" app_id=bar-service component="orderpubsub (pubsub.redis/v1)" instance=Mac.fritz.box scope=dapr.contrib type=log ver=1.16.2
time="2025-11-14T13:12:01.308578+01:00" level=error msg="redis streams: error reading from stream bar-orders: dial tcp [::1]:6379: connect: connection refused" app_id=bar-service component="orderpubsub (pubsub.redis/v1)" instance=Mac.fritz.box scope=dapr.contrib type=log ver=1.16.2
time="2025-11-14T13:12:01.405334+01:00" level=error msg="redis streams: error reading from stream bar-orders: dial tcp [::1]:6379: connect: connection refused" app_id=bar-service component="orderpubsub (pubsub.redis/v1)" instance=Mac.fritz.box scope=dapr.contrib type=log ver=1.16.2
time="2025-11-14T13:12:01.507527+01:00" level=error msg="redis streams: error reading from stream bar-orders: dial tcp [::1]:6379: connect: connection refused" app_id=bar-service component="orderpubsub (pubsub.redis/v1)" instance=Mac.fritz.box scope=dapr.contrib type=log ver=1.16.2
time="2025-11-14T13:12:01.587832+01:00" level=error msg="redis streams: error reading from stream bar-orders: dial tcp [::1]:6379: connect: connection refused" app_id=bar-service component="orderpubsub (pubsub.redis/v1)" instance=Mac.fritz.box scope=dapr.contrib type=log ver=1.16.2
time="2025-11-14T13:12:01.710391+01:00" level=error msg="redis streams: error reading from stream bar-orders: dial tcp [::1]:6379: connect: connection refused" app_id=bar-service component="orderpubsub (pubsub.redis/v1)" instance=Mac.fritz.box scope=dapr.contrib type=log ver=1.16.2
time="2025-11-14T13:12:01.782586+01:00" level=error msg="redis streams: error reading from stream bar-orders: dial tcp [::1]:6379: connect: connection refused" app_id=bar-service component="orderpubsub (pubsub.redis/v1)" instance=Mac.fritz.box scope=dapr.contrib type=log ver=1.16.2
time="2025-11-14T13:12:01.83009+01:00" level=error msg="redis streams: error reading from stream bar-orders: dial tcp [::1]:6379: connect: connection refused" app_id=bar-service component="orderpubsub (pubsub.redis/v1)" instance=Mac.fritz.box scope=dapr.contrib type=log ver=1.16.2
time="2025-11-14T13:12:01.879452+01:00" level=error msg="redis streams: error reading from stream bar-orders: dial tcp [::1]:6379: connect: connection refused" app_id=bar-service component="orderpubsub (pubsub.redis/v1)" instance=Mac.fritz.box scope=dapr.contrib type=log ver=1.16.2
time="2025-11-14T13:12:01.958351+01:00" level=error msg="redis streams: error reading from stream bar-orders: dial tcp [::1]:6379: connect: connection refused" app_id=bar-service component="orderpubsub (pubsub.redis/v1)" instance=Mac.fritz.box scope=dapr.contrib type=log ver=1.16.2
time="2025-11-14T13:12:02.082137+01:00" level=error msg="redis streams: error reading from stream bar-orders: dial tcp [::1]:6379: connect: connection refused" app_id=bar-service component="orderpubsub (pubsub.redis/v1)" instance=Mac.fritz.box scope=dapr.contrib type=log ver=1.16.2
time="2025-11-14T13:12:02.200343+01:00" level=error msg="redis streams: error reading from stream bar-orders: dial tcp [::1]:6379: connect: connection refused" app_id=bar-service component="orderpubsub (pubsub.redis/v1)" instance=Mac.fritz.box scope=dapr.contrib type=log ver=1.16.2
time="2025-11-14T13:12:02.310261+01:00" level=error msg="redis streams: error reading from stream bar-orders: dial tcp [::1]:6379: connect: connection refused" app_id=bar-service component="orderpubsub (pubsub.redis/v1)" instance=Mac.fritz.box scope=dapr.contrib type=log ver=1.16.2
time="2025-11-14T13:12:02.387924+01:00" level=error msg="redis streams: error reading from stream bar-orders: dial tcp [::1]:6379: connect: connection refused" app_id=bar-service component="orderpubsub (pubsub.redis/v1)" instance=Mac.fritz.box scope=dapr.contrib type=log ver=1.16.2
time="2025-11-14T13:12:02.514054+01:00" level=error msg="redis streams: error reading from stream bar-orders: dial tcp [::1]:6379: connect: connection refused" app_id=bar-service component="orderpubsub (pubsub.redis/v1)" instance=Mac.fritz.box scope=dapr.contrib type=log ver=1.16.2
time="2025-11-14T13:12:02.611395+01:00" level=error msg="redis streams: error reading from stream bar-orders: dial tcp [::1]:6379: connect: connection refused" app_id=bar-service component="orderpubsub (pubsub.redis/v1)" instance=Mac.fritz.box scope=dapr.contrib type=log ver=1.16.2
time="2025-11-14T13:12:02.686955+01:00" level=error msg="redis streams: error reading from stream bar-orders: dial tcp [::1]:6379: connect: connection refused" app_id=bar-service component="orderpubsub (pubsub.redis/v1)" instance=Mac.fritz.box scope=dapr.contrib type=log ver=1.16.2
time="2025-11-14T13:12:02.741668+01:00" level=error msg="redis streams: error reading from stream bar-orders: dial tcp [::1]:6379: connect: connection refused" app_id=bar-service component="orderpubsub (pubsub.redis/v1)" instance=Mac.fritz.box scope=dapr.contrib type=log ver=1.16.2
time="2025-11-14T13:12:02.839297+01:00" level=error msg="redis streams: error reading from stream bar-orders: dial tcp [::1]:6379: connect: connection refused" app_id=bar-service component="orderpubsub (pubsub.redis/v1)" instance=Mac.fritz.box scope=dapr.contrib type=log ver=1.16.2
time="2025-11-14T13:12:02.904144+01:00" level=error msg="redis streams: error reading from stream bar-orders: dial tcp [::1]:6379: connect: connection refused" app_id=bar-service component="orderpubsub (pubsub.redis/v1)" instance=Mac.fritz.box scope=dapr.contrib type=log ver=1.16.2
time="2025-11-14T13:12:02.965538+01:00" level=error msg="redis streams: error reading from stream bar-orders: dial tcp [::1]:6379: connect: connection refused" app_id=bar-service component="orderpubsub (pubsub.redis/v1)" instance=Mac.fritz.box scope=dapr.contrib type=log ver=1.16.2
time="2025-11-14T13:12:03.007724+01:00" level=error msg="redis streams: error reading from stream bar-orders: dial tcp [::1]:6379: connect: connection refused" app_id=bar-service component="orderpubsub (pubsub.redis/v1)" instance=Mac.fritz.box scope=dapr.contrib type=log ver=1.16.2
time="2025-11-14T13:12:03.046175+01:00" level=error msg="redis streams: error reading from stream bar-orders: dial tcp [::1]:6379: connect: connection refused" app_id=bar-service component="orderpubsub (pubsub.redis/v1)" instance=Mac.fritz.box scope=dapr.contrib type=log ver=1.16.2
time="2025-11-14T13:12:03.151146+01:00" level=error msg="redis streams: error reading from stream bar-orders: dial tcp [::1]:6379: connect: connection refused" app_id=bar-service component="orderpubsub (pubsub.redis/v1)" instance=Mac.fritz.box scope=dapr.contrib type=log ver=1.16.2
time="2025-11-14T13:12:03.20314+01:00" level=error msg="redis streams: error reading from stream bar-orders: dial tcp [::1]:6379: connect: connection refused" app_id=bar-service component="orderpubsub (pubsub.redis/v1)" instance=Mac.fritz.box scope=dapr.contrib type=log ver=1.16.2
time="2025-11-14T13:12:03.281844+01:00" level=error msg="redis streams: error reading from stream bar-orders: dial tcp [::1]:6379: connect: connection refused" app_id=bar-service component="orderpubsub (pubsub.redis/v1)" instance=Mac.fritz.box scope=dapr.contrib type=log ver=1.16.2
time="2025-11-14T13:12:03.366036+01:00" level=error msg="redis streams: error reading from stream bar-orders: dial tcp [::1]:6379: connect: connection refused" app_id=bar-service component="orderpubsub (pubsub.redis/v1)" instance=Mac.fritz.box scope=dapr.contrib type=log ver=1.16.2
time="2025-11-14T13:12:03.450061+01:00" level=error msg="redis streams: error reading from stream bar-orders: dial tcp [::1]:6379: connect: connection refused" app_id=bar-service component="orderpubsub (pubsub.redis/v1)" instance=Mac.fritz.box scope=dapr.contrib type=log ver=1.16.2
time="2025-11-14T13:12:03.550202+01:00" level=error msg="redis streams: error reading from stream bar-orders: dial tcp [::1]:6379: connect: connection refused" app_id=bar-service component="orderpubsub (pubsub.redis/v1)" instance=Mac.fritz.box scope=dapr.contrib type=log ver=1.16.2
time="2025-11-14T13:12:03.668474+01:00" level=error msg="redis streams: error reading from stream bar-orders: dial tcp [::1]:6379: connect: connection refused" app_id=bar-service component="orderpubsub (pubsub.redis/v1)" instance=Mac.fritz.box scope=dapr.contrib type=log ver=1.16.2
time="2025-11-14T13:12:03.716913+01:00" level=error msg="redis streams: error reading from stream bar-orders: dial tcp [::1]:6379: connect: connection refused" app_id=bar-service component="orderpubsub (pubsub.redis/v1)" instance=Mac.fritz.box scope=dapr.contrib type=log ver=1.16.2
time="2025-11-14T13:12:03.735058+01:00" level=warning msg="redis streams: consumer group bar-service does not exist for stream bar-orders. This could mean the server experienced data loss, or the group/stream was deleted." app_id=bar-service component="orderpubsub (pubsub.redis/v1)" instance=Mac.fritz.box scope=dapr.contrib type=log ver=1.16.2
time="2025-11-14T13:12:03.735128+01:00" level=warning msg="redis streams: recreating group bar-service for stream bar-orders" app_id=bar-service component="orderpubsub (pubsub.redis/v1)" instance=Mac.fritz.box scope=dapr.contrib type=log ver=1.16.2
time="2025-11-14T13:12:03.735948+01:00" level=error msg="redis streams: error reading from stream bar-orders: NOGROUP No such key 'bar-orders' or consumer group 'bar-service' in XREADGROUP with GROUP option" app_id=bar-service component="orderpubsub (pubsub.redis/v1)" instance=Mac.fritz.box scope=dapr.contrib type=log ver=1.16.2
time="2025-11-14T13:26:23.880862+01:00" level=info msg="Received signal 'interrupt'; beginning shutdown" app_id=bar-service instance=Mac.fritz.box scope=dapr.signals type=log ver=1.16.2
time="2025-11-14T13:26:23.8812+01:00" level=info msg="backend stopping..." app_id=bar-service instance=Mac.fritz.box scope=dapr.wfengine.durabletask.backend type=log ver=1.16.2
time="2025-11-14T13:26:23.881249+01:00" level=info msg="workers stopping and draining..." app_id=bar-service instance=Mac.fritz.box scope=dapr.wfengine.durabletask.backend type=log ver=1.16.2
time="2025-11-14T13:26:23.881278+01:00" level=info msg="orchestration-processor: worker stopped" app_id=bar-service instance=Mac.fritz.box scope=dapr.wfengine.durabletask.backend type=log ver=1.16.2
time="2025-11-14T13:26:23.881299+01:00" level=info msg="Actor runtime shutting down" app_id=bar-service instance=Mac.fritz.box scope=dapr.runtime.actor type=log ver=1.16.2
time="2025-11-14T13:26:23.88133+01:00" level=info msg="activity-processor: worker stopped" app_id=bar-service instance=Mac.fritz.box scope=dapr.wfengine.durabletask.backend type=log ver=1.16.2
time="2025-11-14T13:26:23.881294+01:00" level=info msg="Scheduler stream disconnected" app_id=bar-service instance=Mac.fritz.box scope=dapr.runtime.scheduler.cluster type=log ver=1.16.2
time="2025-11-14T13:26:23.88133+01:00" level=info msg="Scheduler stream disconnected" app_id=bar-service instance=Mac.fritz.box scope=dapr.runtime.scheduler.cluster type=log ver=1.16.2
time="2025-11-14T13:26:23.881332+01:00" level=info msg="Scheduler stream disconnected" app_id=bar-service instance=Mac.fritz.box scope=dapr.runtime.scheduler.cluster type=log ver=1.16.2
time="2025-11-14T13:26:23.881444+01:00" level=error msg="Error communicating with placement: rpc error: code = Canceled desc = context canceled" app_id=bar-service instance=Mac.fritz.box scope=dapr.runtime.actors.placement.client type=log ver=1.16.2
time="2025-11-14T13:26:23.881376+01:00" level=info msg="finished stopping and draining workers!" app_id=bar-service instance=Mac.fritz.box scope=dapr.wfengine.durabletask.backend type=log ver=1.16.2
time="2025-11-14T13:26:23.881628+01:00" level=info msg="Workflow engine stopped" app_id=bar-service instance=Mac.fritz.box scope=dapr.runtime.wfengine type=log ver=1.16.2
time="2025-11-14T13:26:23.882086+01:00" level=info msg="Actor runtime stopped" app_id=bar-service instance=Mac.fritz.box scope=dapr.runtime.actor type=log ver=1.16.2
time="2025-11-14T13:26:23.882333+01:00" level=info msg="Dapr is shutting down" app_id=bar-service instance=Mac.fritz.box scope=dapr.runtime type=log ver=1.16.2
time="2025-11-14T13:26:23.88246+01:00" level=info msg="Closing HTTP server [::]:3503…" app_id=bar-service instance=Mac.fritz.box scope=dapr.runtime.http type=log ver=1.16.2
time="2025-11-14T13:26:23.882532+01:00" level=info msg="stopping mDNS server for app id: bar-service" app_id=bar-service component="nr (mdns/v1)" instance=Mac.fritz.box scope=dapr.contrib type=log ver=1.16.2
time="2025-11-14T13:26:23.882613+01:00" level=info msg="Shutting down component orderpubsub (pubsub.redis/v1)" app_id=bar-service instance=Mac.fritz.box scope=dapr.runtime type=log ver=1.16.2
time="2025-11-14T13:26:23.882877+01:00" level=info msg="Shutting down component statestore (state.redis/v1)" app_id=bar-service instance=Mac.fritz.box scope=dapr.runtime type=log ver=1.16.2
time="2025-11-14T13:26:23.883089+01:00" level=info msg="Dapr runtime stopped" app_id=bar-service instance=Mac.fritz.box scope=dapr.runtime type=log ver=1.16.2

termination signal received: shutting down
Exited Dapr successfully
Exited App successfully
