Starting Dapr with id bar-service. HTTP Port: 3503. gRPC Port: 54655
Updating metadata for cliPID: 21600
time="2025-11-14T13:05:35.16343+01:00" level=info msg="Starting Dapr Runtime -- version 1.16.2 -- commit 3c7722a8c5648354e24256993caf047bc8c80666" app_id=bar-service instance=Mac.fritz.box scope=dapr.runtime type=log ver=1.16.2
time="2025-11-14T13:05:35.163465+01:00" level=info msg="Log level set to: info" app_id=bar-service instance=Mac.fritz.box scope=dapr.runtime type=log ver=1.16.2
time="2025-11-14T13:05:35.163578+01:00" level=warning msg="mTLS is disabled. Skipping certificate request and tls validation" app_id=bar-service instance=Mac.fritz.box scope=dapr.runtime.security type=log ver=1.16.2
time="2025-11-14T13:05:35.163947+01:00" level=info msg="Enabled features: SchedulerReminders" app_id=bar-service instance=Mac.fritz.box scope=dapr.runtime type=log ver=1.16.2
time="2025-11-14T13:05:35.164+01:00" level=info msg="metric spec: {\"enabled\":true}" app_id=bar-service instance=Mac.fritz.box scope=dapr.runtime.diagnostics type=log ver=1.16.2
time="2025-11-14T13:05:35.164019+01:00" level=info msg="Using default latency distribution buckets: [1 2 3 4 5 6 8 10 13 16 20 25 30 40 50 65 80 100 130 160 200 250 300 400 500 650 800 1000 2000 5000 10000 20000 50000 100000]" app_id=bar-service instance=Mac.fritz.box scope=dapr.runtime.diagnostics type=log ver=1.16.2
time="2025-11-14T13:05:35.16408+01:00" level=warning msg="The default value for 'spec.metric.http.increasedCardinality' will change to 'false' in Dapr 1.15 or later" app_id=bar-service instance=Mac.fritz.box scope=dapr.runtime.diagnostics type=log ver=1.16.2
time="2025-11-14T13:05:35.164699+01:00" level=info msg="standalone mode configured" app_id=bar-service instance=Mac.fritz.box scope=dapr.runtime type=log ver=1.16.2
time="2025-11-14T13:05:35.164721+01:00" level=info msg="app id: bar-service" app_id=bar-service instance=Mac.fritz.box scope=dapr.runtime type=log ver=1.16.2
time="2025-11-14T13:05:35.164834+01:00" level=info msg="metrics server started on 0.0.0.0:54656/" app_id=bar-service instance=Mac.fritz.box scope=dapr.runtime type=log ver=1.16.2
time="2025-11-14T13:05:35.16487+01:00" level=info msg="Dapr trace sampler initialized: ParentBased{root:AlwaysOnSampler,remoteParentSampled:AlwaysOnSampler,remoteParentNotSampled:AlwaysOffSampler,localParentSampled:AlwaysOnSampler,localParentNotSampled:AlwaysOffSampler}" app_id=bar-service instance=Mac.fritz.box scope=dapr.runtime type=log ver=1.16.2
time="2025-11-14T13:05:35.165124+01:00" level=info msg="local service entry announced: bar-service -> 192.168.179.36:54657" app_id=bar-service component="nr (mdns/v1)" instance=Mac.fritz.box scope=dapr.contrib type=log ver=1.16.2
time="2025-11-14T13:05:35.165136+01:00" level=info msg="Initialized name resolution to mdns" app_id=bar-service instance=Mac.fritz.box scope=dapr.runtime type=log ver=1.16.2
time="2025-11-14T13:05:35.165212+01:00" level=info msg="Loading components…" app_id=bar-service instance=Mac.fritz.box scope=dapr.runtime type=log ver=1.16.2
time="2025-11-14T13:05:35.167894+01:00" level=info msg="Component loaded: orderpubsub (pubsub.redis/v1)" app_id=bar-service instance=Mac.fritz.box scope=dapr.runtime.processor type=log ver=1.16.2
time="2025-11-14T13:05:35.167949+01:00" level=info msg="Waiting for all outstanding components to be processed…" app_id=bar-service instance=Mac.fritz.box scope=dapr.runtime type=log ver=1.16.2
time="2025-11-14T13:05:35.169495+01:00" level=info msg="Connected and received scheduler hosts addresses: [localhost:50006]" app_id=bar-service instance=Mac.fritz.box scope=dapr.runtime.scheduler.watchhosts type=log ver=1.16.2
time="2025-11-14T13:05:35.169583+01:00" level=info msg="Scheduler client initialized for address: localhost:50006" app_id=bar-service instance=Mac.fritz.box scope=dapr.runtime.scheduler.clients type=log ver=1.16.2
time="2025-11-14T13:05:35.169594+01:00" level=info msg="Scheduler clients initialized" app_id=bar-service instance=Mac.fritz.box scope=dapr.runtime.scheduler.clients type=log ver=1.16.2
time="2025-11-14T13:05:35.170338+01:00" level=info msg="Using 'statestore' as actor state store" app_id=bar-service instance=Mac.fritz.box scope=dapr.runtime.processor.state type=log ver=1.16.2
time="2025-11-14T13:05:35.170376+01:00" level=info msg="Component loaded: statestore (state.redis/v1)" app_id=bar-service instance=Mac.fritz.box scope=dapr.runtime.processor type=log ver=1.16.2
time="2025-11-14T13:05:35.170387+01:00" level=info msg="All outstanding components processed" app_id=bar-service instance=Mac.fritz.box scope=dapr.runtime type=log ver=1.16.2
time="2025-11-14T13:05:35.170396+01:00" level=info msg="Loading endpoints…" app_id=bar-service instance=Mac.fritz.box scope=dapr.runtime type=log ver=1.16.2
time="2025-11-14T13:05:35.170587+01:00" level=info msg="Waiting for all outstanding http endpoints to be processed…" app_id=bar-service instance=Mac.fritz.box scope=dapr.runtime type=log ver=1.16.2
time="2025-11-14T13:05:35.170598+01:00" level=info msg="All outstanding http endpoints processed" app_id=bar-service instance=Mac.fritz.box scope=dapr.runtime type=log ver=1.16.2
time="2025-11-14T13:05:35.170604+01:00" level=info msg="Loading Declarative Subscriptions…" app_id=bar-service instance=Mac.fritz.box scope=dapr.runtime type=log ver=1.16.2
time="2025-11-14T13:05:35.170976+01:00" level=info msg="gRPC server listening on TCP address: :54655" app_id=bar-service instance=Mac.fritz.box scope=dapr.runtime.grpc.api type=log ver=1.16.2
time="2025-11-14T13:05:35.170985+01:00" level=info msg="Enabled gRPC tracing middleware" app_id=bar-service instance=Mac.fritz.box scope=dapr.runtime.grpc.api type=log ver=1.16.2
time="2025-11-14T13:05:35.170991+01:00" level=info msg="Enabled gRPC metrics middleware" app_id=bar-service instance=Mac.fritz.box scope=dapr.runtime.grpc.api type=log ver=1.16.2
time="2025-11-14T13:05:35.171026+01:00" level=info msg="Registering workflow engine for gRPC endpoint: [::]:54655" app_id=bar-service instance=Mac.fritz.box scope=dapr.runtime.grpc.api type=log ver=1.16.2
time="2025-11-14T13:05:35.171045+01:00" level=info msg="API gRPC server is running on port 54655" app_id=bar-service instance=Mac.fritz.box scope=dapr.runtime type=log ver=1.16.2
time="2025-11-14T13:05:35.171065+01:00" level=warning msg="The default value for 'spec.metric.http.increasedCardinality' will change to 'false' in Dapr 1.15 or later" app_id=bar-service instance=Mac.fritz.box scope=dapr.runtime.http type=log ver=1.16.2
time="2025-11-14T13:05:35.171103+01:00" level=info msg="Enabled max body size HTTP middleware with size 4194304 bytes" app_id=bar-service instance=Mac.fritz.box scope=dapr.runtime.http type=log ver=1.16.2
time="2025-11-14T13:05:35.17111+01:00" level=info msg="Enabled tracing HTTP middleware" app_id=bar-service instance=Mac.fritz.box scope=dapr.runtime.http type=log ver=1.16.2
time="2025-11-14T13:05:35.171115+01:00" level=info msg="Enabled metrics HTTP middleware" app_id=bar-service instance=Mac.fritz.box scope=dapr.runtime.http type=log ver=1.16.2
time="2025-11-14T13:05:35.171346+01:00" level=info msg="HTTP server listening on TCP address: :3503" app_id=bar-service instance=Mac.fritz.box scope=dapr.runtime.http type=log ver=1.16.2
time="2025-11-14T13:05:35.171381+01:00" level=info msg="HTTP server is running on port 3503" app_id=bar-service instance=Mac.fritz.box scope=dapr.runtime type=log ver=1.16.2
time="2025-11-14T13:05:35.17139+01:00" level=info msg="The request body size parameter is: 4194304 bytes" app_id=bar-service instance=Mac.fritz.box scope=dapr.runtime type=log ver=1.16.2
time="2025-11-14T13:05:35.171431+01:00" level=info msg="gRPC server listening on TCP address: :54657" app_id=bar-service instance=Mac.fritz.box scope=dapr.runtime.grpc.internal type=log ver=1.16.2
time="2025-11-14T13:05:35.171441+01:00" level=info msg="Enabled gRPC tracing middleware" app_id=bar-service instance=Mac.fritz.box scope=dapr.runtime.grpc.internal type=log ver=1.16.2
time="2025-11-14T13:05:35.171447+01:00" level=info msg="Enabled gRPC metrics middleware" app_id=bar-service instance=Mac.fritz.box scope=dapr.runtime.grpc.internal type=log ver=1.16.2
time="2025-11-14T13:05:35.171477+01:00" level=info msg="Internal gRPC server is running on :54657" app_id=bar-service instance=Mac.fritz.box scope=dapr.runtime type=log ver=1.16.2
time="2025-11-14T13:05:35.171484+01:00" level=info msg="application protocol: http. waiting on port 5003.  This will block until the app is listening on that port." app_id=bar-service instance=Mac.fritz.box scope=dapr.runtime type=log ver=1.16.2
time="2025-11-14T13:05:35.373274+01:00" level=info msg="application discovered on port 5003" app_id=bar-service instance=Mac.fritz.box scope=dapr.runtime type=log ver=1.16.2
time="2025-11-14T13:05:35.373465+01:00" level=info msg="Using Scheduler service for reminders." app_id=bar-service instance=Mac.fritz.box scope=dapr.runtime.actor.reminders.scheduler type=log ver=1.16.2
time="2025-11-14T13:05:35.373558+01:00" level=info msg="Actor runtime started" app_id=bar-service instance=Mac.fritz.box scope=dapr.runtime.actor type=log ver=1.16.2
time="2025-11-14T13:05:35.373574+01:00" level=info msg="worker started with backend dapr.actors/v1" app_id=bar-service instance=Mac.fritz.box scope=dapr.wfengine.durabletask.backend type=log ver=1.16.2
time="2025-11-14T13:05:35.373583+01:00" level=warning msg="Graceful shutdown timeout is infinite, will wait indefinitely to shutdown" app_id=bar-service instance=Mac.fritz.box scope=dapr.runtime.actor type=log ver=1.16.2
time="2025-11-14T13:05:35.373607+01:00" level=info msg="Workflow engine started" app_id=bar-service instance=Mac.fritz.box scope=dapr.runtime.wfengine type=log ver=1.16.2
time="2025-11-14T13:05:35.374728+01:00" level=info msg="Application configuration loaded" app_id=bar-service instance=Mac.fritz.box scope=dapr.runtime type=log ver=1.16.2
time="2025-11-14T13:05:35.375488+01:00" level=info msg="app is subscribed to the following topics: [[bar-orders]] through pubsub=orderpubsub" app_id=bar-service instance=Mac.fritz.box scope=dapr.runtime.processor.subscription type=log ver=1.16.2
time="2025-11-14T13:05:35.375863+01:00" level=info msg="dapr initialized. Status: Running. Init Elapsed 211ms" app_id=bar-service instance=Mac.fritz.box scope=dapr.runtime type=log ver=1.16.2
time="2025-11-14T13:05:35.375999+01:00" level=info msg="Reporting actor types: []" app_id=bar-service instance=Mac.fritz.box scope=dapr.runtime.actors.placement type=log ver=1.16.2
time="2025-11-14T13:05:35.376047+01:00" level=info msg="Scheduler stream connected for [JOB_TARGET_TYPE_JOB]" app_id=bar-service instance=Mac.fritz.box scope=dapr.runtime.scheduler.cluster type=log ver=1.16.2
time="2025-11-14T13:05:35.376081+01:00" level=info msg="Scheduler stream connected for [JOB_TARGET_TYPE_JOB]" app_id=bar-service instance=Mac.fritz.box scope=dapr.runtime.scheduler.cluster type=log ver=1.16.2
time="2025-11-14T13:05:35.376101+01:00" level=info msg="Scheduler stream connected for [JOB_TARGET_TYPE_JOB]" app_id=bar-service instance=Mac.fritz.box scope=dapr.runtime.scheduler.cluster type=log ver=1.16.2
time="2025-11-14T13:05:35.376146+01:00" level=info msg="Connected to placement localhost:50005" app_id=bar-service instance=Mac.fritz.box scope=dapr.runtime.actors.placement.client.connector.static type=log ver=1.16.2
time="2025-11-14T13:05:35.381471+01:00" level=info msg="Connected to placement localhost:50005" app_id=bar-service instance=Mac.fritz.box scope=dapr.runtime.actors.placement.client type=log ver=1.16.2
time="2025-11-14T13:05:35.38334+01:00" level=info msg="Placement tables updated, version: 0" app_id=bar-service instance=Mac.fritz.box scope=dapr.runtime.actors.placement type=log ver=1.16.2
time="2025-11-14T13:05:35.383377+01:00" level=info msg="Running actor reminder migration from state store to scheduler" app_id=bar-service instance=Mac.fritz.box scope=dapr.runtime.actors.reminders.migration type=log ver=1.16.2
time="2025-11-14T13:05:35.383389+01:00" level=info msg="Skipping migration, no missing scheduler reminders found" app_id=bar-service instance=Mac.fritz.box scope=dapr.runtime.actors.reminders.migration type=log ver=1.16.2
time="2025-11-14T13:05:35.383396+01:00" level=info msg="Found 0 missing scheduler reminders from state store" app_id=bar-service instance=Mac.fritz.box scope=dapr.runtime.actors.reminders.migration type=log ver=1.16.2
time="2025-11-14T13:05:35.383412+01:00" level=info msg="Migrated 0 reminders from state store to scheduler successfully" app_id=bar-service instance=Mac.fritz.box scope=dapr.runtime.actors.reminders.migration type=log ver=1.16.2
Updating metadata for app command: python app.py
Updating metadata for appPID: 21627
You're up and running! Dapr logs will appear here.


termination signal received: shutting down
Exited Dapr successfully
Exited App successfully
