== APP - bar-service == Traceback (most recent call last):
== APP - bar-service ==   File "/Users/manuelzapf/Projects/SantoDE/dapr-food-demo/bar-service/app.py", line 2, in <module>
== APP - bar-service ==     from dapr.clients import DaprClient
== APP - bar-service ==   File "/Users/manuelzapf/Projects/SantoDE/dapr-food-demo/.venv/lib/python3.11/site-packages/dapr/clients/__init__.py", line 22, in <module>
== APP - bar-service ==     from dapr.clients.http.dapr_actor_http_client import DaprActorHttpClient
== APP - bar-service ==   File "/Users/manuelzapf/Projects/SantoDE/dapr-food-demo/.venv/lib/python3.11/site-packages/dapr/clients/http/dapr_actor_http_client.py", line 23, in <module>
== APP - bar-service ==     from dapr.clients.http.client import DaprHttpClient
== APP - bar-service ==   File "/Users/manuelzapf/Projects/SantoDE/dapr-food-demo/.venv/lib/python3.11/site-packages/dapr/clients/http/client.py", line 16, in <module>
== APP - bar-service ==     import aiohttp
== APP - bar-service ==   File "/Users/manuelzapf/Projects/SantoDE/dapr-food-demo/.venv/lib/python3.11/site-packages/aiohttp/__init__.py", line 6, in <module>
== APP - bar-service ==     from .client import (
== APP - bar-service ==   File "/Users/manuelzapf/Projects/SantoDE/dapr-food-demo/.venv/lib/python3.11/site-packages/aiohttp/client.py", line 87, in <module>
== APP - bar-service ==     from .connector import (
== APP - bar-service ==   File "/Users/manuelzapf/Projects/SantoDE/dapr-food-demo/.venv/lib/python3.11/site-packages/aiohttp/connector.py", line 894, in <module>
== APP - bar-service ==     _SSL_CONTEXT_VERIFIED = _make_ssl_context(True)
== APP - bar-service ==                             ^^^^^^^^^^^^^^^^^^^^^^^
== APP - bar-service ==   File "/Users/manuelzapf/Projects/SantoDE/dapr-food-demo/.venv/lib/python3.11/site-packages/aiohttp/connector.py", line 877, in _make_ssl_context
== APP - bar-service ==     sslcontext = ssl.create_default_context()
== APP - bar-service ==                  ^^^^^^^^^^^^^^^^^^^^^^^^^^^^
== APP - bar-service ==   File "/Users/manuelzapf/Projects/SantoDE/dapr-food-demo/.devbox/nix/profile/default/lib/python3.11/ssl.py", line 775, in create_default_context
== APP - bar-service ==     context.load_default_certs(purpose)
== APP - bar-service ==   File "/Users/manuelzapf/Projects/SantoDE/dapr-food-demo/.devbox/nix/profile/default/lib/python3.11/ssl.py", line 597, in load_default_certs
== APP - bar-service ==     self.set_default_verify_paths()
== APP - bar-service == KeyboardInterrupt
The App process exited with error code: signal: interrupt

termination signal received: shutting down
Error exiting App: signal: interrupt
