Starting Dapr with id kitchen-service. HTTP Port: 3502. gRPC Port: 58543
Updating metadata for cliPID: 34721
time="2025-11-14T13:48:35.884709+01:00" level=info msg="Starting Dapr Runtime -- version 1.16.2 -- commit 3c7722a8c5648354e24256993caf047bc8c80666" app_id=kitchen-service instance=Mac.fritz.box scope=dapr.runtime type=log ver=1.16.2
time="2025-11-14T13:48:35.884748+01:00" level=info msg="Log level set to: info" app_id=kitchen-service instance=Mac.fritz.box scope=dapr.runtime type=log ver=1.16.2
time="2025-11-14T13:48:35.88486+01:00" level=warning msg="mTLS is disabled. Skipping certificate request and tls validation" app_id=kitchen-service instance=Mac.fritz.box scope=dapr.runtime.security type=log ver=1.16.2
time="2025-11-14T13:48:35.885189+01:00" level=info msg="Enabled features: SchedulerReminders" app_id=kitchen-service instance=Mac.fritz.box scope=dapr.runtime type=log ver=1.16.2
time="2025-11-14T13:48:35.885237+01:00" level=info msg="metric spec: {\"enabled\":true}" app_id=kitchen-service instance=Mac.fritz.box scope=dapr.runtime.diagnostics type=log ver=1.16.2
time="2025-11-14T13:48:35.885254+01:00" level=info msg="Using default latency distribution buckets: [1 2 3 4 5 6 8 10 13 16 20 25 30 40 50 65 80 100 130 160 200 250 300 400 500 650 800 1000 2000 5000 10000 20000 50000 100000]" app_id=kitchen-service instance=Mac.fritz.box scope=dapr.runtime.diagnostics type=log ver=1.16.2
time="2025-11-14T13:48:35.885307+01:00" level=warning msg="The default value for 'spec.metric.http.increasedCardinality' will change to 'false' in Dapr 1.15 or later" app_id=kitchen-service instance=Mac.fritz.box scope=dapr.runtime.diagnostics type=log ver=1.16.2
time="2025-11-14T13:48:35.885799+01:00" level=info msg="standalone mode configured" app_id=kitchen-service instance=Mac.fritz.box scope=dapr.runtime type=log ver=1.16.2
time="2025-11-14T13:48:35.885825+01:00" level=info msg="app id: kitchen-service" app_id=kitchen-service instance=Mac.fritz.box scope=dapr.runtime type=log ver=1.16.2
time="2025-11-14T13:48:35.885975+01:00" level=info msg="metrics server started on 0.0.0.0:58544/" app_id=kitchen-service instance=Mac.fritz.box scope=dapr.runtime type=log ver=1.16.2
time="2025-11-14T13:48:35.886008+01:00" level=info msg="Dapr trace sampler initialized: ParentBased{root:AlwaysOnSampler,remoteParentSampled:AlwaysOnSampler,remoteParentNotSampled:AlwaysOffSampler,localParentSampled:AlwaysOnSampler,localParentNotSampled:AlwaysOffSampler}" app_id=kitchen-service instance=Mac.fritz.box scope=dapr.runtime type=log ver=1.16.2
time="2025-11-14T13:48:35.886326+01:00" level=info msg="local service entry announced: kitchen-service -> 192.168.179.36:58545" app_id=kitchen-service component="nr (mdns/v1)" instance=Mac.fritz.box scope=dapr.contrib type=log ver=1.16.2
time="2025-11-14T13:48:35.886344+01:00" level=info msg="Initialized name resolution to mdns" app_id=kitchen-service instance=Mac.fritz.box scope=dapr.runtime type=log ver=1.16.2
time="2025-11-14T13:48:35.886437+01:00" level=info msg="Loading components…" app_id=kitchen-service instance=Mac.fritz.box scope=dapr.runtime type=log ver=1.16.2
time="2025-11-14T13:48:35.893371+01:00" level=info msg="Connected and received scheduler hosts addresses: [localhost:50006]" app_id=kitchen-service instance=Mac.fritz.box scope=dapr.runtime.scheduler.watchhosts type=log ver=1.16.2
time="2025-11-14T13:48:35.893543+01:00" level=info msg="Scheduler client initialized for address: localhost:50006" app_id=kitchen-service instance=Mac.fritz.box scope=dapr.runtime.scheduler.clients type=log ver=1.16.2
time="2025-11-14T13:48:35.893567+01:00" level=info msg="Scheduler clients initialized" app_id=kitchen-service instance=Mac.fritz.box scope=dapr.runtime.scheduler.clients type=log ver=1.16.2
time="2025-11-14T13:48:35.899254+01:00" level=info msg="Component loaded: orderpubsub (pubsub.redis/v1)" app_id=kitchen-service instance=Mac.fritz.box scope=dapr.runtime.processor type=log ver=1.16.2
time="2025-11-14T13:48:35.899314+01:00" level=info msg="Waiting for all outstanding components to be processed…" app_id=kitchen-service instance=Mac.fritz.box scope=dapr.runtime type=log ver=1.16.2
time="2025-11-14T13:48:35.902904+01:00" level=info msg="Using 'statestore' as actor state store" app_id=kitchen-service instance=Mac.fritz.box scope=dapr.runtime.processor.state type=log ver=1.16.2
time="2025-11-14T13:48:35.902932+01:00" level=info msg="Component loaded: statestore (state.redis/v1)" app_id=kitchen-service instance=Mac.fritz.box scope=dapr.runtime.processor type=log ver=1.16.2
time="2025-11-14T13:48:35.902943+01:00" level=info msg="All outstanding components processed" app_id=kitchen-service instance=Mac.fritz.box scope=dapr.runtime type=log ver=1.16.2
time="2025-11-14T13:48:35.902953+01:00" level=info msg="Loading endpoints…" app_id=kitchen-service instance=Mac.fritz.box scope=dapr.runtime type=log ver=1.16.2
time="2025-11-14T13:48:35.904481+01:00" level=info msg="Waiting for all outstanding http endpoints to be processed…" app_id=kitchen-service instance=Mac.fritz.box scope=dapr.runtime type=log ver=1.16.2
time="2025-11-14T13:48:35.904508+01:00" level=info msg="All outstanding http endpoints processed" app_id=kitchen-service instance=Mac.fritz.box scope=dapr.runtime type=log ver=1.16.2
time="2025-11-14T13:48:35.904517+01:00" level=info msg="Loading Declarative Subscriptions…" app_id=kitchen-service instance=Mac.fritz.box scope=dapr.runtime type=log ver=1.16.2
time="2025-11-14T13:48:35.905133+01:00" level=info msg="gRPC server listening on TCP address: :58543" app_id=kitchen-service instance=Mac.fritz.box scope=dapr.runtime.grpc.api type=log ver=1.16.2
time="2025-11-14T13:48:35.905151+01:00" level=info msg="Enabled gRPC tracing middleware" app_id=kitchen-service instance=Mac.fritz.box scope=dapr.runtime.grpc.api type=log ver=1.16.2
time="2025-11-14T13:48:35.905158+01:00" level=info msg="Enabled gRPC metrics middleware" app_id=kitchen-service instance=Mac.fritz.box scope=dapr.runtime.grpc.api type=log ver=1.16.2
time="2025-11-14T13:48:35.905199+01:00" level=info msg="Registering workflow engine for gRPC endpoint: [::]:58543" app_id=kitchen-service instance=Mac.fritz.box scope=dapr.runtime.grpc.api type=log ver=1.16.2
time="2025-11-14T13:48:35.905222+01:00" level=info msg="API gRPC server is running on port 58543" app_id=kitchen-service instance=Mac.fritz.box scope=dapr.runtime type=log ver=1.16.2
time="2025-11-14T13:48:35.905239+01:00" level=warning msg="The default value for 'spec.metric.http.increasedCardinality' will change to 'false' in Dapr 1.15 or later" app_id=kitchen-service instance=Mac.fritz.box scope=dapr.runtime.http type=log ver=1.16.2
time="2025-11-14T13:48:35.905277+01:00" level=info msg="Enabled max body size HTTP middleware with size 4194304 bytes" app_id=kitchen-service instance=Mac.fritz.box scope=dapr.runtime.http type=log ver=1.16.2
time="2025-11-14T13:48:35.905286+01:00" level=info msg="Enabled tracing HTTP middleware" app_id=kitchen-service instance=Mac.fritz.box scope=dapr.runtime.http type=log ver=1.16.2
time="2025-11-14T13:48:35.905291+01:00" level=info msg="Enabled metrics HTTP middleware" app_id=kitchen-service instance=Mac.fritz.box scope=dapr.runtime.http type=log ver=1.16.2
time="2025-11-14T13:48:35.905473+01:00" level=info msg="HTTP server listening on TCP address: :3502" app_id=kitchen-service instance=Mac.fritz.box scope=dapr.runtime.http type=log ver=1.16.2
time="2025-11-14T13:48:35.905488+01:00" level=info msg="HTTP server is running on port 3502" app_id=kitchen-service instance=Mac.fritz.box scope=dapr.runtime type=log ver=1.16.2
time="2025-11-14T13:48:35.905497+01:00" level=info msg="The request body size parameter is: 4194304 bytes" app_id=kitchen-service instance=Mac.fritz.box scope=dapr.runtime type=log ver=1.16.2
time="2025-11-14T13:48:35.905532+01:00" level=info msg="gRPC server listening on TCP address: :58545" app_id=kitchen-service instance=Mac.fritz.box scope=dapr.runtime.grpc.internal type=log ver=1.16.2
time="2025-11-14T13:48:35.905541+01:00" level=info msg="Enabled gRPC tracing middleware" app_id=kitchen-service instance=Mac.fritz.box scope=dapr.runtime.grpc.internal type=log ver=1.16.2
time="2025-11-14T13:48:35.905557+01:00" level=info msg="Enabled gRPC metrics middleware" app_id=kitchen-service instance=Mac.fritz.box scope=dapr.runtime.grpc.internal type=log ver=1.16.2
time="2025-11-14T13:48:35.905573+01:00" level=info msg="Internal gRPC server is running on :58545" app_id=kitchen-service instance=Mac.fritz.box scope=dapr.runtime type=log ver=1.16.2
time="2025-11-14T13:48:35.905579+01:00" level=info msg="application protocol: http. waiting on port 5002.  This will block until the app is listening on that port." app_id=kitchen-service instance=Mac.fritz.box scope=dapr.runtime type=log ver=1.16.2
time="2025-11-14T13:48:36.107863+01:00" level=info msg="application discovered on port 5002" app_id=kitchen-service instance=Mac.fritz.box scope=dapr.runtime type=log ver=1.16.2
time="2025-11-14T13:48:36.10806+01:00" level=info msg="Using Scheduler service for reminders." app_id=kitchen-service instance=Mac.fritz.box scope=dapr.runtime.actor.reminders.scheduler type=log ver=1.16.2
time="2025-11-14T13:48:36.108125+01:00" level=info msg="Actor runtime started" app_id=kitchen-service instance=Mac.fritz.box scope=dapr.runtime.actor type=log ver=1.16.2
time="2025-11-14T13:48:36.108142+01:00" level=info msg="worker started with backend dapr.actors/v1" app_id=kitchen-service instance=Mac.fritz.box scope=dapr.wfengine.durabletask.backend type=log ver=1.16.2
time="2025-11-14T13:48:36.108148+01:00" level=warning msg="Graceful shutdown timeout is infinite, will wait indefinitely to shutdown" app_id=kitchen-service instance=Mac.fritz.box scope=dapr.runtime.actor type=log ver=1.16.2
time="2025-11-14T13:48:36.10817+01:00" level=info msg="Workflow engine started" app_id=kitchen-service instance=Mac.fritz.box scope=dapr.runtime.wfengine type=log ver=1.16.2
time="2025-11-14T13:48:36.109172+01:00" level=info msg="Application configuration loaded" app_id=kitchen-service instance=Mac.fritz.box scope=dapr.runtime type=log ver=1.16.2
time="2025-11-14T13:48:36.109867+01:00" level=info msg="app is subscribed to the following topics: [[kitchen-orders]] through pubsub=orderpubsub" app_id=kitchen-service instance=Mac.fritz.box scope=dapr.runtime.processor.subscription type=log ver=1.16.2
time="2025-11-14T13:48:36.111454+01:00" level=info msg="dapr initialized. Status: Running. Init Elapsed 225ms" app_id=kitchen-service instance=Mac.fritz.box scope=dapr.runtime type=log ver=1.16.2
time="2025-11-14T13:48:36.111588+01:00" level=info msg="Scheduler stream connected for [JOB_TARGET_TYPE_JOB]" app_id=kitchen-service instance=Mac.fritz.box scope=dapr.runtime.scheduler.cluster type=log ver=1.16.2
time="2025-11-14T13:48:36.111599+01:00" level=info msg="Scheduler stream connected for [JOB_TARGET_TYPE_JOB]" app_id=kitchen-service instance=Mac.fritz.box scope=dapr.runtime.scheduler.cluster type=log ver=1.16.2
time="2025-11-14T13:48:36.111647+01:00" level=info msg="Scheduler stream connected for [JOB_TARGET_TYPE_JOB]" app_id=kitchen-service instance=Mac.fritz.box scope=dapr.runtime.scheduler.cluster type=log ver=1.16.2
time="2025-11-14T13:48:36.111668+01:00" level=info msg="Connected to placement localhost:50005" app_id=kitchen-service instance=Mac.fritz.box scope=dapr.runtime.actors.placement.client.connector.static type=log ver=1.16.2
time="2025-11-14T13:48:36.111767+01:00" level=info msg="Reporting actor types: []" app_id=kitchen-service instance=Mac.fritz.box scope=dapr.runtime.actors.placement type=log ver=1.16.2
time="2025-11-14T13:48:36.113958+01:00" level=info msg="Connected to placement localhost:50005" app_id=kitchen-service instance=Mac.fritz.box scope=dapr.runtime.actors.placement.client type=log ver=1.16.2
time="2025-11-14T13:48:36.114953+01:00" level=info msg="Placement tables updated, version: 0" app_id=kitchen-service instance=Mac.fritz.box scope=dapr.runtime.actors.placement type=log ver=1.16.2
time="2025-11-14T13:48:36.114981+01:00" level=info msg="Running actor reminder migration from state store to scheduler" app_id=kitchen-service instance=Mac.fritz.box scope=dapr.runtime.actors.reminders.migration type=log ver=1.16.2
time="2025-11-14T13:48:36.115001+01:00" level=info msg="Skipping migration, no missing scheduler reminders found" app_id=kitchen-service instance=Mac.fritz.box scope=dapr.runtime.actors.reminders.migration type=log ver=1.16.2
time="2025-11-14T13:48:36.115007+01:00" level=info msg="Found 0 missing scheduler reminders from state store" app_id=kitchen-service instance=Mac.fritz.box scope=dapr.runtime.actors.reminders.migration type=log ver=1.16.2
time="2025-11-14T13:48:36.115013+01:00" level=info msg="Migrated 0 reminders from state store to scheduler successfully" app_id=kitchen-service instance=Mac.fritz.box scope=dapr.runtime.actors.reminders.migration type=log ver=1.16.2
Updating metadata for app command: python app.py
Updating metadata for appPID: 34742
You're up and running! Dapr logs will appear here.

time="2025-11-14T13:50:49.942092+01:00" level=info msg="Received signal 'interrupt'; beginning shutdown" app_id=kitchen-service instance=Mac.fritz.box scope=dapr.signals type=log ver=1.16.2
time="2025-11-14T13:50:49.942438+01:00" level=info msg="Actor runtime shutting down" app_id=kitchen-service instance=Mac.fritz.box scope=dapr.runtime.actor type=log ver=1.16.2
time="2025-11-14T13:50:49.942498+01:00" level=info msg="backend stopping..." app_id=kitchen-service instance=Mac.fritz.box scope=dapr.wfengine.durabletask.backend type=log ver=1.16.2
time="2025-11-14T13:50:49.942527+01:00" level=info msg="workers stopping and draining..." app_id=kitchen-service instance=Mac.fritz.box scope=dapr.wfengine.durabletask.backend type=log ver=1.16.2
time="2025-11-14T13:50:49.942549+01:00" level=info msg="activity-processor: worker stopped" app_id=kitchen-service instance=Mac.fritz.box scope=dapr.wfengine.durabletask.backend type=log ver=1.16.2
time="2025-11-14T13:50:49.942576+01:00" level=info msg="Scheduler stream disconnected" app_id=kitchen-service instance=Mac.fritz.box scope=dapr.runtime.scheduler.cluster type=log ver=1.16.2
time="2025-11-14T13:50:49.942574+01:00" level=info msg="orchestration-processor: worker stopped" app_id=kitchen-service instance=Mac.fritz.box scope=dapr.wfengine.durabletask.backend type=log ver=1.16.2
time="2025-11-14T13:50:49.942597+01:00" level=info msg="finished stopping and draining workers!" app_id=kitchen-service instance=Mac.fritz.box scope=dapr.wfengine.durabletask.backend type=log ver=1.16.2
time="2025-11-14T13:50:49.942603+01:00" level=info msg="Workflow engine stopped" app_id=kitchen-service instance=Mac.fritz.box scope=dapr.runtime.wfengine type=log ver=1.16.2
time="2025-11-14T13:50:49.942605+01:00" level=info msg="Scheduler stream disconnected" app_id=kitchen-service instance=Mac.fritz.box scope=dapr.runtime.scheduler.cluster type=log ver=1.16.2
time="2025-11-14T13:50:49.942609+01:00" level=info msg="Scheduler stream disconnected" app_id=kitchen-service instance=Mac.fritz.box scope=dapr.runtime.scheduler.cluster type=log ver=1.16.2
time="2025-11-14T13:50:49.94262+01:00" level=error msg="Error communicating with placement: rpc error: code = Canceled desc = context canceled" app_id=kitchen-service instance=Mac.fritz.box scope=dapr.runtime.actors.placement.client type=log ver=1.16.2
time="2025-11-14T13:50:49.942674+01:00" level=info msg="Actor runtime stopped" app_id=kitchen-service instance=Mac.fritz.box scope=dapr.runtime.actor type=log ver=1.16.2
time="2025-11-14T13:50:49.942887+01:00" level=info msg="Dapr is shutting down" app_id=kitchen-service instance=Mac.fritz.box scope=dapr.runtime type=log ver=1.16.2
time="2025-11-14T13:50:49.943132+01:00" level=info msg="Shutting down component statestore (state.redis/v1)" app_id=kitchen-service instance=Mac.fritz.box scope=dapr.runtime type=log ver=1.16.2
time="2025-11-14T13:50:49.943178+01:00" level=info msg="Closing HTTP server [::]:3502…" app_id=kitchen-service instance=Mac.fritz.box scope=dapr.runtime.http type=log ver=1.16.2
time="2025-11-14T13:50:49.943223+01:00" level=info msg="Shutting down component orderpubsub (pubsub.redis/v1)" app_id=kitchen-service instance=Mac.fritz.box scope=dapr.runtime type=log ver=1.16.2
time="2025-11-14T13:50:49.943279+01:00" level=info msg="stopping mDNS server for app id: kitchen-service" app_id=kitchen-service component="nr (mdns/v1)" instance=Mac.fritz.box scope=dapr.contrib type=log ver=1.16.2

termination signal received: shutting down
time="2025-11-14T13:50:49.943665+01:00" level=info msg="Dapr runtime stopped" app_id=kitchen-service instance=Mac.fritz.box scope=dapr.runtime type=log ver=1.16.2
Exited Dapr successfully
Exited App successfully
