Starting Dapr with id kitchen-service. HTTP Port: 3502. gRPC Port: 55287
Updating metadata for cliPID: 23034
time="2025-11-14T13:10:28.480654+01:00" level=info msg="Starting Dapr Runtime -- version 1.16.2 -- commit 3c7722a8c5648354e24256993caf047bc8c80666" app_id=kitchen-service instance=Mac.fritz.box scope=dapr.runtime type=log ver=1.16.2
time="2025-11-14T13:10:28.480693+01:00" level=info msg="Log level set to: info" app_id=kitchen-service instance=Mac.fritz.box scope=dapr.runtime type=log ver=1.16.2
time="2025-11-14T13:10:28.480816+01:00" level=warning msg="mTLS is disabled. Skipping certificate request and tls validation" app_id=kitchen-service instance=Mac.fritz.box scope=dapr.runtime.security type=log ver=1.16.2
time="2025-11-14T13:10:28.481209+01:00" level=info msg="Enabled features: SchedulerReminders" app_id=kitchen-service instance=Mac.fritz.box scope=dapr.runtime type=log ver=1.16.2
time="2025-11-14T13:10:28.481272+01:00" level=info msg="metric spec: {\"enabled\":true}" app_id=kitchen-service instance=Mac.fritz.box scope=dapr.runtime.diagnostics type=log ver=1.16.2
time="2025-11-14T13:10:28.481297+01:00" level=info msg="Using default latency distribution buckets: [1 2 3 4 5 6 8 10 13 16 20 25 30 40 50 65 80 100 130 160 200 250 300 400 500 650 800 1000 2000 5000 10000 20000 50000 100000]" app_id=kitchen-service instance=Mac.fritz.box scope=dapr.runtime.diagnostics type=log ver=1.16.2
time="2025-11-14T13:10:28.481364+01:00" level=warning msg="The default value for 'spec.metric.http.increasedCardinality' will change to 'false' in Dapr 1.15 or later" app_id=kitchen-service instance=Mac.fritz.box scope=dapr.runtime.diagnostics type=log ver=1.16.2
time="2025-11-14T13:10:28.481774+01:00" level=info msg="standalone mode configured" app_id=kitchen-service instance=Mac.fritz.box scope=dapr.runtime type=log ver=1.16.2
time="2025-11-14T13:10:28.481792+01:00" level=info msg="app id: kitchen-service" app_id=kitchen-service instance=Mac.fritz.box scope=dapr.runtime type=log ver=1.16.2
time="2025-11-14T13:10:28.481959+01:00" level=info msg="metrics server started on 0.0.0.0:55288/" app_id=kitchen-service instance=Mac.fritz.box scope=dapr.runtime type=log ver=1.16.2
time="2025-11-14T13:10:28.481977+01:00" level=info msg="Dapr trace sampler initialized: ParentBased{root:AlwaysOnSampler,remoteParentSampled:AlwaysOnSampler,remoteParentNotSampled:AlwaysOffSampler,localParentSampled:AlwaysOnSampler,localParentNotSampled:AlwaysOffSampler}" app_id=kitchen-service instance=Mac.fritz.box scope=dapr.runtime type=log ver=1.16.2
time="2025-11-14T13:10:28.48241+01:00" level=info msg="local service entry announced: kitchen-service -> 192.168.179.36:55289" app_id=kitchen-service component="nr (mdns/v1)" instance=Mac.fritz.box scope=dapr.contrib type=log ver=1.16.2
time="2025-11-14T13:10:28.482428+01:00" level=info msg="Initialized name resolution to mdns" app_id=kitchen-service instance=Mac.fritz.box scope=dapr.runtime type=log ver=1.16.2
time="2025-11-14T13:10:28.482545+01:00" level=info msg="Loading components…" app_id=kitchen-service instance=Mac.fritz.box scope=dapr.runtime type=log ver=1.16.2
time="2025-11-14T13:10:28.485185+01:00" level=info msg="Component loaded: orderpubsub (pubsub.redis/v1)" app_id=kitchen-service instance=Mac.fritz.box scope=dapr.runtime.processor type=log ver=1.16.2
time="2025-11-14T13:10:28.48524+01:00" level=info msg="Waiting for all outstanding components to be processed…" app_id=kitchen-service instance=Mac.fritz.box scope=dapr.runtime type=log ver=1.16.2
time="2025-11-14T13:10:28.490248+01:00" level=info msg="Using 'statestore' as actor state store" app_id=kitchen-service instance=Mac.fritz.box scope=dapr.runtime.processor.state type=log ver=1.16.2
time="2025-11-14T13:10:28.490286+01:00" level=info msg="Component loaded: statestore (state.redis/v1)" app_id=kitchen-service instance=Mac.fritz.box scope=dapr.runtime.processor type=log ver=1.16.2
time="2025-11-14T13:10:28.490298+01:00" level=info msg="All outstanding components processed" app_id=kitchen-service instance=Mac.fritz.box scope=dapr.runtime type=log ver=1.16.2
time="2025-11-14T13:10:28.490324+01:00" level=info msg="Loading endpoints…" app_id=kitchen-service instance=Mac.fritz.box scope=dapr.runtime type=log ver=1.16.2
time="2025-11-14T13:10:28.49059+01:00" level=info msg="Waiting for all outstanding http endpoints to be processed…" app_id=kitchen-service instance=Mac.fritz.box scope=dapr.runtime type=log ver=1.16.2
time="2025-11-14T13:10:28.4906+01:00" level=info msg="All outstanding http endpoints processed" app_id=kitchen-service instance=Mac.fritz.box scope=dapr.runtime type=log ver=1.16.2
time="2025-11-14T13:10:28.490607+01:00" level=info msg="Loading Declarative Subscriptions…" app_id=kitchen-service instance=Mac.fritz.box scope=dapr.runtime type=log ver=1.16.2
time="2025-11-14T13:10:28.490919+01:00" level=info msg="Connected and received scheduler hosts addresses: [localhost:50006]" app_id=kitchen-service instance=Mac.fritz.box scope=dapr.runtime.scheduler.watchhosts type=log ver=1.16.2
time="2025-11-14T13:10:28.491032+01:00" level=info msg="Scheduler client initialized for address: localhost:50006" app_id=kitchen-service instance=Mac.fritz.box scope=dapr.runtime.scheduler.clients type=log ver=1.16.2
time="2025-11-14T13:10:28.491042+01:00" level=info msg="Scheduler clients initialized" app_id=kitchen-service instance=Mac.fritz.box scope=dapr.runtime.scheduler.clients type=log ver=1.16.2
time="2025-11-14T13:10:28.491094+01:00" level=info msg="gRPC server listening on TCP address: :55287" app_id=kitchen-service instance=Mac.fritz.box scope=dapr.runtime.grpc.api type=log ver=1.16.2
time="2025-11-14T13:10:28.491116+01:00" level=info msg="Enabled gRPC tracing middleware" app_id=kitchen-service instance=Mac.fritz.box scope=dapr.runtime.grpc.api type=log ver=1.16.2
time="2025-11-14T13:10:28.491123+01:00" level=info msg="Enabled gRPC metrics middleware" app_id=kitchen-service instance=Mac.fritz.box scope=dapr.runtime.grpc.api type=log ver=1.16.2
time="2025-11-14T13:10:28.491158+01:00" level=info msg="Registering workflow engine for gRPC endpoint: [::]:55287" app_id=kitchen-service instance=Mac.fritz.box scope=dapr.runtime.grpc.api type=log ver=1.16.2
time="2025-11-14T13:10:28.491176+01:00" level=info msg="API gRPC server is running on port 55287" app_id=kitchen-service instance=Mac.fritz.box scope=dapr.runtime type=log ver=1.16.2
time="2025-11-14T13:10:28.491197+01:00" level=warning msg="The default value for 'spec.metric.http.increasedCardinality' will change to 'false' in Dapr 1.15 or later" app_id=kitchen-service instance=Mac.fritz.box scope=dapr.runtime.http type=log ver=1.16.2
time="2025-11-14T13:10:28.491244+01:00" level=info msg="Enabled max body size HTTP middleware with size 4194304 bytes" app_id=kitchen-service instance=Mac.fritz.box scope=dapr.runtime.http type=log ver=1.16.2
time="2025-11-14T13:10:28.491252+01:00" level=info msg="Enabled tracing HTTP middleware" app_id=kitchen-service instance=Mac.fritz.box scope=dapr.runtime.http type=log ver=1.16.2
time="2025-11-14T13:10:28.491257+01:00" level=info msg="Enabled metrics HTTP middleware" app_id=kitchen-service instance=Mac.fritz.box scope=dapr.runtime.http type=log ver=1.16.2
time="2025-11-14T13:10:28.491422+01:00" level=info msg="HTTP server listening on TCP address: :3502" app_id=kitchen-service instance=Mac.fritz.box scope=dapr.runtime.http type=log ver=1.16.2
time="2025-11-14T13:10:28.491442+01:00" level=info msg="HTTP server is running on port 3502" app_id=kitchen-service instance=Mac.fritz.box scope=dapr.runtime type=log ver=1.16.2
time="2025-11-14T13:10:28.491447+01:00" level=info msg="The request body size parameter is: 4194304 bytes" app_id=kitchen-service instance=Mac.fritz.box scope=dapr.runtime type=log ver=1.16.2
time="2025-11-14T13:10:28.491491+01:00" level=info msg="gRPC server listening on TCP address: :55289" app_id=kitchen-service instance=Mac.fritz.box scope=dapr.runtime.grpc.internal type=log ver=1.16.2
time="2025-11-14T13:10:28.491503+01:00" level=info msg="Enabled gRPC tracing middleware" app_id=kitchen-service instance=Mac.fritz.box scope=dapr.runtime.grpc.internal type=log ver=1.16.2
time="2025-11-14T13:10:28.491516+01:00" level=info msg="Enabled gRPC metrics middleware" app_id=kitchen-service instance=Mac.fritz.box scope=dapr.runtime.grpc.internal type=log ver=1.16.2
time="2025-11-14T13:10:28.491529+01:00" level=info msg="Internal gRPC server is running on :55289" app_id=kitchen-service instance=Mac.fritz.box scope=dapr.runtime type=log ver=1.16.2
time="2025-11-14T13:10:28.491536+01:00" level=info msg="application protocol: http. waiting on port 5002.  This will block until the app is listening on that port." app_id=kitchen-service instance=Mac.fritz.box scope=dapr.runtime type=log ver=1.16.2
time="2025-11-14T13:10:28.693339+01:00" level=info msg="application discovered on port 5002" app_id=kitchen-service instance=Mac.fritz.box scope=dapr.runtime type=log ver=1.16.2
time="2025-11-14T13:10:28.69351+01:00" level=info msg="Using Scheduler service for reminders." app_id=kitchen-service instance=Mac.fritz.box scope=dapr.runtime.actor.reminders.scheduler type=log ver=1.16.2
time="2025-11-14T13:10:28.693632+01:00" level=info msg="Actor runtime started" app_id=kitchen-service instance=Mac.fritz.box scope=dapr.runtime.actor type=log ver=1.16.2
time="2025-11-14T13:10:28.69366+01:00" level=info msg="worker started with backend dapr.actors/v1" app_id=kitchen-service instance=Mac.fritz.box scope=dapr.wfengine.durabletask.backend type=log ver=1.16.2
time="2025-11-14T13:10:28.693657+01:00" level=warning msg="Graceful shutdown timeout is infinite, will wait indefinitely to shutdown" app_id=kitchen-service instance=Mac.fritz.box scope=dapr.runtime.actor type=log ver=1.16.2
time="2025-11-14T13:10:28.693693+01:00" level=info msg="Workflow engine started" app_id=kitchen-service instance=Mac.fritz.box scope=dapr.runtime.wfengine type=log ver=1.16.2
time="2025-11-14T13:10:28.695611+01:00" level=info msg="Application configuration loaded" app_id=kitchen-service instance=Mac.fritz.box scope=dapr.runtime type=log ver=1.16.2
time="2025-11-14T13:10:28.696226+01:00" level=info msg="app is subscribed to the following topics: [[kitchen-orders]] through pubsub=orderpubsub" app_id=kitchen-service instance=Mac.fritz.box scope=dapr.runtime.processor.subscription type=log ver=1.16.2
time="2025-11-14T13:10:28.696764+01:00" level=info msg="dapr initialized. Status: Running. Init Elapsed 215ms" app_id=kitchen-service instance=Mac.fritz.box scope=dapr.runtime type=log ver=1.16.2
time="2025-11-14T13:10:28.696948+01:00" level=info msg="Scheduler stream connected for [JOB_TARGET_TYPE_JOB]" app_id=kitchen-service instance=Mac.fritz.box scope=dapr.runtime.scheduler.cluster type=log ver=1.16.2
time="2025-11-14T13:10:28.696982+01:00" level=info msg="Connected to placement localhost:50005" app_id=kitchen-service instance=Mac.fritz.box scope=dapr.runtime.actors.placement.client.connector.static type=log ver=1.16.2
time="2025-11-14T13:10:28.696971+01:00" level=info msg="Scheduler stream connected for [JOB_TARGET_TYPE_JOB]" app_id=kitchen-service instance=Mac.fritz.box scope=dapr.runtime.scheduler.cluster type=log ver=1.16.2
time="2025-11-14T13:10:28.697058+01:00" level=info msg="Scheduler stream connected for [JOB_TARGET_TYPE_JOB]" app_id=kitchen-service instance=Mac.fritz.box scope=dapr.runtime.scheduler.cluster type=log ver=1.16.2
time="2025-11-14T13:10:28.697115+01:00" level=info msg="Reporting actor types: []" app_id=kitchen-service instance=Mac.fritz.box scope=dapr.runtime.actors.placement type=log ver=1.16.2
time="2025-11-14T13:10:28.701744+01:00" level=info msg="Connected to placement localhost:50005" app_id=kitchen-service instance=Mac.fritz.box scope=dapr.runtime.actors.placement.client type=log ver=1.16.2
time="2025-11-14T13:10:28.702697+01:00" level=info msg="Placement tables updated, version: 0" app_id=kitchen-service instance=Mac.fritz.box scope=dapr.runtime.actors.placement type=log ver=1.16.2
time="2025-11-14T13:10:28.702733+01:00" level=info msg="Running actor reminder migration from state store to scheduler" app_id=kitchen-service instance=Mac.fritz.box scope=dapr.runtime.actors.reminders.migration type=log ver=1.16.2
time="2025-11-14T13:10:28.702744+01:00" level=info msg="Skipping migration, no missing scheduler reminders found" app_id=kitchen-service instance=Mac.fritz.box scope=dapr.runtime.actors.reminders.migration type=log ver=1.16.2
time="2025-11-14T13:10:28.70276+01:00" level=info msg="Found 0 missing scheduler reminders from state store" app_id=kitchen-service instance=Mac.fritz.box scope=dapr.runtime.actors.reminders.migration type=log ver=1.16.2
time="2025-11-14T13:10:28.702766+01:00" level=info msg="Migrated 0 reminders from state store to scheduler successfully" app_id=kitchen-service instance=Mac.fritz.box scope=dapr.runtime.actors.reminders.migration type=log ver=1.16.2
Updating metadata for app command: python app.py
Updating metadata for appPID: 23059
You're up and running! Dapr logs will appear here.

time="2025-11-14T13:11:47.185509+01:00" level=error msg="redis streams: error reading from stream kitchen-orders: dial tcp [::1]:6379: connect: connection refused" app_id=kitchen-service component="orderpubsub (pubsub.redis/v1)" instance=Mac.fritz.box scope=dapr.contrib type=log ver=1.16.2
time="2025-11-14T13:11:47.267053+01:00" level=error msg="redis streams: error reading from stream kitchen-orders: dial tcp [::1]:6379: connect: connection refused" app_id=kitchen-service component="orderpubsub (pubsub.redis/v1)" instance=Mac.fritz.box scope=dapr.contrib type=log ver=1.16.2
time="2025-11-14T13:11:47.382032+01:00" level=error msg="redis streams: error reading from stream kitchen-orders: dial tcp [::1]:6379: connect: connection refused" app_id=kitchen-service component="orderpubsub (pubsub.redis/v1)" instance=Mac.fritz.box scope=dapr.contrib type=log ver=1.16.2
time="2025-11-14T13:11:47.428964+01:00" level=error msg="redis streams: error reading from stream kitchen-orders: dial tcp [::1]:6379: connect: connection refused" app_id=kitchen-service component="orderpubsub (pubsub.redis/v1)" instance=Mac.fritz.box scope=dapr.contrib type=log ver=1.16.2
time="2025-11-14T13:11:47.530744+01:00" level=error msg="redis streams: error reading from stream kitchen-orders: dial tcp [::1]:6379: connect: connection refused" app_id=kitchen-service component="orderpubsub (pubsub.redis/v1)" instance=Mac.fritz.box scope=dapr.contrib type=log ver=1.16.2
time="2025-11-14T13:11:47.623251+01:00" level=error msg="redis streams: error reading from stream kitchen-orders: dial tcp [::1]:6379: connect: connection refused" app_id=kitchen-service component="orderpubsub (pubsub.redis/v1)" instance=Mac.fritz.box scope=dapr.contrib type=log ver=1.16.2
time="2025-11-14T13:11:47.73091+01:00" level=error msg="redis streams: error reading from stream kitchen-orders: dial tcp [::1]:6379: connect: connection refused" app_id=kitchen-service component="orderpubsub (pubsub.redis/v1)" instance=Mac.fritz.box scope=dapr.contrib type=log ver=1.16.2
time="2025-11-14T13:11:47.824962+01:00" level=error msg="redis streams: error reading from stream kitchen-orders: dial tcp [::1]:6379: connect: connection refused" app_id=kitchen-service component="orderpubsub (pubsub.redis/v1)" instance=Mac.fritz.box scope=dapr.contrib type=log ver=1.16.2
time="2025-11-14T13:11:47.913324+01:00" level=error msg="redis streams: error reading from stream kitchen-orders: dial tcp [::1]:6379: connect: connection refused" app_id=kitchen-service component="orderpubsub (pubsub.redis/v1)" instance=Mac.fritz.box scope=dapr.contrib type=log ver=1.16.2
time="2025-11-14T13:11:48.015788+01:00" level=error msg="redis streams: error reading from stream kitchen-orders: dial tcp [::1]:6379: connect: connection refused" app_id=kitchen-service component="orderpubsub (pubsub.redis/v1)" instance=Mac.fritz.box scope=dapr.contrib type=log ver=1.16.2
time="2025-11-14T13:11:48.124701+01:00" level=error msg="redis streams: error reading from stream kitchen-orders: dial tcp [::1]:6379: connect: connection refused" app_id=kitchen-service component="orderpubsub (pubsub.redis/v1)" instance=Mac.fritz.box scope=dapr.contrib type=log ver=1.16.2
time="2025-11-14T13:11:48.243878+01:00" level=error msg="redis streams: error reading from stream kitchen-orders: dial tcp [::1]:6379: connect: connection refused" app_id=kitchen-service component="orderpubsub (pubsub.redis/v1)" instance=Mac.fritz.box scope=dapr.contrib type=log ver=1.16.2
time="2025-11-14T13:11:48.33902+01:00" level=error msg="redis streams: error reading from stream kitchen-orders: dial tcp [::1]:6379: connect: connection refused" app_id=kitchen-service component="orderpubsub (pubsub.redis/v1)" instance=Mac.fritz.box scope=dapr.contrib type=log ver=1.16.2
time="2025-11-14T13:11:48.429779+01:00" level=error msg="redis streams: error reading from stream kitchen-orders: dial tcp [::1]:6379: connect: connection refused" app_id=kitchen-service component="orderpubsub (pubsub.redis/v1)" instance=Mac.fritz.box scope=dapr.contrib type=log ver=1.16.2
time="2025-11-14T13:11:48.484403+01:00" level=error msg="redis streams: error reading from stream kitchen-orders: dial tcp [::1]:6379: connect: connection refused" app_id=kitchen-service component="orderpubsub (pubsub.redis/v1)" instance=Mac.fritz.box scope=dapr.contrib type=log ver=1.16.2
time="2025-11-14T13:11:48.591727+01:00" level=error msg="redis streams: error reading from stream kitchen-orders: dial tcp [::1]:6379: connect: connection refused" app_id=kitchen-service component="orderpubsub (pubsub.redis/v1)" instance=Mac.fritz.box scope=dapr.contrib type=log ver=1.16.2
time="2025-11-14T13:11:48.698978+01:00" level=error msg="redis streams: error reading from stream kitchen-orders: dial tcp [::1]:6379: connect: connection refused" app_id=kitchen-service component="orderpubsub (pubsub.redis/v1)" instance=Mac.fritz.box scope=dapr.contrib type=log ver=1.16.2
time="2025-11-14T13:11:48.794804+01:00" level=error msg="redis streams: error reading from stream kitchen-orders: dial tcp [::1]:6379: connect: connection refused" app_id=kitchen-service component="orderpubsub (pubsub.redis/v1)" instance=Mac.fritz.box scope=dapr.contrib type=log ver=1.16.2
time="2025-11-14T13:11:48.873191+01:00" level=error msg="redis streams: error reading from stream kitchen-orders: dial tcp [::1]:6379: connect: connection refused" app_id=kitchen-service component="orderpubsub (pubsub.redis/v1)" instance=Mac.fritz.box scope=dapr.contrib type=log ver=1.16.2
time="2025-11-14T13:11:48.960557+01:00" level=error msg="redis streams: error reading from stream kitchen-orders: dial tcp [::1]:6379: connect: connection refused" app_id=kitchen-service component="orderpubsub (pubsub.redis/v1)" instance=Mac.fritz.box scope=dapr.contrib type=log ver=1.16.2
time="2025-11-14T13:11:49.002984+01:00" level=error msg="redis streams: error reading from stream kitchen-orders: dial tcp [::1]:6379: connect: connection refused" app_id=kitchen-service component="orderpubsub (pubsub.redis/v1)" instance=Mac.fritz.box scope=dapr.contrib type=log ver=1.16.2
time="2025-11-14T13:11:49.047536+01:00" level=error msg="redis streams: error reading from stream kitchen-orders: dial tcp [::1]:6379: connect: connection refused" app_id=kitchen-service component="orderpubsub (pubsub.redis/v1)" instance=Mac.fritz.box scope=dapr.contrib type=log ver=1.16.2
time="2025-11-14T13:11:49.153045+01:00" level=error msg="redis streams: error reading from stream kitchen-orders: dial tcp [::1]:6379: connect: connection refused" app_id=kitchen-service component="orderpubsub (pubsub.redis/v1)" instance=Mac.fritz.box scope=dapr.contrib type=log ver=1.16.2
time="2025-11-14T13:11:49.241932+01:00" level=error msg="redis streams: error reading from stream kitchen-orders: dial tcp [::1]:6379: connect: connection refused" app_id=kitchen-service component="orderpubsub (pubsub.redis/v1)" instance=Mac.fritz.box scope=dapr.contrib type=log ver=1.16.2
time="2025-11-14T13:11:49.311595+01:00" level=error msg="redis streams: error reading from stream kitchen-orders: dial tcp [::1]:6379: connect: connection refused" app_id=kitchen-service component="orderpubsub (pubsub.redis/v1)" instance=Mac.fritz.box scope=dapr.contrib type=log ver=1.16.2
time="2025-11-14T13:11:49.370125+01:00" level=error msg="redis streams: error reading from stream kitchen-orders: dial tcp [::1]:6379: connect: connection refused" app_id=kitchen-service component="orderpubsub (pubsub.redis/v1)" instance=Mac.fritz.box scope=dapr.contrib type=log ver=1.16.2
time="2025-11-14T13:11:49.440416+01:00" level=error msg="redis streams: error reading from stream kitchen-orders: dial tcp [::1]:6379: connect: connection refused" app_id=kitchen-service component="orderpubsub (pubsub.redis/v1)" instance=Mac.fritz.box scope=dapr.contrib type=log ver=1.16.2
time="2025-11-14T13:11:49.509325+01:00" level=error msg="redis streams: error reading from stream kitchen-orders: dial tcp [::1]:6379: connect: connection refused" app_id=kitchen-service component="orderpubsub (pubsub.redis/v1)" instance=Mac.fritz.box scope=dapr.contrib type=log ver=1.16.2
time="2025-11-14T13:11:49.584164+01:00" level=error msg="redis streams: error reading from stream kitchen-orders: dial tcp [::1]:6379: connect: connection refused" app_id=kitchen-service component="orderpubsub (pubsub.redis/v1)" instance=Mac.fritz.box scope=dapr.contrib type=log ver=1.16.2
time="2025-11-14T13:11:49.704004+01:00" level=error msg="redis streams: error reading from stream kitchen-orders: dial tcp [::1]:6379: connect: connection refused" app_id=kitchen-service component="orderpubsub (pubsub.redis/v1)" instance=Mac.fritz.box scope=dapr.contrib type=log ver=1.16.2
time="2025-11-14T13:11:49.793642+01:00" level=error msg="redis streams: error reading from stream kitchen-orders: dial tcp [::1]:6379: connect: connection refused" app_id=kitchen-service component="orderpubsub (pubsub.redis/v1)" instance=Mac.fritz.box scope=dapr.contrib type=log ver=1.16.2
time="2025-11-14T13:11:49.913428+01:00" level=error msg="redis streams: error reading from stream kitchen-orders: dial tcp [::1]:6379: connect: connection refused" app_id=kitchen-service component="orderpubsub (pubsub.redis/v1)" instance=Mac.fritz.box scope=dapr.contrib type=log ver=1.16.2
time="2025-11-14T13:11:49.97921+01:00" level=error msg="redis streams: error reading from stream kitchen-orders: dial tcp [::1]:6379: connect: connection refused" app_id=kitchen-service component="orderpubsub (pubsub.redis/v1)" instance=Mac.fritz.box scope=dapr.contrib type=log ver=1.16.2
time="2025-11-14T13:11:50.099019+01:00" level=error msg="redis streams: error reading from stream kitchen-orders: dial tcp [::1]:6379: connect: connection refused" app_id=kitchen-service component="orderpubsub (pubsub.redis/v1)" instance=Mac.fritz.box scope=dapr.contrib type=log ver=1.16.2
time="2025-11-14T13:11:50.170537+01:00" level=error msg="redis streams: error reading from stream kitchen-orders: dial tcp [::1]:6379: connect: connection refused" app_id=kitchen-service component="orderpubsub (pubsub.redis/v1)" instance=Mac.fritz.box scope=dapr.contrib type=log ver=1.16.2
time="2025-11-14T13:11:50.232893+01:00" level=error msg="redis streams: error reading from stream kitchen-orders: dial tcp [::1]:6379: connect: connection refused" app_id=kitchen-service component="orderpubsub (pubsub.redis/v1)" instance=Mac.fritz.box scope=dapr.contrib type=log ver=1.16.2
time="2025-11-14T13:11:50.306082+01:00" level=error msg="redis streams: error reading from stream kitchen-orders: dial tcp [::1]:6379: connect: connection refused" app_id=kitchen-service component="orderpubsub (pubsub.redis/v1)" instance=Mac.fritz.box scope=dapr.contrib type=log ver=1.16.2
time="2025-11-14T13:11:50.432964+01:00" level=error msg="redis streams: error reading from stream kitchen-orders: dial tcp [::1]:6379: connect: connection refused" app_id=kitchen-service component="orderpubsub (pubsub.redis/v1)" instance=Mac.fritz.box scope=dapr.contrib type=log ver=1.16.2
time="2025-11-14T13:11:50.524297+01:00" level=error msg="redis streams: error reading from stream kitchen-orders: dial tcp [::1]:6379: connect: connection refused" app_id=kitchen-service component="orderpubsub (pubsub.redis/v1)" instance=Mac.fritz.box scope=dapr.contrib type=log ver=1.16.2
time="2025-11-14T13:11:50.562188+01:00" level=error msg="redis streams: error reading from stream kitchen-orders: dial tcp [::1]:6379: connect: connection refused" app_id=kitchen-service component="orderpubsub (pubsub.redis/v1)" instance=Mac.fritz.box scope=dapr.contrib type=log ver=1.16.2
time="2025-11-14T13:11:50.670552+01:00" level=error msg="redis streams: error reading from stream kitchen-orders: dial tcp [::1]:6379: connect: connection refused" app_id=kitchen-service component="orderpubsub (pubsub.redis/v1)" instance=Mac.fritz.box scope=dapr.contrib type=log ver=1.16.2
time="2025-11-14T13:11:50.785656+01:00" level=error msg="redis streams: error reading from stream kitchen-orders: dial tcp [::1]:6379: connect: connection refused" app_id=kitchen-service component="orderpubsub (pubsub.redis/v1)" instance=Mac.fritz.box scope=dapr.contrib type=log ver=1.16.2
time="2025-11-14T13:11:50.863096+01:00" level=error msg="redis streams: error reading from stream kitchen-orders: dial tcp [::1]:6379: connect: connection refused" app_id=kitchen-service component="orderpubsub (pubsub.redis/v1)" instance=Mac.fritz.box scope=dapr.contrib type=log ver=1.16.2
time="2025-11-14T13:11:50.975388+01:00" level=error msg="redis streams: error reading from stream kitchen-orders: dial tcp [::1]:6379: connect: connection refused" app_id=kitchen-service component="orderpubsub (pubsub.redis/v1)" instance=Mac.fritz.box scope=dapr.contrib type=log ver=1.16.2
time="2025-11-14T13:11:51.089145+01:00" level=error msg="redis streams: error reading from stream kitchen-orders: dial tcp [::1]:6379: connect: connection refused" app_id=kitchen-service component="orderpubsub (pubsub.redis/v1)" instance=Mac.fritz.box scope=dapr.contrib type=log ver=1.16.2
time="2025-11-14T13:11:51.219426+01:00" level=error msg="redis streams: error reading from stream kitchen-orders: dial tcp [::1]:6379: connect: connection refused" app_id=kitchen-service component="orderpubsub (pubsub.redis/v1)" instance=Mac.fritz.box scope=dapr.contrib type=log ver=1.16.2
time="2025-11-14T13:11:51.311226+01:00" level=error msg="redis streams: error reading from stream kitchen-orders: dial tcp [::1]:6379: connect: connection refused" app_id=kitchen-service component="orderpubsub (pubsub.redis/v1)" instance=Mac.fritz.box scope=dapr.contrib type=log ver=1.16.2
time="2025-11-14T13:11:51.414646+01:00" level=error msg="redis streams: error reading from stream kitchen-orders: dial tcp [::1]:6379: connect: connection refused" app_id=kitchen-service component="orderpubsub (pubsub.redis/v1)" instance=Mac.fritz.box scope=dapr.contrib type=log ver=1.16.2
time="2025-11-14T13:11:51.48766+01:00" level=error msg="redis streams: error reading from stream kitchen-orders: dial tcp [::1]:6379: connect: connection refused" app_id=kitchen-service component="orderpubsub (pubsub.redis/v1)" instance=Mac.fritz.box scope=dapr.contrib type=log ver=1.16.2
time="2025-11-14T13:11:51.562683+01:00" level=error msg="redis streams: error reading from stream kitchen-orders: dial tcp [::1]:6379: connect: connection refused" app_id=kitchen-service component="orderpubsub (pubsub.redis/v1)" instance=Mac.fritz.box scope=dapr.contrib type=log ver=1.16.2
time="2025-11-14T13:11:51.673112+01:00" level=error msg="redis streams: error reading from stream kitchen-orders: dial tcp [::1]:6379: connect: connection refused" app_id=kitchen-service component="orderpubsub (pubsub.redis/v1)" instance=Mac.fritz.box scope=dapr.contrib type=log ver=1.16.2
time="2025-11-14T13:11:51.776248+01:00" level=error msg="redis streams: error reading from stream kitchen-orders: dial tcp [::1]:6379: connect: connection refused" app_id=kitchen-service component="orderpubsub (pubsub.redis/v1)" instance=Mac.fritz.box scope=dapr.contrib type=log ver=1.16.2
time="2025-11-14T13:11:51.841213+01:00" level=error msg="redis streams: error reading from stream kitchen-orders: dial tcp [::1]:6379: connect: connection refused" app_id=kitchen-service component="orderpubsub (pubsub.redis/v1)" instance=Mac.fritz.box scope=dapr.contrib type=log ver=1.16.2
time="2025-11-14T13:11:51.949818+01:00" level=error msg="redis streams: error reading from stream kitchen-orders: dial tcp [::1]:6379: connect: connection refused" app_id=kitchen-service component="orderpubsub (pubsub.redis/v1)" instance=Mac.fritz.box scope=dapr.contrib type=log ver=1.16.2
time="2025-11-14T13:11:52.051328+01:00" level=error msg="redis streams: error reading from stream kitchen-orders: dial tcp [::1]:6379: connect: connection refused" app_id=kitchen-service component="orderpubsub (pubsub.redis/v1)" instance=Mac.fritz.box scope=dapr.contrib type=log ver=1.16.2
time="2025-11-14T13:11:52.174685+01:00" level=error msg="redis streams: error reading from stream kitchen-orders: dial tcp [::1]:6379: connect: connection refused" app_id=kitchen-service component="orderpubsub (pubsub.redis/v1)" instance=Mac.fritz.box scope=dapr.contrib type=log ver=1.16.2
time="2025-11-14T13:11:52.28752+01:00" level=error msg="redis streams: error reading from stream kitchen-orders: dial tcp [::1]:6379: connect: connection refused" app_id=kitchen-service component="orderpubsub (pubsub.redis/v1)" instance=Mac.fritz.box scope=dapr.contrib type=log ver=1.16.2
time="2025-11-14T13:11:52.339568+01:00" level=error msg="redis streams: error reading from stream kitchen-orders: dial tcp [::1]:6379: connect: connection refused" app_id=kitchen-service component="orderpubsub (pubsub.redis/v1)" instance=Mac.fritz.box scope=dapr.contrib type=log ver=1.16.2
time="2025-11-14T13:11:52.399199+01:00" level=error msg="redis streams: error reading from stream kitchen-orders: dial tcp [::1]:6379: connect: connection refused" app_id=kitchen-service component="orderpubsub (pubsub.redis/v1)" instance=Mac.fritz.box scope=dapr.contrib type=log ver=1.16.2
time="2025-11-14T13:11:52.474871+01:00" level=error msg="redis streams: error reading from stream kitchen-orders: dial tcp [::1]:6379: connect: connection refused" app_id=kitchen-service component="orderpubsub (pubsub.redis/v1)" instance=Mac.fritz.box scope=dapr.contrib type=log ver=1.16.2
time="2025-11-14T13:11:52.597748+01:00" level=error msg="redis streams: error reading from stream kitchen-orders: dial tcp [::1]:6379: connect: connection refused" app_id=kitchen-service component="orderpubsub (pubsub.redis/v1)" instance=Mac.fritz.box scope=dapr.contrib type=log ver=1.16.2
time="2025-11-14T13:11:52.678498+01:00" level=error msg="redis streams: error reading from stream kitchen-orders: dial tcp [::1]:6379: connect: connection refused" app_id=kitchen-service component="orderpubsub (pubsub.redis/v1)" instance=Mac.fritz.box scope=dapr.contrib type=log ver=1.16.2
time="2025-11-14T13:11:52.741644+01:00" level=error msg="redis streams: error reading from stream kitchen-orders: dial tcp [::1]:6379: connect: connection refused" app_id=kitchen-service component="orderpubsub (pubsub.redis/v1)" instance=Mac.fritz.box scope=dapr.contrib type=log ver=1.16.2
time="2025-11-14T13:11:52.816749+01:00" level=error msg="redis streams: error reading from stream kitchen-orders: dial tcp [::1]:6379: connect: connection refused" app_id=kitchen-service component="orderpubsub (pubsub.redis/v1)" instance=Mac.fritz.box scope=dapr.contrib type=log ver=1.16.2
time="2025-11-14T13:11:52.848939+01:00" level=error msg="redis streams: error reading from stream kitchen-orders: dial tcp [::1]:6379: connect: connection refused" app_id=kitchen-service component="orderpubsub (pubsub.redis/v1)" instance=Mac.fritz.box scope=dapr.contrib type=log ver=1.16.2
time="2025-11-14T13:11:52.945009+01:00" level=error msg="redis streams: error reading from stream kitchen-orders: dial tcp [::1]:6379: connect: connection refused" app_id=kitchen-service component="orderpubsub (pubsub.redis/v1)" instance=Mac.fritz.box scope=dapr.contrib type=log ver=1.16.2
time="2025-11-14T13:11:52.9954+01:00" level=error msg="redis streams: error reading from stream kitchen-orders: dial tcp [::1]:6379: connect: connection refused" app_id=kitchen-service component="orderpubsub (pubsub.redis/v1)" instance=Mac.fritz.box scope=dapr.contrib type=log ver=1.16.2
time="2025-11-14T13:11:53.050093+01:00" level=error msg="redis streams: error reading from stream kitchen-orders: dial tcp [::1]:6379: connect: connection refused" app_id=kitchen-service component="orderpubsub (pubsub.redis/v1)" instance=Mac.fritz.box scope=dapr.contrib type=log ver=1.16.2
time="2025-11-14T13:11:53.123335+01:00" level=error msg="redis streams: error reading from stream kitchen-orders: dial tcp [::1]:6379: connect: connection refused" app_id=kitchen-service component="orderpubsub (pubsub.redis/v1)" instance=Mac.fritz.box scope=dapr.contrib type=log ver=1.16.2
time="2025-11-14T13:11:53.241223+01:00" level=error msg="redis streams: error reading from stream kitchen-orders: dial tcp [::1]:6379: connect: connection refused" app_id=kitchen-service component="orderpubsub (pubsub.redis/v1)" instance=Mac.fritz.box scope=dapr.contrib type=log ver=1.16.2
time="2025-11-14T13:11:53.327019+01:00" level=error msg="redis streams: error reading from stream kitchen-orders: dial tcp [::1]:6379: connect: connection refused" app_id=kitchen-service component="orderpubsub (pubsub.redis/v1)" instance=Mac.fritz.box scope=dapr.contrib type=log ver=1.16.2
time="2025-11-14T13:11:53.420922+01:00" level=error msg="redis streams: error reading from stream kitchen-orders: dial tcp [::1]:6379: connect: connection refused" app_id=kitchen-service component="orderpubsub (pubsub.redis/v1)" instance=Mac.fritz.box scope=dapr.contrib type=log ver=1.16.2
time="2025-11-14T13:11:53.455971+01:00" level=error msg="redis streams: error reading from stream kitchen-orders: dial tcp [::1]:6379: connect: connection refused" app_id=kitchen-service component="orderpubsub (pubsub.redis/v1)" instance=Mac.fritz.box scope=dapr.contrib type=log ver=1.16.2
time="2025-11-14T13:11:53.534849+01:00" level=error msg="redis streams: error reading from stream kitchen-orders: dial tcp [::1]:6379: connect: connection refused" app_id=kitchen-service component="orderpubsub (pubsub.redis/v1)" instance=Mac.fritz.box scope=dapr.contrib type=log ver=1.16.2
time="2025-11-14T13:11:53.63606+01:00" level=error msg="redis streams: error reading from stream kitchen-orders: dial tcp [::1]:6379: connect: connection refused" app_id=kitchen-service component="orderpubsub (pubsub.redis/v1)" instance=Mac.fritz.box scope=dapr.contrib type=log ver=1.16.2
time="2025-11-14T13:11:53.71889+01:00" level=error msg="redis streams: error reading from stream kitchen-orders: dial tcp [::1]:6379: connect: connection refused" app_id=kitchen-service component="orderpubsub (pubsub.redis/v1)" instance=Mac.fritz.box scope=dapr.contrib type=log ver=1.16.2
time="2025-11-14T13:11:53.819072+01:00" level=error msg="redis streams: error reading from stream kitchen-orders: dial tcp [::1]:6379: connect: connection refused" app_id=kitchen-service component="orderpubsub (pubsub.redis/v1)" instance=Mac.fritz.box scope=dapr.contrib type=log ver=1.16.2
time="2025-11-14T13:11:53.890876+01:00" level=error msg="redis streams: error reading from stream kitchen-orders: dial tcp [::1]:6379: connect: connection refused" app_id=kitchen-service component="orderpubsub (pubsub.redis/v1)" instance=Mac.fritz.box scope=dapr.contrib type=log ver=1.16.2
time="2025-11-14T13:11:54.008172+01:00" level=error msg="redis streams: error reading from stream kitchen-orders: dial tcp [::1]:6379: connect: connection refused" app_id=kitchen-service component="orderpubsub (pubsub.redis/v1)" instance=Mac.fritz.box scope=dapr.contrib type=log ver=1.16.2
time="2025-11-14T13:11:54.101688+01:00" level=error msg="redis streams: error reading from stream kitchen-orders: dial tcp [::1]:6379: connect: connection refused" app_id=kitchen-service component="orderpubsub (pubsub.redis/v1)" instance=Mac.fritz.box scope=dapr.contrib type=log ver=1.16.2
time="2025-11-14T13:11:54.180731+01:00" level=error msg="redis streams: error reading from stream kitchen-orders: dial tcp [::1]:6379: connect: connection refused" app_id=kitchen-service component="orderpubsub (pubsub.redis/v1)" instance=Mac.fritz.box scope=dapr.contrib type=log ver=1.16.2
time="2025-11-14T13:11:54.286751+01:00" level=error msg="redis streams: error reading from stream kitchen-orders: dial tcp [::1]:6379: connect: connection refused" app_id=kitchen-service component="orderpubsub (pubsub.redis/v1)" instance=Mac.fritz.box scope=dapr.contrib type=log ver=1.16.2
time="2025-11-14T13:11:54.368873+01:00" level=error msg="redis streams: error reading from stream kitchen-orders: dial tcp [::1]:6379: connect: connection refused" app_id=kitchen-service component="orderpubsub (pubsub.redis/v1)" instance=Mac.fritz.box scope=dapr.contrib type=log ver=1.16.2
time="2025-11-14T13:11:54.482676+01:00" level=error msg="redis streams: error reading from stream kitchen-orders: dial tcp [::1]:6379: connect: connection refused" app_id=kitchen-service component="orderpubsub (pubsub.redis/v1)" instance=Mac.fritz.box scope=dapr.contrib type=log ver=1.16.2
time="2025-11-14T13:11:54.577828+01:00" level=error msg="redis streams: error reading from stream kitchen-orders: dial tcp [::1]:6379: connect: connection refused" app_id=kitchen-service component="orderpubsub (pubsub.redis/v1)" instance=Mac.fritz.box scope=dapr.contrib type=log ver=1.16.2
time="2025-11-14T13:11:54.658453+01:00" level=error msg="redis streams: error reading from stream kitchen-orders: dial tcp [::1]:6379: connect: connection refused" app_id=kitchen-service component="orderpubsub (pubsub.redis/v1)" instance=Mac.fritz.box scope=dapr.contrib type=log ver=1.16.2
time="2025-11-14T13:11:54.752749+01:00" level=error msg="redis streams: error reading from stream kitchen-orders: dial tcp [::1]:6379: connect: connection refused" app_id=kitchen-service component="orderpubsub (pubsub.redis/v1)" instance=Mac.fritz.box scope=dapr.contrib type=log ver=1.16.2
time="2025-11-14T13:11:54.846703+01:00" level=error msg="redis streams: error reading from stream kitchen-orders: dial tcp [::1]:6379: connect: connection refused" app_id=kitchen-service component="orderpubsub (pubsub.redis/v1)" instance=Mac.fritz.box scope=dapr.contrib type=log ver=1.16.2
time="2025-11-14T13:11:54.923515+01:00" level=error msg="redis streams: error reading from stream kitchen-orders: dial tcp [::1]:6379: connect: connection refused" app_id=kitchen-service component="orderpubsub (pubsub.redis/v1)" instance=Mac.fritz.box scope=dapr.contrib type=log ver=1.16.2
time="2025-11-14T13:11:54.983296+01:00" level=error msg="redis streams: error reading from stream kitchen-orders: dial tcp [::1]:6379: connect: connection refused" app_id=kitchen-service component="orderpubsub (pubsub.redis/v1)" instance=Mac.fritz.box scope=dapr.contrib type=log ver=1.16.2
time="2025-11-14T13:11:55.05295+01:00" level=error msg="redis streams: error reading from stream kitchen-orders: dial tcp [::1]:6379: connect: connection refused" app_id=kitchen-service component="orderpubsub (pubsub.redis/v1)" instance=Mac.fritz.box scope=dapr.contrib type=log ver=1.16.2
time="2025-11-14T13:11:55.155793+01:00" level=error msg="redis streams: error reading from stream kitchen-orders: dial tcp [::1]:6379: connect: connection refused" app_id=kitchen-service component="orderpubsub (pubsub.redis/v1)" instance=Mac.fritz.box scope=dapr.contrib type=log ver=1.16.2
time="2025-11-14T13:11:55.229834+01:00" level=error msg="redis streams: error reading from stream kitchen-orders: dial tcp [::1]:6379: connect: connection refused" app_id=kitchen-service component="orderpubsub (pubsub.redis/v1)" instance=Mac.fritz.box scope=dapr.contrib type=log ver=1.16.2
time="2025-11-14T13:11:55.335057+01:00" level=error msg="redis streams: error reading from stream kitchen-orders: dial tcp [::1]:6379: connect: connection refused" app_id=kitchen-service component="orderpubsub (pubsub.redis/v1)" instance=Mac.fritz.box scope=dapr.contrib type=log ver=1.16.2
time="2025-11-14T13:11:55.436344+01:00" level=error msg="redis streams: error reading from stream kitchen-orders: dial tcp [::1]:6379: connect: connection refused" app_id=kitchen-service component="orderpubsub (pubsub.redis/v1)" instance=Mac.fritz.box scope=dapr.contrib type=log ver=1.16.2
time="2025-11-14T13:11:55.485228+01:00" level=error msg="redis streams: error reading from stream kitchen-orders: dial tcp [::1]:6379: connect: connection refused" app_id=kitchen-service component="orderpubsub (pubsub.redis/v1)" instance=Mac.fritz.box scope=dapr.contrib type=log ver=1.16.2
time="2025-11-14T13:11:55.574166+01:00" level=error msg="redis streams: error reading from stream kitchen-orders: dial tcp [::1]:6379: connect: connection refused" app_id=kitchen-service component="orderpubsub (pubsub.redis/v1)" instance=Mac.fritz.box scope=dapr.contrib type=log ver=1.16.2
time="2025-11-14T13:11:55.669556+01:00" level=error msg="redis streams: error reading from stream kitchen-orders: dial tcp [::1]:6379: connect: connection refused" app_id=kitchen-service component="orderpubsub (pubsub.redis/v1)" instance=Mac.fritz.box scope=dapr.contrib type=log ver=1.16.2
time="2025-11-14T13:11:55.742068+01:00" level=error msg="redis streams: error reading from stream kitchen-orders: dial tcp [::1]:6379: connect: connection refused" app_id=kitchen-service component="orderpubsub (pubsub.redis/v1)" instance=Mac.fritz.box scope=dapr.contrib type=log ver=1.16.2
time="2025-11-14T13:11:55.833517+01:00" level=error msg="redis streams: error reading from stream kitchen-orders: dial tcp [::1]:6379: connect: connection refused" app_id=kitchen-service component="orderpubsub (pubsub.redis/v1)" instance=Mac.fritz.box scope=dapr.contrib type=log ver=1.16.2
time="2025-11-14T13:11:55.9167+01:00" level=error msg="redis streams: error reading from stream kitchen-orders: dial tcp [::1]:6379: connect: connection refused" app_id=kitchen-service component="orderpubsub (pubsub.redis/v1)" instance=Mac.fritz.box scope=dapr.contrib type=log ver=1.16.2
time="2025-11-14T13:11:56.037398+01:00" level=error msg="redis streams: error reading from stream kitchen-orders: dial tcp [::1]:6379: connect: connection refused" app_id=kitchen-service component="orderpubsub (pubsub.redis/v1)" instance=Mac.fritz.box scope=dapr.contrib type=log ver=1.16.2
time="2025-11-14T13:11:56.138528+01:00" level=error msg="redis streams: error reading from stream kitchen-orders: dial tcp [::1]:6379: connect: connection refused" app_id=kitchen-service component="orderpubsub (pubsub.redis/v1)" instance=Mac.fritz.box scope=dapr.contrib type=log ver=1.16.2
time="2025-11-14T13:11:56.224514+01:00" level=error msg="redis streams: error reading from stream kitchen-orders: dial tcp [::1]:6379: connect: connection refused" app_id=kitchen-service component="orderpubsub (pubsub.redis/v1)" instance=Mac.fritz.box scope=dapr.contrib type=log ver=1.16.2
time="2025-11-14T13:11:56.267497+01:00" level=error msg="redis streams: error reading from stream kitchen-orders: dial tcp [::1]:6379: connect: connection refused" app_id=kitchen-service component="orderpubsub (pubsub.redis/v1)" instance=Mac.fritz.box scope=dapr.contrib type=log ver=1.16.2
time="2025-11-14T13:11:56.371242+01:00" level=error msg="redis streams: error reading from stream kitchen-orders: dial tcp [::1]:6379: connect: connection refused" app_id=kitchen-service component="orderpubsub (pubsub.redis/v1)" instance=Mac.fritz.box scope=dapr.contrib type=log ver=1.16.2
time="2025-11-14T13:11:56.451367+01:00" level=error msg="redis streams: error reading from stream kitchen-orders: dial tcp [::1]:6379: connect: connection refused" app_id=kitchen-service component="orderpubsub (pubsub.redis/v1)" instance=Mac.fritz.box scope=dapr.contrib type=log ver=1.16.2
time="2025-11-14T13:11:56.505274+01:00" level=error msg="redis streams: error reading from stream kitchen-orders: dial tcp [::1]:6379: connect: connection refused" app_id=kitchen-service component="orderpubsub (pubsub.redis/v1)" instance=Mac.fritz.box scope=dapr.contrib type=log ver=1.16.2
time="2025-11-14T13:11:56.598823+01:00" level=error msg="redis streams: error reading from stream kitchen-orders: dial tcp [::1]:6379: connect: connection refused" app_id=kitchen-service component="orderpubsub (pubsub.redis/v1)" instance=Mac.fritz.box scope=dapr.contrib type=log ver=1.16.2
time="2025-11-14T13:11:56.661862+01:00" level=error msg="redis streams: error reading from stream kitchen-orders: dial tcp [::1]:6379: connect: connection refused" app_id=kitchen-service component="orderpubsub (pubsub.redis/v1)" instance=Mac.fritz.box scope=dapr.contrib type=log ver=1.16.2
time="2025-11-14T13:11:56.772659+01:00" level=error msg="redis streams: error reading from stream kitchen-orders: dial tcp [::1]:6379: connect: connection refused" app_id=kitchen-service component="orderpubsub (pubsub.redis/v1)" instance=Mac.fritz.box scope=dapr.contrib type=log ver=1.16.2
time="2025-11-14T13:11:56.840449+01:00" level=error msg="redis streams: error reading from stream kitchen-orders: dial tcp [::1]:6379: connect: connection refused" app_id=kitchen-service component="orderpubsub (pubsub.redis/v1)" instance=Mac.fritz.box scope=dapr.contrib type=log ver=1.16.2
time="2025-11-14T13:11:56.935101+01:00" level=error msg="redis streams: error reading from stream kitchen-orders: dial tcp [::1]:6379: connect: connection refused" app_id=kitchen-service component="orderpubsub (pubsub.redis/v1)" instance=Mac.fritz.box scope=dapr.contrib type=log ver=1.16.2
time="2025-11-14T13:11:57.01919+01:00" level=error msg="redis streams: error reading from stream kitchen-orders: dial tcp [::1]:6379: connect: connection refused" app_id=kitchen-service component="orderpubsub (pubsub.redis/v1)" instance=Mac.fritz.box scope=dapr.contrib type=log ver=1.16.2
time="2025-11-14T13:11:57.13404+01:00" level=error msg="redis streams: error reading from stream kitchen-orders: dial tcp [::1]:6379: connect: connection refused" app_id=kitchen-service component="orderpubsub (pubsub.redis/v1)" instance=Mac.fritz.box scope=dapr.contrib type=log ver=1.16.2
time="2025-11-14T13:11:57.21489+01:00" level=error msg="redis streams: error reading from stream kitchen-orders: dial tcp [::1]:6379: connect: connection refused" app_id=kitchen-service component="orderpubsub (pubsub.redis/v1)" instance=Mac.fritz.box scope=dapr.contrib type=log ver=1.16.2
time="2025-11-14T13:11:57.310744+01:00" level=error msg="redis streams: error reading from stream kitchen-orders: dial tcp [::1]:6379: connect: connection refused" app_id=kitchen-service component="orderpubsub (pubsub.redis/v1)" instance=Mac.fritz.box scope=dapr.contrib type=log ver=1.16.2
time="2025-11-14T13:11:57.402815+01:00" level=error msg="redis streams: error reading from stream kitchen-orders: dial tcp [::1]:6379: connect: connection refused" app_id=kitchen-service component="orderpubsub (pubsub.redis/v1)" instance=Mac.fritz.box scope=dapr.contrib type=log ver=1.16.2
time="2025-11-14T13:11:57.460609+01:00" level=error msg="redis streams: error reading from stream kitchen-orders: dial tcp [::1]:6379: connect: connection refused" app_id=kitchen-service component="orderpubsub (pubsub.redis/v1)" instance=Mac.fritz.box scope=dapr.contrib type=log ver=1.16.2
time="2025-11-14T13:11:57.562154+01:00" level=error msg="redis streams: error reading from stream kitchen-orders: dial tcp [::1]:6379: connect: connection refused" app_id=kitchen-service component="orderpubsub (pubsub.redis/v1)" instance=Mac.fritz.box scope=dapr.contrib type=log ver=1.16.2
time="2025-11-14T13:11:57.620626+01:00" level=error msg="redis streams: error reading from stream kitchen-orders: dial tcp [::1]:6379: connect: connection refused" app_id=kitchen-service component="orderpubsub (pubsub.redis/v1)" instance=Mac.fritz.box scope=dapr.contrib type=log ver=1.16.2
time="2025-11-14T13:11:57.728067+01:00" level=error msg="redis streams: error reading from stream kitchen-orders: dial tcp [::1]:6379: connect: connection refused" app_id=kitchen-service component="orderpubsub (pubsub.redis/v1)" instance=Mac.fritz.box scope=dapr.contrib type=log ver=1.16.2
time="2025-11-14T13:11:57.809169+01:00" level=error msg="redis streams: error reading from stream kitchen-orders: dial tcp [::1]:6379: connect: connection refused" app_id=kitchen-service component="orderpubsub (pubsub.redis/v1)" instance=Mac.fritz.box scope=dapr.contrib type=log ver=1.16.2
time="2025-11-14T13:11:57.874976+01:00" level=error msg="redis streams: error reading from stream kitchen-orders: dial tcp [::1]:6379: connect: connection refused" app_id=kitchen-service component="orderpubsub (pubsub.redis/v1)" instance=Mac.fritz.box scope=dapr.contrib type=log ver=1.16.2
time="2025-11-14T13:11:57.951681+01:00" level=error msg="redis streams: error reading from stream kitchen-orders: dial tcp [::1]:6379: connect: connection refused" app_id=kitchen-service component="orderpubsub (pubsub.redis/v1)" instance=Mac.fritz.box scope=dapr.contrib type=log ver=1.16.2
time="2025-11-14T13:11:58.029754+01:00" level=error msg="redis streams: error reading from stream kitchen-orders: dial tcp [::1]:6379: connect: connection refused" app_id=kitchen-service component="orderpubsub (pubsub.redis/v1)" instance=Mac.fritz.box scope=dapr.contrib type=log ver=1.16.2
time="2025-11-14T13:11:58.088696+01:00" level=error msg="redis streams: error reading from stream kitchen-orders: dial tcp [::1]:6379: connect: connection refused" app_id=kitchen-service component="orderpubsub (pubsub.redis/v1)" instance=Mac.fritz.box scope=dapr.contrib type=log ver=1.16.2
time="2025-11-14T13:11:58.147085+01:00" level=error msg="redis streams: error reading from stream kitchen-orders: dial tcp [::1]:6379: connect: connection refused" app_id=kitchen-service component="orderpubsub (pubsub.redis/v1)" instance=Mac.fritz.box scope=dapr.contrib type=log ver=1.16.2
time="2025-11-14T13:11:58.243651+01:00" level=error msg="redis streams: error reading from stream kitchen-orders: dial tcp [::1]:6379: connect: connection refused" app_id=kitchen-service component="orderpubsub (pubsub.redis/v1)" instance=Mac.fritz.box scope=dapr.contrib type=log ver=1.16.2
time="2025-11-14T13:11:58.314578+01:00" level=error msg="redis streams: error reading from stream kitchen-orders: dial tcp [::1]:6379: connect: connection refused" app_id=kitchen-service component="orderpubsub (pubsub.redis/v1)" instance=Mac.fritz.box scope=dapr.contrib type=log ver=1.16.2
time="2025-11-14T13:11:58.379517+01:00" level=error msg="redis streams: error reading from stream kitchen-orders: dial tcp [::1]:6379: connect: connection refused" app_id=kitchen-service component="orderpubsub (pubsub.redis/v1)" instance=Mac.fritz.box scope=dapr.contrib type=log ver=1.16.2
time="2025-11-14T13:11:58.438612+01:00" level=error msg="redis streams: error reading from stream kitchen-orders: dial tcp [::1]:6379: connect: connection refused" app_id=kitchen-service component="orderpubsub (pubsub.redis/v1)" instance=Mac.fritz.box scope=dapr.contrib type=log ver=1.16.2
time="2025-11-14T13:11:58.512036+01:00" level=error msg="redis streams: error reading from stream kitchen-orders: dial tcp [::1]:6379: connect: connection refused" app_id=kitchen-service component="orderpubsub (pubsub.redis/v1)" instance=Mac.fritz.box scope=dapr.contrib type=log ver=1.16.2
time="2025-11-14T13:11:58.599015+01:00" level=error msg="redis streams: error reading from stream kitchen-orders: dial tcp [::1]:6379: connect: connection refused" app_id=kitchen-service component="orderpubsub (pubsub.redis/v1)" instance=Mac.fritz.box scope=dapr.contrib type=log ver=1.16.2
time="2025-11-14T13:11:58.694765+01:00" level=error msg="redis streams: error reading from stream kitchen-orders: dial tcp [::1]:6379: connect: connection refused" app_id=kitchen-service component="orderpubsub (pubsub.redis/v1)" instance=Mac.fritz.box scope=dapr.contrib type=log ver=1.16.2
time="2025-11-14T13:11:58.780435+01:00" level=error msg="redis streams: error reading from stream kitchen-orders: dial tcp [::1]:6379: connect: connection refused" app_id=kitchen-service component="orderpubsub (pubsub.redis/v1)" instance=Mac.fritz.box scope=dapr.contrib type=log ver=1.16.2
time="2025-11-14T13:11:58.826083+01:00" level=error msg="error retrieving pending Redis messages: dial tcp [::1]:6379: connect: connection refused" app_id=kitchen-service component="orderpubsub (pubsub.redis/v1)" instance=Mac.fritz.box scope=dapr.contrib type=log ver=1.16.2
time="2025-11-14T13:11:58.82693+01:00" level=error msg="redis streams: error reading from stream kitchen-orders: dial tcp [::1]:6379: connect: connection refused" app_id=kitchen-service component="orderpubsub (pubsub.redis/v1)" instance=Mac.fritz.box scope=dapr.contrib type=log ver=1.16.2
time="2025-11-14T13:11:58.891359+01:00" level=error msg="redis streams: error reading from stream kitchen-orders: dial tcp [::1]:6379: connect: connection refused" app_id=kitchen-service component="orderpubsub (pubsub.redis/v1)" instance=Mac.fritz.box scope=dapr.contrib type=log ver=1.16.2
time="2025-11-14T13:11:58.98239+01:00" level=error msg="redis streams: error reading from stream kitchen-orders: dial tcp [::1]:6379: connect: connection refused" app_id=kitchen-service component="orderpubsub (pubsub.redis/v1)" instance=Mac.fritz.box scope=dapr.contrib type=log ver=1.16.2
time="2025-11-14T13:11:59.059526+01:00" level=error msg="redis streams: error reading from stream kitchen-orders: dial tcp [::1]:6379: connect: connection refused" app_id=kitchen-service component="orderpubsub (pubsub.redis/v1)" instance=Mac.fritz.box scope=dapr.contrib type=log ver=1.16.2
time="2025-11-14T13:11:59.175011+01:00" level=error msg="redis streams: error reading from stream kitchen-orders: dial tcp [::1]:6379: connect: connection refused" app_id=kitchen-service component="orderpubsub (pubsub.redis/v1)" instance=Mac.fritz.box scope=dapr.contrib type=log ver=1.16.2
time="2025-11-14T13:11:59.225012+01:00" level=error msg="redis streams: error reading from stream kitchen-orders: dial tcp [::1]:6379: connect: connection refused" app_id=kitchen-service component="orderpubsub (pubsub.redis/v1)" instance=Mac.fritz.box scope=dapr.contrib type=log ver=1.16.2
time="2025-11-14T13:11:59.351988+01:00" level=error msg="redis streams: error reading from stream kitchen-orders: dial tcp [::1]:6379: connect: connection refused" app_id=kitchen-service component="orderpubsub (pubsub.redis/v1)" instance=Mac.fritz.box scope=dapr.contrib type=log ver=1.16.2
time="2025-11-14T13:11:59.388285+01:00" level=error msg="redis streams: error reading from stream kitchen-orders: dial tcp [::1]:6379: connect: connection refused" app_id=kitchen-service component="orderpubsub (pubsub.redis/v1)" instance=Mac.fritz.box scope=dapr.contrib type=log ver=1.16.2
time="2025-11-14T13:11:59.457897+01:00" level=error msg="redis streams: error reading from stream kitchen-orders: dial tcp [::1]:6379: connect: connection refused" app_id=kitchen-service component="orderpubsub (pubsub.redis/v1)" instance=Mac.fritz.box scope=dapr.contrib type=log ver=1.16.2
time="2025-11-14T13:11:59.534605+01:00" level=error msg="redis streams: error reading from stream kitchen-orders: dial tcp [::1]:6379: connect: connection refused" app_id=kitchen-service component="orderpubsub (pubsub.redis/v1)" instance=Mac.fritz.box scope=dapr.contrib type=log ver=1.16.2
time="2025-11-14T13:11:59.644644+01:00" level=error msg="redis streams: error reading from stream kitchen-orders: dial tcp [::1]:6379: connect: connection refused" app_id=kitchen-service component="orderpubsub (pubsub.redis/v1)" instance=Mac.fritz.box scope=dapr.contrib type=log ver=1.16.2
time="2025-11-14T13:11:59.703156+01:00" level=error msg="redis streams: error reading from stream kitchen-orders: dial tcp [::1]:6379: connect: connection refused" app_id=kitchen-service component="orderpubsub (pubsub.redis/v1)" instance=Mac.fritz.box scope=dapr.contrib type=log ver=1.16.2
time="2025-11-14T13:11:59.774632+01:00" level=error msg="redis streams: error reading from stream kitchen-orders: dial tcp [::1]:6379: connect: connection refused" app_id=kitchen-service component="orderpubsub (pubsub.redis/v1)" instance=Mac.fritz.box scope=dapr.contrib type=log ver=1.16.2
time="2025-11-14T13:11:59.823236+01:00" level=error msg="redis streams: error reading from stream kitchen-orders: dial tcp [::1]:6379: connect: connection refused" app_id=kitchen-service component="orderpubsub (pubsub.redis/v1)" instance=Mac.fritz.box scope=dapr.contrib type=log ver=1.16.2
time="2025-11-14T13:11:59.914766+01:00" level=error msg="redis streams: error reading from stream kitchen-orders: dial tcp [::1]:6379: connect: connection refused" app_id=kitchen-service component="orderpubsub (pubsub.redis/v1)" instance=Mac.fritz.box scope=dapr.contrib type=log ver=1.16.2
time="2025-11-14T13:11:59.965068+01:00" level=error msg="redis streams: error reading from stream kitchen-orders: dial tcp [::1]:6379: connect: connection refused" app_id=kitchen-service component="orderpubsub (pubsub.redis/v1)" instance=Mac.fritz.box scope=dapr.contrib type=log ver=1.16.2
time="2025-11-14T13:12:00.042704+01:00" level=error msg="redis streams: error reading from stream kitchen-orders: dial tcp [::1]:6379: connect: connection refused" app_id=kitchen-service component="orderpubsub (pubsub.redis/v1)" instance=Mac.fritz.box scope=dapr.contrib type=log ver=1.16.2
time="2025-11-14T13:12:00.136004+01:00" level=error msg="redis streams: error reading from stream kitchen-orders: dial tcp [::1]:6379: connect: connection refused" app_id=kitchen-service component="orderpubsub (pubsub.redis/v1)" instance=Mac.fritz.box scope=dapr.contrib type=log ver=1.16.2
time="2025-11-14T13:12:00.189728+01:00" level=error msg="redis streams: error reading from stream kitchen-orders: dial tcp [::1]:6379: connect: connection refused" app_id=kitchen-service component="orderpubsub (pubsub.redis/v1)" instance=Mac.fritz.box scope=dapr.contrib type=log ver=1.16.2
time="2025-11-14T13:12:00.303742+01:00" level=error msg="redis streams: error reading from stream kitchen-orders: dial tcp [::1]:6379: connect: connection refused" app_id=kitchen-service component="orderpubsub (pubsub.redis/v1)" instance=Mac.fritz.box scope=dapr.contrib type=log ver=1.16.2
time="2025-11-14T13:12:00.405662+01:00" level=error msg="redis streams: error reading from stream kitchen-orders: dial tcp [::1]:6379: connect: connection refused" app_id=kitchen-service component="orderpubsub (pubsub.redis/v1)" instance=Mac.fritz.box scope=dapr.contrib type=log ver=1.16.2
time="2025-11-14T13:12:00.508961+01:00" level=error msg="redis streams: error reading from stream kitchen-orders: dial tcp [::1]:6379: connect: connection refused" app_id=kitchen-service component="orderpubsub (pubsub.redis/v1)" instance=Mac.fritz.box scope=dapr.contrib type=log ver=1.16.2
time="2025-11-14T13:12:00.610825+01:00" level=error msg="redis streams: error reading from stream kitchen-orders: dial tcp [::1]:6379: connect: connection refused" app_id=kitchen-service component="orderpubsub (pubsub.redis/v1)" instance=Mac.fritz.box scope=dapr.contrib type=log ver=1.16.2
time="2025-11-14T13:12:00.682883+01:00" level=error msg="redis streams: error reading from stream kitchen-orders: dial tcp [::1]:6379: connect: connection refused" app_id=kitchen-service component="orderpubsub (pubsub.redis/v1)" instance=Mac.fritz.box scope=dapr.contrib type=log ver=1.16.2
time="2025-11-14T13:12:00.732171+01:00" level=error msg="redis streams: error reading from stream kitchen-orders: dial tcp [::1]:6379: connect: connection refused" app_id=kitchen-service component="orderpubsub (pubsub.redis/v1)" instance=Mac.fritz.box scope=dapr.contrib type=log ver=1.16.2
time="2025-11-14T13:12:00.80988+01:00" level=error msg="redis streams: error reading from stream kitchen-orders: dial tcp [::1]:6379: connect: connection refused" app_id=kitchen-service component="orderpubsub (pubsub.redis/v1)" instance=Mac.fritz.box scope=dapr.contrib type=log ver=1.16.2
time="2025-11-14T13:12:00.880475+01:00" level=error msg="redis streams: error reading from stream kitchen-orders: dial tcp [::1]:6379: connect: connection refused" app_id=kitchen-service component="orderpubsub (pubsub.redis/v1)" instance=Mac.fritz.box scope=dapr.contrib type=log ver=1.16.2
time="2025-11-14T13:12:00.969939+01:00" level=error msg="redis streams: error reading from stream kitchen-orders: dial tcp [::1]:6379: connect: connection refused" app_id=kitchen-service component="orderpubsub (pubsub.redis/v1)" instance=Mac.fritz.box scope=dapr.contrib type=log ver=1.16.2
time="2025-11-14T13:12:01.048954+01:00" level=error msg="redis streams: error reading from stream kitchen-orders: dial tcp [::1]:6379: connect: connection refused" app_id=kitchen-service component="orderpubsub (pubsub.redis/v1)" instance=Mac.fritz.box scope=dapr.contrib type=log ver=1.16.2
time="2025-11-14T13:12:01.103508+01:00" level=error msg="redis streams: error reading from stream kitchen-orders: dial tcp [::1]:6379: connect: connection refused" app_id=kitchen-service component="orderpubsub (pubsub.redis/v1)" instance=Mac.fritz.box scope=dapr.contrib type=log ver=1.16.2
time="2025-11-14T13:12:01.151581+01:00" level=error msg="redis streams: error reading from stream kitchen-orders: dial tcp [::1]:6379: connect: connection refused" app_id=kitchen-service component="orderpubsub (pubsub.redis/v1)" instance=Mac.fritz.box scope=dapr.contrib type=log ver=1.16.2
time="2025-11-14T13:12:01.250552+01:00" level=error msg="redis streams: error reading from stream kitchen-orders: dial tcp [::1]:6379: connect: connection refused" app_id=kitchen-service component="orderpubsub (pubsub.redis/v1)" instance=Mac.fritz.box scope=dapr.contrib type=log ver=1.16.2
time="2025-11-14T13:12:01.29848+01:00" level=error msg="redis streams: error reading from stream kitchen-orders: dial tcp [::1]:6379: connect: connection refused" app_id=kitchen-service component="orderpubsub (pubsub.redis/v1)" instance=Mac.fritz.box scope=dapr.contrib type=log ver=1.16.2
time="2025-11-14T13:12:01.39518+01:00" level=error msg="redis streams: error reading from stream kitchen-orders: dial tcp [::1]:6379: connect: connection refused" app_id=kitchen-service component="orderpubsub (pubsub.redis/v1)" instance=Mac.fritz.box scope=dapr.contrib type=log ver=1.16.2
time="2025-11-14T13:12:01.498041+01:00" level=error msg="redis streams: error reading from stream kitchen-orders: dial tcp [::1]:6379: connect: connection refused" app_id=kitchen-service component="orderpubsub (pubsub.redis/v1)" instance=Mac.fritz.box scope=dapr.contrib type=log ver=1.16.2
time="2025-11-14T13:12:01.577575+01:00" level=error msg="redis streams: error reading from stream kitchen-orders: dial tcp [::1]:6379: connect: connection refused" app_id=kitchen-service component="orderpubsub (pubsub.redis/v1)" instance=Mac.fritz.box scope=dapr.contrib type=log ver=1.16.2
time="2025-11-14T13:12:01.698705+01:00" level=error msg="redis streams: error reading from stream kitchen-orders: dial tcp [::1]:6379: connect: connection refused" app_id=kitchen-service component="orderpubsub (pubsub.redis/v1)" instance=Mac.fritz.box scope=dapr.contrib type=log ver=1.16.2
time="2025-11-14T13:12:01.770278+01:00" level=error msg="redis streams: error reading from stream kitchen-orders: dial tcp [::1]:6379: connect: connection refused" app_id=kitchen-service component="orderpubsub (pubsub.redis/v1)" instance=Mac.fritz.box scope=dapr.contrib type=log ver=1.16.2
time="2025-11-14T13:12:01.816234+01:00" level=error msg="redis streams: error reading from stream kitchen-orders: dial tcp [::1]:6379: connect: connection refused" app_id=kitchen-service component="orderpubsub (pubsub.redis/v1)" instance=Mac.fritz.box scope=dapr.contrib type=log ver=1.16.2
time="2025-11-14T13:12:01.865436+01:00" level=error msg="redis streams: error reading from stream kitchen-orders: dial tcp [::1]:6379: connect: connection refused" app_id=kitchen-service component="orderpubsub (pubsub.redis/v1)" instance=Mac.fritz.box scope=dapr.contrib type=log ver=1.16.2
time="2025-11-14T13:12:01.942993+01:00" level=error msg="redis streams: error reading from stream kitchen-orders: dial tcp [::1]:6379: connect: connection refused" app_id=kitchen-service component="orderpubsub (pubsub.redis/v1)" instance=Mac.fritz.box scope=dapr.contrib type=log ver=1.16.2
time="2025-11-14T13:12:02.065504+01:00" level=error msg="redis streams: error reading from stream kitchen-orders: dial tcp [::1]:6379: connect: connection refused" app_id=kitchen-service component="orderpubsub (pubsub.redis/v1)" instance=Mac.fritz.box scope=dapr.contrib type=log ver=1.16.2
time="2025-11-14T13:12:02.183341+01:00" level=error msg="redis streams: error reading from stream kitchen-orders: dial tcp [::1]:6379: connect: connection refused" app_id=kitchen-service component="orderpubsub (pubsub.redis/v1)" instance=Mac.fritz.box scope=dapr.contrib type=log ver=1.16.2
time="2025-11-14T13:12:02.293387+01:00" level=error msg="redis streams: error reading from stream kitchen-orders: dial tcp [::1]:6379: connect: connection refused" app_id=kitchen-service component="orderpubsub (pubsub.redis/v1)" instance=Mac.fritz.box scope=dapr.contrib type=log ver=1.16.2
time="2025-11-14T13:12:02.370712+01:00" level=error msg="redis streams: error reading from stream kitchen-orders: dial tcp [::1]:6379: connect: connection refused" app_id=kitchen-service component="orderpubsub (pubsub.redis/v1)" instance=Mac.fritz.box scope=dapr.contrib type=log ver=1.16.2
time="2025-11-14T13:12:02.495173+01:00" level=error msg="redis streams: error reading from stream kitchen-orders: dial tcp [::1]:6379: connect: connection refused" app_id=kitchen-service component="orderpubsub (pubsub.redis/v1)" instance=Mac.fritz.box scope=dapr.contrib type=log ver=1.16.2
time="2025-11-14T13:12:02.592494+01:00" level=error msg="redis streams: error reading from stream kitchen-orders: dial tcp [::1]:6379: connect: connection refused" app_id=kitchen-service component="orderpubsub (pubsub.redis/v1)" instance=Mac.fritz.box scope=dapr.contrib type=log ver=1.16.2
time="2025-11-14T13:12:02.669129+01:00" level=error msg="redis streams: error reading from stream kitchen-orders: dial tcp [::1]:6379: connect: connection refused" app_id=kitchen-service component="orderpubsub (pubsub.redis/v1)" instance=Mac.fritz.box scope=dapr.contrib type=log ver=1.16.2
time="2025-11-14T13:12:02.724489+01:00" level=error msg="redis streams: error reading from stream kitchen-orders: dial tcp [::1]:6379: connect: connection refused" app_id=kitchen-service component="orderpubsub (pubsub.redis/v1)" instance=Mac.fritz.box scope=dapr.contrib type=log ver=1.16.2
time="2025-11-14T13:12:02.822089+01:00" level=error msg="redis streams: error reading from stream kitchen-orders: dial tcp [::1]:6379: connect: connection refused" app_id=kitchen-service component="orderpubsub (pubsub.redis/v1)" instance=Mac.fritz.box scope=dapr.contrib type=log ver=1.16.2
time="2025-11-14T13:12:02.887767+01:00" level=error msg="redis streams: error reading from stream kitchen-orders: dial tcp [::1]:6379: connect: connection refused" app_id=kitchen-service component="orderpubsub (pubsub.redis/v1)" instance=Mac.fritz.box scope=dapr.contrib type=log ver=1.16.2
time="2025-11-14T13:12:02.948288+01:00" level=error msg="redis streams: error reading from stream kitchen-orders: dial tcp [::1]:6379: connect: connection refused" app_id=kitchen-service component="orderpubsub (pubsub.redis/v1)" instance=Mac.fritz.box scope=dapr.contrib type=log ver=1.16.2
time="2025-11-14T13:12:02.99016+01:00" level=error msg="redis streams: error reading from stream kitchen-orders: dial tcp [::1]:6379: connect: connection refused" app_id=kitchen-service component="orderpubsub (pubsub.redis/v1)" instance=Mac.fritz.box scope=dapr.contrib type=log ver=1.16.2
time="2025-11-14T13:12:03.029251+01:00" level=error msg="redis streams: error reading from stream kitchen-orders: dial tcp [::1]:6379: connect: connection refused" app_id=kitchen-service component="orderpubsub (pubsub.redis/v1)" instance=Mac.fritz.box scope=dapr.contrib type=log ver=1.16.2
time="2025-11-14T13:12:03.128265+01:00" level=error msg="redis streams: error reading from stream kitchen-orders: dial tcp [::1]:6379: connect: connection refused" app_id=kitchen-service component="orderpubsub (pubsub.redis/v1)" instance=Mac.fritz.box scope=dapr.contrib type=log ver=1.16.2
time="2025-11-14T13:12:03.185409+01:00" level=error msg="redis streams: error reading from stream kitchen-orders: dial tcp [::1]:6379: connect: connection refused" app_id=kitchen-service component="orderpubsub (pubsub.redis/v1)" instance=Mac.fritz.box scope=dapr.contrib type=log ver=1.16.2
time="2025-11-14T13:12:03.263259+01:00" level=error msg="redis streams: error reading from stream kitchen-orders: dial tcp [::1]:6379: connect: connection refused" app_id=kitchen-service component="orderpubsub (pubsub.redis/v1)" instance=Mac.fritz.box scope=dapr.contrib type=log ver=1.16.2
time="2025-11-14T13:12:03.347454+01:00" level=error msg="redis streams: error reading from stream kitchen-orders: dial tcp [::1]:6379: connect: connection refused" app_id=kitchen-service component="orderpubsub (pubsub.redis/v1)" instance=Mac.fritz.box scope=dapr.contrib type=log ver=1.16.2
time="2025-11-14T13:12:03.432435+01:00" level=error msg="redis streams: error reading from stream kitchen-orders: dial tcp [::1]:6379: connect: connection refused" app_id=kitchen-service component="orderpubsub (pubsub.redis/v1)" instance=Mac.fritz.box scope=dapr.contrib type=log ver=1.16.2
time="2025-11-14T13:12:03.530725+01:00" level=error msg="redis streams: error reading from stream kitchen-orders: dial tcp [::1]:6379: connect: connection refused" app_id=kitchen-service component="orderpubsub (pubsub.redis/v1)" instance=Mac.fritz.box scope=dapr.contrib type=log ver=1.16.2
time="2025-11-14T13:12:03.648714+01:00" level=error msg="redis streams: error reading from stream kitchen-orders: dial tcp [::1]:6379: connect: connection refused" app_id=kitchen-service component="orderpubsub (pubsub.redis/v1)" instance=Mac.fritz.box scope=dapr.contrib type=log ver=1.16.2
time="2025-11-14T13:12:03.69714+01:00" level=error msg="redis streams: error reading from stream kitchen-orders: dial tcp [::1]:6379: connect: connection refused" app_id=kitchen-service component="orderpubsub (pubsub.redis/v1)" instance=Mac.fritz.box scope=dapr.contrib type=log ver=1.16.2
time="2025-11-14T13:12:03.769499+01:00" level=warning msg="redis streams: consumer group kitchen-service does not exist for stream kitchen-orders. This could mean the server experienced data loss, or the group/stream was deleted." app_id=kitchen-service component="orderpubsub (pubsub.redis/v1)" instance=Mac.fritz.box scope=dapr.contrib type=log ver=1.16.2
time="2025-11-14T13:12:03.769565+01:00" level=warning msg="redis streams: recreating group kitchen-service for stream kitchen-orders" app_id=kitchen-service component="orderpubsub (pubsub.redis/v1)" instance=Mac.fritz.box scope=dapr.contrib type=log ver=1.16.2
time="2025-11-14T13:12:03.770241+01:00" level=error msg="redis streams: error reading from stream kitchen-orders: NOGROUP No such key 'kitchen-orders' or consumer group 'kitchen-service' in XREADGROUP with GROUP option" app_id=kitchen-service component="orderpubsub (pubsub.redis/v1)" instance=Mac.fritz.box scope=dapr.contrib type=log ver=1.16.2
time="2025-11-14T13:26:23.881313+01:00" level=info msg="Received signal 'interrupt'; beginning shutdown" app_id=kitchen-service instance=Mac.fritz.box scope=dapr.signals type=log ver=1.16.2
time="2025-11-14T13:26:23.881693+01:00" level=info msg="backend stopping..." app_id=kitchen-service instance=Mac.fritz.box scope=dapr.wfengine.durabletask.backend type=log ver=1.16.2
time="2025-11-14T13:26:23.881827+01:00" level=info msg="workers stopping and draining..." app_id=kitchen-service instance=Mac.fritz.box scope=dapr.wfengine.durabletask.backend type=log ver=1.16.2
time="2025-11-14T13:26:23.88188+01:00" level=info msg="orchestration-processor: worker stopped" app_id=kitchen-service instance=Mac.fritz.box scope=dapr.wfengine.durabletask.backend type=log ver=1.16.2
time="2025-11-14T13:26:23.881941+01:00" level=info msg="Scheduler stream disconnected" app_id=kitchen-service instance=Mac.fritz.box scope=dapr.runtime.scheduler.cluster type=log ver=1.16.2
time="2025-11-14T13:26:23.881973+01:00" level=info msg="Scheduler stream disconnected" app_id=kitchen-service instance=Mac.fritz.box scope=dapr.runtime.scheduler.cluster type=log ver=1.16.2
time="2025-11-14T13:26:23.881936+01:00" level=info msg="activity-processor: worker stopped" app_id=kitchen-service instance=Mac.fritz.box scope=dapr.wfengine.durabletask.backend type=log ver=1.16.2
time="2025-11-14T13:26:23.881994+01:00" level=info msg="Actor runtime shutting down" app_id=kitchen-service instance=Mac.fritz.box scope=dapr.runtime.actor type=log ver=1.16.2
time="2025-11-14T13:26:23.882018+01:00" level=info msg="finished stopping and draining workers!" app_id=kitchen-service instance=Mac.fritz.box scope=dapr.wfengine.durabletask.backend type=log ver=1.16.2
time="2025-11-14T13:26:23.882045+01:00" level=info msg="Workflow engine stopped" app_id=kitchen-service instance=Mac.fritz.box scope=dapr.runtime.wfengine type=log ver=1.16.2
time="2025-11-14T13:26:23.882115+01:00" level=error msg="Error communicating with placement: rpc error: code = Canceled desc = context canceled" app_id=kitchen-service instance=Mac.fritz.box scope=dapr.runtime.actors.placement.client type=log ver=1.16.2
time="2025-11-14T13:26:23.882158+01:00" level=info msg="Scheduler stream disconnected" app_id=kitchen-service instance=Mac.fritz.box scope=dapr.runtime.scheduler.cluster type=log ver=1.16.2
time="2025-11-14T13:26:23.882159+01:00" level=info msg="Actor runtime stopped" app_id=kitchen-service instance=Mac.fritz.box scope=dapr.runtime.actor type=log ver=1.16.2
time="2025-11-14T13:26:23.882408+01:00" level=info msg="Dapr is shutting down" app_id=kitchen-service instance=Mac.fritz.box scope=dapr.runtime type=log ver=1.16.2
time="2025-11-14T13:26:23.882602+01:00" level=info msg="Shutting down component statestore (state.redis/v1)" app_id=kitchen-service instance=Mac.fritz.box scope=dapr.runtime type=log ver=1.16.2
time="2025-11-14T13:26:23.882627+01:00" level=info msg="stopping mDNS server for app id: kitchen-service" app_id=kitchen-service component="nr (mdns/v1)" instance=Mac.fritz.box scope=dapr.contrib type=log ver=1.16.2
time="2025-11-14T13:26:23.882757+01:00" level=info msg="Closing HTTP server [::]:3502…" app_id=kitchen-service instance=Mac.fritz.box scope=dapr.runtime.http type=log ver=1.16.2
time="2025-11-14T13:26:23.882823+01:00" level=info msg="Shutting down component orderpubsub (pubsub.redis/v1)" app_id=kitchen-service instance=Mac.fritz.box scope=dapr.runtime type=log ver=1.16.2
time="2025-11-14T13:26:23.88317+01:00" level=info msg="Dapr runtime stopped" app_id=kitchen-service instance=Mac.fritz.box scope=dapr.runtime type=log ver=1.16.2

termination signal received: shutting down
Exited Dapr successfully
Exited App successfully
