Starting Dapr with id kitchen-service. HTTP Port: 3502. gRPC Port: 62119
Updating metadata for cliPID: 66949
time="2025-11-14T16:15:21.506047+01:00" level=info msg="Starting Dapr Runtime -- version 1.16.2 -- commit 3c7722a8c5648354e24256993caf047bc8c80666" app_id=kitchen-service instance=Mac.fritz.box scope=dapr.runtime type=log ver=1.16.2
time="2025-11-14T16:15:21.506079+01:00" level=info msg="Log level set to: info" app_id=kitchen-service instance=Mac.fritz.box scope=dapr.runtime type=log ver=1.16.2
time="2025-11-14T16:15:21.506206+01:00" level=warning msg="mTLS is disabled. Skipping certificate request and tls validation" app_id=kitchen-service instance=Mac.fritz.box scope=dapr.runtime.security type=log ver=1.16.2
time="2025-11-14T16:15:21.50653+01:00" level=info msg="Enabled features: SchedulerReminders" app_id=kitchen-service instance=Mac.fritz.box scope=dapr.runtime type=log ver=1.16.2
time="2025-11-14T16:15:21.506585+01:00" level=info msg="metric spec: {\"enabled\":true}" app_id=kitchen-service instance=Mac.fritz.box scope=dapr.runtime.diagnostics type=log ver=1.16.2
time="2025-11-14T16:15:21.5066+01:00" level=info msg="Using default latency distribution buckets: [1 2 3 4 5 6 8 10 13 16 20 25 30 40 50 65 80 100 130 160 200 250 300 400 500 650 800 1000 2000 5000 10000 20000 50000 100000]" app_id=kitchen-service instance=Mac.fritz.box scope=dapr.runtime.diagnostics type=log ver=1.16.2
time="2025-11-14T16:15:21.50666+01:00" level=warning msg="The default value for 'spec.metric.http.increasedCardinality' will change to 'false' in Dapr 1.15 or later" app_id=kitchen-service instance=Mac.fritz.box scope=dapr.runtime.diagnostics type=log ver=1.16.2
time="2025-11-14T16:15:21.507034+01:00" level=info msg="standalone mode configured" app_id=kitchen-service instance=Mac.fritz.box scope=dapr.runtime type=log ver=1.16.2
time="2025-11-14T16:15:21.507069+01:00" level=info msg="app id: kitchen-service" app_id=kitchen-service instance=Mac.fritz.box scope=dapr.runtime type=log ver=1.16.2
time="2025-11-14T16:15:21.507244+01:00" level=info msg="metrics server started on 0.0.0.0:62120/" app_id=kitchen-service instance=Mac.fritz.box scope=dapr.runtime type=log ver=1.16.2
time="2025-11-14T16:15:21.507309+01:00" level=info msg="Dapr trace sampler initialized: ParentBased{root:AlwaysOnSampler,remoteParentSampled:AlwaysOnSampler,remoteParentNotSampled:AlwaysOffSampler,localParentSampled:AlwaysOnSampler,localParentNotSampled:AlwaysOffSampler}" app_id=kitchen-service instance=Mac.fritz.box scope=dapr.runtime type=log ver=1.16.2
time="2025-11-14T16:15:21.507602+01:00" level=info msg="local service entry announced: kitchen-service -> 192.168.179.36:62121" app_id=kitchen-service component="nr (mdns/v1)" instance=Mac.fritz.box scope=dapr.contrib type=log ver=1.16.2
time="2025-11-14T16:15:21.507617+01:00" level=info msg="Initialized name resolution to mdns" app_id=kitchen-service instance=Mac.fritz.box scope=dapr.runtime type=log ver=1.16.2
time="2025-11-14T16:15:21.507717+01:00" level=info msg="Loading components…" app_id=kitchen-service instance=Mac.fritz.box scope=dapr.runtime type=log ver=1.16.2
time="2025-11-14T16:15:21.515581+01:00" level=info msg="Connected and received scheduler hosts addresses: [localhost:50006]" app_id=kitchen-service instance=Mac.fritz.box scope=dapr.runtime.scheduler.watchhosts type=log ver=1.16.2
time="2025-11-14T16:15:21.515679+01:00" level=info msg="Scheduler client initialized for address: localhost:50006" app_id=kitchen-service instance=Mac.fritz.box scope=dapr.runtime.scheduler.clients type=log ver=1.16.2
time="2025-11-14T16:15:21.51569+01:00" level=info msg="Scheduler clients initialized" app_id=kitchen-service instance=Mac.fritz.box scope=dapr.runtime.scheduler.clients type=log ver=1.16.2
time="2025-11-14T16:15:21.516111+01:00" level=info msg="Component loaded: orderpubsub (pubsub.redis/v1)" app_id=kitchen-service instance=Mac.fritz.box scope=dapr.runtime.processor type=log ver=1.16.2
time="2025-11-14T16:15:21.516151+01:00" level=info msg="Waiting for all outstanding components to be processed…" app_id=kitchen-service instance=Mac.fritz.box scope=dapr.runtime type=log ver=1.16.2
time="2025-11-14T16:15:21.522311+01:00" level=info msg="Using 'statestore' as actor state store" app_id=kitchen-service instance=Mac.fritz.box scope=dapr.runtime.processor.state type=log ver=1.16.2
time="2025-11-14T16:15:21.522338+01:00" level=info msg="Component loaded: statestore (state.redis/v1)" app_id=kitchen-service instance=Mac.fritz.box scope=dapr.runtime.processor type=log ver=1.16.2
time="2025-11-14T16:15:21.522348+01:00" level=info msg="All outstanding components processed" app_id=kitchen-service instance=Mac.fritz.box scope=dapr.runtime type=log ver=1.16.2
time="2025-11-14T16:15:21.522357+01:00" level=info msg="Loading endpoints…" app_id=kitchen-service instance=Mac.fritz.box scope=dapr.runtime type=log ver=1.16.2
time="2025-11-14T16:15:21.522568+01:00" level=info msg="Waiting for all outstanding http endpoints to be processed…" app_id=kitchen-service instance=Mac.fritz.box scope=dapr.runtime type=log ver=1.16.2
time="2025-11-14T16:15:21.522582+01:00" level=info msg="All outstanding http endpoints processed" app_id=kitchen-service instance=Mac.fritz.box scope=dapr.runtime type=log ver=1.16.2
time="2025-11-14T16:15:21.522589+01:00" level=info msg="Loading Declarative Subscriptions…" app_id=kitchen-service instance=Mac.fritz.box scope=dapr.runtime type=log ver=1.16.2
time="2025-11-14T16:15:21.523008+01:00" level=info msg="gRPC server listening on TCP address: :62119" app_id=kitchen-service instance=Mac.fritz.box scope=dapr.runtime.grpc.api type=log ver=1.16.2
time="2025-11-14T16:15:21.523019+01:00" level=info msg="Enabled gRPC tracing middleware" app_id=kitchen-service instance=Mac.fritz.box scope=dapr.runtime.grpc.api type=log ver=1.16.2
time="2025-11-14T16:15:21.523024+01:00" level=info msg="Enabled gRPC metrics middleware" app_id=kitchen-service instance=Mac.fritz.box scope=dapr.runtime.grpc.api type=log ver=1.16.2
time="2025-11-14T16:15:21.523055+01:00" level=info msg="Registering workflow engine for gRPC endpoint: [::]:62119" app_id=kitchen-service instance=Mac.fritz.box scope=dapr.runtime.grpc.api type=log ver=1.16.2
time="2025-11-14T16:15:21.523071+01:00" level=info msg="API gRPC server is running on port 62119" app_id=kitchen-service instance=Mac.fritz.box scope=dapr.runtime type=log ver=1.16.2
time="2025-11-14T16:15:21.523087+01:00" level=warning msg="The default value for 'spec.metric.http.increasedCardinality' will change to 'false' in Dapr 1.15 or later" app_id=kitchen-service instance=Mac.fritz.box scope=dapr.runtime.http type=log ver=1.16.2
time="2025-11-14T16:15:21.523114+01:00" level=info msg="Enabled max body size HTTP middleware with size 4194304 bytes" app_id=kitchen-service instance=Mac.fritz.box scope=dapr.runtime.http type=log ver=1.16.2
time="2025-11-14T16:15:21.523121+01:00" level=info msg="Enabled tracing HTTP middleware" app_id=kitchen-service instance=Mac.fritz.box scope=dapr.runtime.http type=log ver=1.16.2
time="2025-11-14T16:15:21.523126+01:00" level=info msg="Enabled metrics HTTP middleware" app_id=kitchen-service instance=Mac.fritz.box scope=dapr.runtime.http type=log ver=1.16.2
time="2025-11-14T16:15:21.523294+01:00" level=info msg="HTTP server listening on TCP address: :3502" app_id=kitchen-service instance=Mac.fritz.box scope=dapr.runtime.http type=log ver=1.16.2
time="2025-11-14T16:15:21.523305+01:00" level=info msg="HTTP server is running on port 3502" app_id=kitchen-service instance=Mac.fritz.box scope=dapr.runtime type=log ver=1.16.2
time="2025-11-14T16:15:21.52331+01:00" level=info msg="The request body size parameter is: 4194304 bytes" app_id=kitchen-service instance=Mac.fritz.box scope=dapr.runtime type=log ver=1.16.2
time="2025-11-14T16:15:21.523337+01:00" level=info msg="gRPC server listening on TCP address: :62121" app_id=kitchen-service instance=Mac.fritz.box scope=dapr.runtime.grpc.internal type=log ver=1.16.2
time="2025-11-14T16:15:21.523344+01:00" level=info msg="Enabled gRPC tracing middleware" app_id=kitchen-service instance=Mac.fritz.box scope=dapr.runtime.grpc.internal type=log ver=1.16.2
time="2025-11-14T16:15:21.523356+01:00" level=info msg="Enabled gRPC metrics middleware" app_id=kitchen-service instance=Mac.fritz.box scope=dapr.runtime.grpc.internal type=log ver=1.16.2
time="2025-11-14T16:15:21.52337+01:00" level=info msg="Internal gRPC server is running on :62121" app_id=kitchen-service instance=Mac.fritz.box scope=dapr.runtime type=log ver=1.16.2
time="2025-11-14T16:15:21.523378+01:00" level=info msg="application protocol: http. waiting on port 5002.  This will block until the app is listening on that port." app_id=kitchen-service instance=Mac.fritz.box scope=dapr.runtime type=log ver=1.16.2
time="2025-11-14T16:15:21.72512+01:00" level=info msg="application discovered on port 5002" app_id=kitchen-service instance=Mac.fritz.box scope=dapr.runtime type=log ver=1.16.2
time="2025-11-14T16:15:21.725286+01:00" level=info msg="Using Scheduler service for reminders." app_id=kitchen-service instance=Mac.fritz.box scope=dapr.runtime.actor.reminders.scheduler type=log ver=1.16.2
time="2025-11-14T16:15:21.725356+01:00" level=info msg="Actor runtime started" app_id=kitchen-service instance=Mac.fritz.box scope=dapr.runtime.actor type=log ver=1.16.2
time="2025-11-14T16:15:21.72538+01:00" level=warning msg="Graceful shutdown timeout is infinite, will wait indefinitely to shutdown" app_id=kitchen-service instance=Mac.fritz.box scope=dapr.runtime.actor type=log ver=1.16.2
time="2025-11-14T16:15:21.725446+01:00" level=info msg="worker started with backend dapr.actors/v1" app_id=kitchen-service instance=Mac.fritz.box scope=dapr.wfengine.durabletask.backend type=log ver=1.16.2
time="2025-11-14T16:15:21.725473+01:00" level=info msg="Workflow engine started" app_id=kitchen-service instance=Mac.fritz.box scope=dapr.runtime.wfengine type=log ver=1.16.2
time="2025-11-14T16:15:21.726343+01:00" level=info msg="Application configuration loaded" app_id=kitchen-service instance=Mac.fritz.box scope=dapr.runtime type=log ver=1.16.2
time="2025-11-14T16:15:21.727064+01:00" level=info msg="app is subscribed to the following topics: [[kitchen-orders]] through pubsub=orderpubsub" app_id=kitchen-service instance=Mac.fritz.box scope=dapr.runtime.processor.subscription type=log ver=1.16.2
time="2025-11-14T16:15:21.728804+01:00" level=info msg="dapr initialized. Status: Running. Init Elapsed 221ms" app_id=kitchen-service instance=Mac.fritz.box scope=dapr.runtime type=log ver=1.16.2
time="2025-11-14T16:15:21.728947+01:00" level=info msg="Reporting actor types: []" app_id=kitchen-service instance=Mac.fritz.box scope=dapr.runtime.actors.placement type=log ver=1.16.2
time="2025-11-14T16:15:21.72896+01:00" level=info msg="Scheduler stream connected for [JOB_TARGET_TYPE_JOB]" app_id=kitchen-service instance=Mac.fritz.box scope=dapr.runtime.scheduler.cluster type=log ver=1.16.2
time="2025-11-14T16:15:21.728961+01:00" level=info msg="Scheduler stream connected for [JOB_TARGET_TYPE_JOB]" app_id=kitchen-service instance=Mac.fritz.box scope=dapr.runtime.scheduler.cluster type=log ver=1.16.2
time="2025-11-14T16:15:21.728966+01:00" level=info msg="Scheduler stream connected for [JOB_TARGET_TYPE_JOB]" app_id=kitchen-service instance=Mac.fritz.box scope=dapr.runtime.scheduler.cluster type=log ver=1.16.2
time="2025-11-14T16:15:21.729025+01:00" level=info msg="Connected to placement localhost:50005" app_id=kitchen-service instance=Mac.fritz.box scope=dapr.runtime.actors.placement.client.connector.static type=log ver=1.16.2
time="2025-11-14T16:15:21.733095+01:00" level=info msg="Connected to placement localhost:50005" app_id=kitchen-service instance=Mac.fritz.box scope=dapr.runtime.actors.placement.client type=log ver=1.16.2
time="2025-11-14T16:15:21.7348+01:00" level=info msg="Placement tables updated, version: 0" app_id=kitchen-service instance=Mac.fritz.box scope=dapr.runtime.actors.placement type=log ver=1.16.2
time="2025-11-14T16:15:21.734834+01:00" level=info msg="Running actor reminder migration from state store to scheduler" app_id=kitchen-service instance=Mac.fritz.box scope=dapr.runtime.actors.reminders.migration type=log ver=1.16.2
time="2025-11-14T16:15:21.734845+01:00" level=info msg="Skipping migration, no missing scheduler reminders found" app_id=kitchen-service instance=Mac.fritz.box scope=dapr.runtime.actors.reminders.migration type=log ver=1.16.2
time="2025-11-14T16:15:21.734861+01:00" level=info msg="Found 0 missing scheduler reminders from state store" app_id=kitchen-service instance=Mac.fritz.box scope=dapr.runtime.actors.reminders.migration type=log ver=1.16.2
time="2025-11-14T16:15:21.734867+01:00" level=info msg="Migrated 0 reminders from state store to scheduler successfully" app_id=kitchen-service instance=Mac.fritz.box scope=dapr.runtime.actors.reminders.migration type=log ver=1.16.2
Updating metadata for app command: python app.py
Updating metadata for appPID: 66960
You're up and running! Dapr logs will appear here.

time="2025-11-14T16:18:17.317451+01:00" level=info msg="Received signal 'interrupt'; beginning shutdown" app_id=kitchen-service instance=Mac.fritz.box scope=dapr.signals type=log ver=1.16.2
time="2025-11-14T16:18:17.317709+01:00" level=info msg="Actor runtime shutting down" app_id=kitchen-service instance=Mac.fritz.box scope=dapr.runtime.actor type=log ver=1.16.2
time="2025-11-14T16:18:17.31779+01:00" level=info msg="backend stopping..." app_id=kitchen-service instance=Mac.fritz.box scope=dapr.wfengine.durabletask.backend type=log ver=1.16.2
time="2025-11-14T16:18:17.317824+01:00" level=info msg="workers stopping and draining..." app_id=kitchen-service instance=Mac.fritz.box scope=dapr.wfengine.durabletask.backend type=log ver=1.16.2
time="2025-11-14T16:18:17.317887+01:00" level=error msg="Error communicating with placement: rpc error: code = Canceled desc = context canceled" app_id=kitchen-service instance=Mac.fritz.box scope=dapr.runtime.actors.placement.client type=log ver=1.16.2
time="2025-11-14T16:18:17.317893+01:00" level=info msg="orchestration-processor: worker stopped" app_id=kitchen-service instance=Mac.fritz.box scope=dapr.wfengine.durabletask.backend type=log ver=1.16.2
time="2025-11-14T16:18:17.317925+01:00" level=info msg="activity-processor: worker stopped" app_id=kitchen-service instance=Mac.fritz.box scope=dapr.wfengine.durabletask.backend type=log ver=1.16.2
time="2025-11-14T16:18:17.318118+01:00" level=info msg="Scheduler stream disconnected" app_id=kitchen-service instance=Mac.fritz.box scope=dapr.runtime.scheduler.cluster type=log ver=1.16.2
time="2025-11-14T16:18:17.31818+01:00" level=info msg="Scheduler stream disconnected" app_id=kitchen-service instance=Mac.fritz.box scope=dapr.runtime.scheduler.cluster type=log ver=1.16.2
time="2025-11-14T16:18:17.318138+01:00" level=info msg="Scheduler stream disconnected" app_id=kitchen-service instance=Mac.fritz.box scope=dapr.runtime.scheduler.cluster type=log ver=1.16.2
time="2025-11-14T16:18:17.318046+01:00" level=info msg="finished stopping and draining workers!" app_id=kitchen-service instance=Mac.fritz.box scope=dapr.wfengine.durabletask.backend type=log ver=1.16.2
time="2025-11-14T16:18:17.31828+01:00" level=info msg="Workflow engine stopped" app_id=kitchen-service instance=Mac.fritz.box scope=dapr.runtime.wfengine type=log ver=1.16.2
time="2025-11-14T16:18:17.318327+01:00" level=info msg="Actor runtime stopped" app_id=kitchen-service instance=Mac.fritz.box scope=dapr.runtime.actor type=log ver=1.16.2
time="2025-11-14T16:18:17.318429+01:00" level=info msg="Closing HTTP server [::]:3502…" app_id=kitchen-service instance=Mac.fritz.box scope=dapr.runtime.http type=log ver=1.16.2
time="2025-11-14T16:18:17.318524+01:00" level=info msg="stopping mDNS server for app id: kitchen-service" app_id=kitchen-service component="nr (mdns/v1)" instance=Mac.fritz.box scope=dapr.contrib type=log ver=1.16.2
time="2025-11-14T16:18:17.318566+01:00" level=info msg="Dapr is shutting down" app_id=kitchen-service instance=Mac.fritz.box scope=dapr.runtime type=log ver=1.16.2
time="2025-11-14T16:18:17.318873+01:00" level=info msg="Shutting down component statestore (state.redis/v1)" app_id=kitchen-service instance=Mac.fritz.box scope=dapr.runtime type=log ver=1.16.2
time="2025-11-14T16:18:17.318909+01:00" level=info msg="Shutting down component orderpubsub (pubsub.redis/v1)" app_id=kitchen-service instance=Mac.fritz.box scope=dapr.runtime type=log ver=1.16.2
time="2025-11-14T16:18:17.319313+01:00" level=info msg="Dapr runtime stopped" app_id=kitchen-service instance=Mac.fritz.box scope=dapr.runtime type=log ver=1.16.2

termination signal received: shutting down
Exited Dapr successfully
Exited App successfully
