Starting Dapr with id order-service. HTTP Port: 3501. gRPC Port: 54582
Updating metadata for cliPID: 21600
time="2025-11-14T13:05:33.085744+01:00" level=info msg="Starting Dapr Runtime -- version 1.16.2 -- commit 3c7722a8c5648354e24256993caf047bc8c80666" app_id=order-service instance=Mac.fritz.box scope=dapr.runtime type=log ver=1.16.2
time="2025-11-14T13:05:33.085789+01:00" level=info msg="Log level set to: info" app_id=order-service instance=Mac.fritz.box scope=dapr.runtime type=log ver=1.16.2
time="2025-11-14T13:05:33.086403+01:00" level=warning msg="mTLS is disabled. Skipping certificate request and tls validation" app_id=order-service instance=Mac.fritz.box scope=dapr.runtime.security type=log ver=1.16.2
time="2025-11-14T13:05:33.09043+01:00" level=info msg="Enabled features: SchedulerReminders" app_id=order-service instance=Mac.fritz.box scope=dapr.runtime type=log ver=1.16.2
time="2025-11-14T13:05:33.09067+01:00" level=info msg="metric spec: {\"enabled\":true}" app_id=order-service instance=Mac.fritz.box scope=dapr.runtime.diagnostics type=log ver=1.16.2
time="2025-11-14T13:05:33.090696+01:00" level=info msg="Using default latency distribution buckets: [1 2 3 4 5 6 8 10 13 16 20 25 30 40 50 65 80 100 130 160 200 250 300 400 500 650 800 1000 2000 5000 10000 20000 50000 100000]" app_id=order-service instance=Mac.fritz.box scope=dapr.runtime.diagnostics type=log ver=1.16.2
time="2025-11-14T13:05:33.090779+01:00" level=warning msg="The default value for 'spec.metric.http.increasedCardinality' will change to 'false' in Dapr 1.15 or later" app_id=order-service instance=Mac.fritz.box scope=dapr.runtime.diagnostics type=log ver=1.16.2
time="2025-11-14T13:05:33.092411+01:00" level=info msg="standalone mode configured" app_id=order-service instance=Mac.fritz.box scope=dapr.runtime type=log ver=1.16.2
time="2025-11-14T13:05:33.092428+01:00" level=info msg="app id: order-service" app_id=order-service instance=Mac.fritz.box scope=dapr.runtime type=log ver=1.16.2
time="2025-11-14T13:05:33.093777+01:00" level=info msg="metrics server started on 0.0.0.0:54583/" app_id=order-service instance=Mac.fritz.box scope=dapr.runtime type=log ver=1.16.2
time="2025-11-14T13:05:33.094013+01:00" level=info msg="Dapr trace sampler initialized: ParentBased{root:AlwaysOnSampler,remoteParentSampled:AlwaysOnSampler,remoteParentNotSampled:AlwaysOffSampler,localParentSampled:AlwaysOnSampler,localParentNotSampled:AlwaysOffSampler}" app_id=order-service instance=Mac.fritz.box scope=dapr.runtime type=log ver=1.16.2
time="2025-11-14T13:05:33.095637+01:00" level=info msg="local service entry announced: order-service -> 192.168.179.36:54584" app_id=order-service component="nr (mdns/v1)" instance=Mac.fritz.box scope=dapr.contrib type=log ver=1.16.2
time="2025-11-14T13:05:33.095653+01:00" level=info msg="Initialized name resolution to mdns" app_id=order-service instance=Mac.fritz.box scope=dapr.runtime type=log ver=1.16.2
time="2025-11-14T13:05:33.096126+01:00" level=info msg="Loading components…" app_id=order-service instance=Mac.fritz.box scope=dapr.runtime type=log ver=1.16.2
time="2025-11-14T13:05:33.111239+01:00" level=info msg="Component loaded: orderpubsub (pubsub.redis/v1)" app_id=order-service instance=Mac.fritz.box scope=dapr.runtime.processor type=log ver=1.16.2
time="2025-11-14T13:05:33.111299+01:00" level=info msg="Waiting for all outstanding components to be processed…" app_id=order-service instance=Mac.fritz.box scope=dapr.runtime type=log ver=1.16.2
time="2025-11-14T13:05:33.114379+01:00" level=info msg="Using 'statestore' as actor state store" app_id=order-service instance=Mac.fritz.box scope=dapr.runtime.processor.state type=log ver=1.16.2
time="2025-11-14T13:05:33.114446+01:00" level=info msg="Component loaded: statestore (state.redis/v1)" app_id=order-service instance=Mac.fritz.box scope=dapr.runtime.processor type=log ver=1.16.2
time="2025-11-14T13:05:33.114483+01:00" level=info msg="All outstanding components processed" app_id=order-service instance=Mac.fritz.box scope=dapr.runtime type=log ver=1.16.2
time="2025-11-14T13:05:33.114722+01:00" level=info msg="Loading endpoints…" app_id=order-service instance=Mac.fritz.box scope=dapr.runtime type=log ver=1.16.2
time="2025-11-14T13:05:33.115103+01:00" level=info msg="Waiting for all outstanding http endpoints to be processed…" app_id=order-service instance=Mac.fritz.box scope=dapr.runtime type=log ver=1.16.2
time="2025-11-14T13:05:33.115124+01:00" level=info msg="All outstanding http endpoints processed" app_id=order-service instance=Mac.fritz.box scope=dapr.runtime type=log ver=1.16.2
time="2025-11-14T13:05:33.115133+01:00" level=info msg="Loading Declarative Subscriptions…" app_id=order-service instance=Mac.fritz.box scope=dapr.runtime type=log ver=1.16.2
time="2025-11-14T13:05:33.115852+01:00" level=info msg="gRPC server listening on TCP address: :54582" app_id=order-service instance=Mac.fritz.box scope=dapr.runtime.grpc.api type=log ver=1.16.2
time="2025-11-14T13:05:33.115868+01:00" level=info msg="Enabled gRPC tracing middleware" app_id=order-service instance=Mac.fritz.box scope=dapr.runtime.grpc.api type=log ver=1.16.2
time="2025-11-14T13:05:33.115874+01:00" level=info msg="Enabled gRPC metrics middleware" app_id=order-service instance=Mac.fritz.box scope=dapr.runtime.grpc.api type=log ver=1.16.2
time="2025-11-14T13:05:33.115924+01:00" level=info msg="Registering workflow engine for gRPC endpoint: [::]:54582" app_id=order-service instance=Mac.fritz.box scope=dapr.runtime.grpc.api type=log ver=1.16.2
time="2025-11-14T13:05:33.11614+01:00" level=info msg="API gRPC server is running on port 54582" app_id=order-service instance=Mac.fritz.box scope=dapr.runtime type=log ver=1.16.2
time="2025-11-14T13:05:33.116722+01:00" level=warning msg="The default value for 'spec.metric.http.increasedCardinality' will change to 'false' in Dapr 1.15 or later" app_id=order-service instance=Mac.fritz.box scope=dapr.runtime.http type=log ver=1.16.2
time="2025-11-14T13:05:33.116945+01:00" level=info msg="Enabled max body size HTTP middleware with size 4194304 bytes" app_id=order-service instance=Mac.fritz.box scope=dapr.runtime.http type=log ver=1.16.2
time="2025-11-14T13:05:33.116989+01:00" level=info msg="Enabled tracing HTTP middleware" app_id=order-service instance=Mac.fritz.box scope=dapr.runtime.http type=log ver=1.16.2
time="2025-11-14T13:05:33.116998+01:00" level=info msg="Enabled metrics HTTP middleware" app_id=order-service instance=Mac.fritz.box scope=dapr.runtime.http type=log ver=1.16.2
time="2025-11-14T13:05:33.117128+01:00" level=info msg="Connected and received scheduler hosts addresses: [localhost:50006]" app_id=order-service instance=Mac.fritz.box scope=dapr.runtime.scheduler.watchhosts type=log ver=1.16.2
time="2025-11-14T13:05:33.117209+01:00" level=info msg="HTTP server listening on TCP address: :3501" app_id=order-service instance=Mac.fritz.box scope=dapr.runtime.http type=log ver=1.16.2
time="2025-11-14T13:05:33.117233+01:00" level=info msg="Scheduler client initialized for address: localhost:50006" app_id=order-service instance=Mac.fritz.box scope=dapr.runtime.scheduler.clients type=log ver=1.16.2
time="2025-11-14T13:05:33.117241+01:00" level=info msg="Scheduler clients initialized" app_id=order-service instance=Mac.fritz.box scope=dapr.runtime.scheduler.clients type=log ver=1.16.2
time="2025-11-14T13:05:33.117398+01:00" level=info msg="HTTP server is running on port 3501" app_id=order-service instance=Mac.fritz.box scope=dapr.runtime type=log ver=1.16.2
time="2025-11-14T13:05:33.117416+01:00" level=info msg="The request body size parameter is: 4194304 bytes" app_id=order-service instance=Mac.fritz.box scope=dapr.runtime type=log ver=1.16.2
time="2025-11-14T13:05:33.117487+01:00" level=info msg="gRPC server listening on TCP address: :54584" app_id=order-service instance=Mac.fritz.box scope=dapr.runtime.grpc.internal type=log ver=1.16.2
time="2025-11-14T13:05:33.117499+01:00" level=info msg="Enabled gRPC tracing middleware" app_id=order-service instance=Mac.fritz.box scope=dapr.runtime.grpc.internal type=log ver=1.16.2
time="2025-11-14T13:05:33.117505+01:00" level=info msg="Enabled gRPC metrics middleware" app_id=order-service instance=Mac.fritz.box scope=dapr.runtime.grpc.internal type=log ver=1.16.2
time="2025-11-14T13:05:33.117535+01:00" level=info msg="Internal gRPC server is running on :54584" app_id=order-service instance=Mac.fritz.box scope=dapr.runtime type=log ver=1.16.2
time="2025-11-14T13:05:33.117543+01:00" level=info msg="application protocol: http. waiting on port 5001.  This will block until the app is listening on that port." app_id=order-service instance=Mac.fritz.box scope=dapr.runtime type=log ver=1.16.2
time="2025-11-14T13:05:33.520394+01:00" level=info msg="application discovered on port 5001" app_id=order-service instance=Mac.fritz.box scope=dapr.runtime type=log ver=1.16.2
time="2025-11-14T13:05:33.520742+01:00" level=info msg="Using Scheduler service for reminders." app_id=order-service instance=Mac.fritz.box scope=dapr.runtime.actor.reminders.scheduler type=log ver=1.16.2
time="2025-11-14T13:05:33.521038+01:00" level=info msg="worker started with backend dapr.actors/v1" app_id=order-service instance=Mac.fritz.box scope=dapr.wfengine.durabletask.backend type=log ver=1.16.2
time="2025-11-14T13:05:33.521113+01:00" level=info msg="Actor runtime started" app_id=order-service instance=Mac.fritz.box scope=dapr.runtime.actor type=log ver=1.16.2
time="2025-11-14T13:05:33.521129+01:00" level=warning msg="Graceful shutdown timeout is infinite, will wait indefinitely to shutdown" app_id=order-service instance=Mac.fritz.box scope=dapr.runtime.actor type=log ver=1.16.2
time="2025-11-14T13:05:33.521269+01:00" level=info msg="Workflow engine started" app_id=order-service instance=Mac.fritz.box scope=dapr.runtime.wfengine type=log ver=1.16.2
time="2025-11-14T13:05:33.522713+01:00" level=info msg="Application configuration loaded" app_id=order-service instance=Mac.fritz.box scope=dapr.runtime type=log ver=1.16.2
time="2025-11-14T13:05:33.524271+01:00" level=info msg="dapr initialized. Status: Running. Init Elapsed 431ms" app_id=order-service instance=Mac.fritz.box scope=dapr.runtime type=log ver=1.16.2
time="2025-11-14T13:05:33.524504+01:00" level=info msg="Reporting actor types: []" app_id=order-service instance=Mac.fritz.box scope=dapr.runtime.actors.placement type=log ver=1.16.2
time="2025-11-14T13:05:33.524798+01:00" level=info msg="Connected to placement localhost:50005" app_id=order-service instance=Mac.fritz.box scope=dapr.runtime.actors.placement.client.connector.static type=log ver=1.16.2
time="2025-11-14T13:05:33.524821+01:00" level=info msg="Scheduler stream connected for [JOB_TARGET_TYPE_JOB]" app_id=order-service instance=Mac.fritz.box scope=dapr.runtime.scheduler.cluster type=log ver=1.16.2
time="2025-11-14T13:05:33.524832+01:00" level=info msg="Scheduler stream connected for [JOB_TARGET_TYPE_JOB]" app_id=order-service instance=Mac.fritz.box scope=dapr.runtime.scheduler.cluster type=log ver=1.16.2
time="2025-11-14T13:05:33.524826+01:00" level=info msg="Scheduler stream connected for [JOB_TARGET_TYPE_JOB]" app_id=order-service instance=Mac.fritz.box scope=dapr.runtime.scheduler.cluster type=log ver=1.16.2
time="2025-11-14T13:05:33.528769+01:00" level=info msg="Connected to placement localhost:50005" app_id=order-service instance=Mac.fritz.box scope=dapr.runtime.actors.placement.client type=log ver=1.16.2
time="2025-11-14T13:05:33.531703+01:00" level=info msg="Placement tables updated, version: 0" app_id=order-service instance=Mac.fritz.box scope=dapr.runtime.actors.placement type=log ver=1.16.2
time="2025-11-14T13:05:33.531742+01:00" level=info msg="Running actor reminder migration from state store to scheduler" app_id=order-service instance=Mac.fritz.box scope=dapr.runtime.actors.reminders.migration type=log ver=1.16.2
time="2025-11-14T13:05:33.531752+01:00" level=info msg="Skipping migration, no missing scheduler reminders found" app_id=order-service instance=Mac.fritz.box scope=dapr.runtime.actors.reminders.migration type=log ver=1.16.2
time="2025-11-14T13:05:33.531759+01:00" level=info msg="Found 0 missing scheduler reminders from state store" app_id=order-service instance=Mac.fritz.box scope=dapr.runtime.actors.reminders.migration type=log ver=1.16.2
time="2025-11-14T13:05:33.531772+01:00" level=info msg="Migrated 0 reminders from state store to scheduler successfully" app_id=order-service instance=Mac.fritz.box scope=dapr.runtime.actors.reminders.migration type=log ver=1.16.2
Updating metadata for app command: python app.py
Updating metadata for appPID: 21604
You're up and running! Dapr logs will appear here.


termination signal received: shutting down
Exited Dapr successfully
Exited App successfully
