Starting Dapr with id order-service. HTTP Port: 3501. gRPC Port: 61054
Updating metadata for cliPID: 58271
time="2025-11-14T15:41:44.265946+01:00" level=info msg="Starting Dapr Runtime -- version 1.16.2 -- commit 3c7722a8c5648354e24256993caf047bc8c80666" app_id=order-service instance=Mac.fritz.box scope=dapr.runtime type=log ver=1.16.2
time="2025-11-14T15:41:44.26598+01:00" level=info msg="Log level set to: info" app_id=order-service instance=Mac.fritz.box scope=dapr.runtime type=log ver=1.16.2
time="2025-11-14T15:41:44.266084+01:00" level=warning msg="mTLS is disabled. Skipping certificate request and tls validation" app_id=order-service instance=Mac.fritz.box scope=dapr.runtime.security type=log ver=1.16.2
time="2025-11-14T15:41:44.266455+01:00" level=info msg="Enabled features: SchedulerReminders" app_id=order-service instance=Mac.fritz.box scope=dapr.runtime type=log ver=1.16.2
time="2025-11-14T15:41:44.266513+01:00" level=info msg="metric spec: {\"enabled\":true}" app_id=order-service instance=Mac.fritz.box scope=dapr.runtime.diagnostics type=log ver=1.16.2
time="2025-11-14T15:41:44.266536+01:00" level=info msg="Using default latency distribution buckets: [1 2 3 4 5 6 8 10 13 16 20 25 30 40 50 65 80 100 130 160 200 250 300 400 500 650 800 1000 2000 5000 10000 20000 50000 100000]" app_id=order-service instance=Mac.fritz.box scope=dapr.runtime.diagnostics type=log ver=1.16.2
time="2025-11-14T15:41:44.266597+01:00" level=warning msg="The default value for 'spec.metric.http.increasedCardinality' will change to 'false' in Dapr 1.15 or later" app_id=order-service instance=Mac.fritz.box scope=dapr.runtime.diagnostics type=log ver=1.16.2
time="2025-11-14T15:41:44.267057+01:00" level=info msg="standalone mode configured" app_id=order-service instance=Mac.fritz.box scope=dapr.runtime type=log ver=1.16.2
time="2025-11-14T15:41:44.267079+01:00" level=info msg="app id: order-service" app_id=order-service instance=Mac.fritz.box scope=dapr.runtime type=log ver=1.16.2
time="2025-11-14T15:41:44.267254+01:00" level=info msg="Dapr trace sampler initialized: ParentBased{root:AlwaysOnSampler,remoteParentSampled:AlwaysOnSampler,remoteParentNotSampled:AlwaysOffSampler,localParentSampled:AlwaysOnSampler,localParentNotSampled:AlwaysOffSampler}" app_id=order-service instance=Mac.fritz.box scope=dapr.runtime type=log ver=1.16.2
time="2025-11-14T15:41:44.267263+01:00" level=info msg="metrics server started on 0.0.0.0:61055/" app_id=order-service instance=Mac.fritz.box scope=dapr.runtime type=log ver=1.16.2
time="2025-11-14T15:41:44.268034+01:00" level=info msg="local service entry announced: order-service -> 192.168.179.36:61056" app_id=order-service component="nr (mdns/v1)" instance=Mac.fritz.box scope=dapr.contrib type=log ver=1.16.2
time="2025-11-14T15:41:44.268069+01:00" level=info msg="Initialized name resolution to mdns" app_id=order-service instance=Mac.fritz.box scope=dapr.runtime type=log ver=1.16.2
time="2025-11-14T15:41:44.268161+01:00" level=info msg="Loading components…" app_id=order-service instance=Mac.fritz.box scope=dapr.runtime type=log ver=1.16.2
time="2025-11-14T15:41:44.280027+01:00" level=info msg="Connected and received scheduler hosts addresses: [localhost:50006]" app_id=order-service instance=Mac.fritz.box scope=dapr.runtime.scheduler.watchhosts type=log ver=1.16.2
time="2025-11-14T15:41:44.280125+01:00" level=info msg="Scheduler client initialized for address: localhost:50006" app_id=order-service instance=Mac.fritz.box scope=dapr.runtime.scheduler.clients type=log ver=1.16.2
time="2025-11-14T15:41:44.280138+01:00" level=info msg="Scheduler clients initialized" app_id=order-service instance=Mac.fritz.box scope=dapr.runtime.scheduler.clients type=log ver=1.16.2
time="2025-11-14T15:41:44.281454+01:00" level=info msg="Component loaded: orderpubsub (pubsub.redis/v1)" app_id=order-service instance=Mac.fritz.box scope=dapr.runtime.processor type=log ver=1.16.2
time="2025-11-14T15:41:44.281503+01:00" level=info msg="Waiting for all outstanding components to be processed…" app_id=order-service instance=Mac.fritz.box scope=dapr.runtime type=log ver=1.16.2
time="2025-11-14T15:41:44.290291+01:00" level=info msg="Using 'statestore' as actor state store" app_id=order-service instance=Mac.fritz.box scope=dapr.runtime.processor.state type=log ver=1.16.2
time="2025-11-14T15:41:44.29032+01:00" level=info msg="Component loaded: statestore (state.redis/v1)" app_id=order-service instance=Mac.fritz.box scope=dapr.runtime.processor type=log ver=1.16.2
time="2025-11-14T15:41:44.290341+01:00" level=info msg="All outstanding components processed" app_id=order-service instance=Mac.fritz.box scope=dapr.runtime type=log ver=1.16.2
time="2025-11-14T15:41:44.29035+01:00" level=info msg="Loading endpoints…" app_id=order-service instance=Mac.fritz.box scope=dapr.runtime type=log ver=1.16.2
time="2025-11-14T15:41:44.290556+01:00" level=info msg="Waiting for all outstanding http endpoints to be processed…" app_id=order-service instance=Mac.fritz.box scope=dapr.runtime type=log ver=1.16.2
time="2025-11-14T15:41:44.290565+01:00" level=info msg="All outstanding http endpoints processed" app_id=order-service instance=Mac.fritz.box scope=dapr.runtime type=log ver=1.16.2
time="2025-11-14T15:41:44.290571+01:00" level=info msg="Loading Declarative Subscriptions…" app_id=order-service instance=Mac.fritz.box scope=dapr.runtime type=log ver=1.16.2
time="2025-11-14T15:41:44.29097+01:00" level=info msg="gRPC server listening on TCP address: :61054" app_id=order-service instance=Mac.fritz.box scope=dapr.runtime.grpc.api type=log ver=1.16.2
time="2025-11-14T15:41:44.29098+01:00" level=info msg="Enabled gRPC tracing middleware" app_id=order-service instance=Mac.fritz.box scope=dapr.runtime.grpc.api type=log ver=1.16.2
time="2025-11-14T15:41:44.290984+01:00" level=info msg="Enabled gRPC metrics middleware" app_id=order-service instance=Mac.fritz.box scope=dapr.runtime.grpc.api type=log ver=1.16.2
time="2025-11-14T15:41:44.291016+01:00" level=info msg="Registering workflow engine for gRPC endpoint: [::]:61054" app_id=order-service instance=Mac.fritz.box scope=dapr.runtime.grpc.api type=log ver=1.16.2
time="2025-11-14T15:41:44.291033+01:00" level=info msg="API gRPC server is running on port 61054" app_id=order-service instance=Mac.fritz.box scope=dapr.runtime type=log ver=1.16.2
time="2025-11-14T15:41:44.291049+01:00" level=warning msg="The default value for 'spec.metric.http.increasedCardinality' will change to 'false' in Dapr 1.15 or later" app_id=order-service instance=Mac.fritz.box scope=dapr.runtime.http type=log ver=1.16.2
time="2025-11-14T15:41:44.291085+01:00" level=info msg="Enabled max body size HTTP middleware with size 4194304 bytes" app_id=order-service instance=Mac.fritz.box scope=dapr.runtime.http type=log ver=1.16.2
time="2025-11-14T15:41:44.291092+01:00" level=info msg="Enabled tracing HTTP middleware" app_id=order-service instance=Mac.fritz.box scope=dapr.runtime.http type=log ver=1.16.2
time="2025-11-14T15:41:44.291097+01:00" level=info msg="Enabled metrics HTTP middleware" app_id=order-service instance=Mac.fritz.box scope=dapr.runtime.http type=log ver=1.16.2
time="2025-11-14T15:41:44.291283+01:00" level=info msg="HTTP server listening on TCP address: :3501" app_id=order-service instance=Mac.fritz.box scope=dapr.runtime.http type=log ver=1.16.2
time="2025-11-14T15:41:44.291297+01:00" level=info msg="HTTP server is running on port 3501" app_id=order-service instance=Mac.fritz.box scope=dapr.runtime type=log ver=1.16.2
time="2025-11-14T15:41:44.291303+01:00" level=info msg="The request body size parameter is: 4194304 bytes" app_id=order-service instance=Mac.fritz.box scope=dapr.runtime type=log ver=1.16.2
time="2025-11-14T15:41:44.291338+01:00" level=info msg="gRPC server listening on TCP address: :61056" app_id=order-service instance=Mac.fritz.box scope=dapr.runtime.grpc.internal type=log ver=1.16.2
time="2025-11-14T15:41:44.291345+01:00" level=info msg="Enabled gRPC tracing middleware" app_id=order-service instance=Mac.fritz.box scope=dapr.runtime.grpc.internal type=log ver=1.16.2
time="2025-11-14T15:41:44.291349+01:00" level=info msg="Enabled gRPC metrics middleware" app_id=order-service instance=Mac.fritz.box scope=dapr.runtime.grpc.internal type=log ver=1.16.2
time="2025-11-14T15:41:44.291374+01:00" level=info msg="Internal gRPC server is running on :61056" app_id=order-service instance=Mac.fritz.box scope=dapr.runtime type=log ver=1.16.2
time="2025-11-14T15:41:44.291379+01:00" level=info msg="application protocol: http. waiting on port 5001.  This will block until the app is listening on that port." app_id=order-service instance=Mac.fritz.box scope=dapr.runtime type=log ver=1.16.2
time="2025-11-14T15:41:44.624674+01:00" level=info msg="application discovered on port 5001" app_id=order-service instance=Mac.fritz.box scope=dapr.runtime type=log ver=1.16.2
time="2025-11-14T15:41:44.624862+01:00" level=info msg="Using Scheduler service for reminders." app_id=order-service instance=Mac.fritz.box scope=dapr.runtime.actor.reminders.scheduler type=log ver=1.16.2
time="2025-11-14T15:41:44.624904+01:00" level=info msg="Actor runtime started" app_id=order-service instance=Mac.fritz.box scope=dapr.runtime.actor type=log ver=1.16.2
time="2025-11-14T15:41:44.624923+01:00" level=info msg="worker started with backend dapr.actors/v1" app_id=order-service instance=Mac.fritz.box scope=dapr.wfengine.durabletask.backend type=log ver=1.16.2
time="2025-11-14T15:41:44.624921+01:00" level=warning msg="Graceful shutdown timeout is infinite, will wait indefinitely to shutdown" app_id=order-service instance=Mac.fritz.box scope=dapr.runtime.actor type=log ver=1.16.2
time="2025-11-14T15:41:44.624954+01:00" level=info msg="Workflow engine started" app_id=order-service instance=Mac.fritz.box scope=dapr.runtime.wfengine type=log ver=1.16.2
time="2025-11-14T15:41:44.625851+01:00" level=info msg="Application configuration loaded" app_id=order-service instance=Mac.fritz.box scope=dapr.runtime type=log ver=1.16.2
time="2025-11-14T15:41:44.62659+01:00" level=info msg="app is subscribed to the following topics: [[kitchen-completed bar-completed]] through pubsub=orderpubsub" app_id=order-service instance=Mac.fritz.box scope=dapr.runtime.processor.subscription type=log ver=1.16.2
time="2025-11-14T15:41:44.629389+01:00" level=info msg="dapr initialized. Status: Running. Init Elapsed 362ms" app_id=order-service instance=Mac.fritz.box scope=dapr.runtime type=log ver=1.16.2
time="2025-11-14T15:41:44.629511+01:00" level=info msg="Scheduler stream connected for [JOB_TARGET_TYPE_JOB]" app_id=order-service instance=Mac.fritz.box scope=dapr.runtime.scheduler.cluster type=log ver=1.16.2
time="2025-11-14T15:41:44.629508+01:00" level=info msg="Reporting actor types: []" app_id=order-service instance=Mac.fritz.box scope=dapr.runtime.actors.placement type=log ver=1.16.2
time="2025-11-14T15:41:44.629527+01:00" level=info msg="Scheduler stream connected for [JOB_TARGET_TYPE_JOB]" app_id=order-service instance=Mac.fritz.box scope=dapr.runtime.scheduler.cluster type=log ver=1.16.2
time="2025-11-14T15:41:44.629565+01:00" level=info msg="Connected to placement localhost:50005" app_id=order-service instance=Mac.fritz.box scope=dapr.runtime.actors.placement.client.connector.static type=log ver=1.16.2
time="2025-11-14T15:41:44.62953+01:00" level=info msg="Scheduler stream connected for [JOB_TARGET_TYPE_JOB]" app_id=order-service instance=Mac.fritz.box scope=dapr.runtime.scheduler.cluster type=log ver=1.16.2
time="2025-11-14T15:41:44.636808+01:00" level=info msg="Connected to placement localhost:50005" app_id=order-service instance=Mac.fritz.box scope=dapr.runtime.actors.placement.client type=log ver=1.16.2
time="2025-11-14T15:41:44.638604+01:00" level=info msg="Placement tables updated, version: 0" app_id=order-service instance=Mac.fritz.box scope=dapr.runtime.actors.placement type=log ver=1.16.2
time="2025-11-14T15:41:44.638628+01:00" level=info msg="Running actor reminder migration from state store to scheduler" app_id=order-service instance=Mac.fritz.box scope=dapr.runtime.actors.reminders.migration type=log ver=1.16.2
time="2025-11-14T15:41:44.638636+01:00" level=info msg="Skipping migration, no missing scheduler reminders found" app_id=order-service instance=Mac.fritz.box scope=dapr.runtime.actors.reminders.migration type=log ver=1.16.2
time="2025-11-14T15:41:44.638651+01:00" level=info msg="Found 0 missing scheduler reminders from state store" app_id=order-service instance=Mac.fritz.box scope=dapr.runtime.actors.reminders.migration type=log ver=1.16.2
time="2025-11-14T15:41:44.638656+01:00" level=info msg="Migrated 0 reminders from state store to scheduler successfully" app_id=order-service instance=Mac.fritz.box scope=dapr.runtime.actors.reminders.migration type=log ver=1.16.2
Updating metadata for app command: python app.py
Updating metadata for appPID: 58275
You're up and running! Dapr logs will appear here.

