Starting Dapr with id order-service. HTTP Port: 3501. gRPC Port: 55250
Updating metadata for cliPID: 23034
time="2025-11-14T13:10:27.453383+01:00" level=info msg="Starting Dapr Runtime -- version 1.16.2 -- commit 3c7722a8c5648354e24256993caf047bc8c80666" app_id=order-service instance=Mac.fritz.box scope=dapr.runtime type=log ver=1.16.2
time="2025-11-14T13:10:27.45343+01:00" level=info msg="Log level set to: info" app_id=order-service instance=Mac.fritz.box scope=dapr.runtime type=log ver=1.16.2
time="2025-11-14T13:10:27.453911+01:00" level=warning msg="mTLS is disabled. Skipping certificate request and tls validation" app_id=order-service instance=Mac.fritz.box scope=dapr.runtime.security type=log ver=1.16.2
time="2025-11-14T13:10:27.457475+01:00" level=info msg="Enabled features: SchedulerReminders" app_id=order-service instance=Mac.fritz.box scope=dapr.runtime type=log ver=1.16.2
time="2025-11-14T13:10:27.457689+01:00" level=info msg="metric spec: {\"enabled\":true}" app_id=order-service instance=Mac.fritz.box scope=dapr.runtime.diagnostics type=log ver=1.16.2
time="2025-11-14T13:10:27.457709+01:00" level=info msg="Using default latency distribution buckets: [1 2 3 4 5 6 8 10 13 16 20 25 30 40 50 65 80 100 130 160 200 250 300 400 500 650 800 1000 2000 5000 10000 20000 50000 100000]" app_id=order-service instance=Mac.fritz.box scope=dapr.runtime.diagnostics type=log ver=1.16.2
time="2025-11-14T13:10:27.457778+01:00" level=warning msg="The default value for 'spec.metric.http.increasedCardinality' will change to 'false' in Dapr 1.15 or later" app_id=order-service instance=Mac.fritz.box scope=dapr.runtime.diagnostics type=log ver=1.16.2
time="2025-11-14T13:10:27.459372+01:00" level=info msg="standalone mode configured" app_id=order-service instance=Mac.fritz.box scope=dapr.runtime type=log ver=1.16.2
time="2025-11-14T13:10:27.4594+01:00" level=info msg="app id: order-service" app_id=order-service instance=Mac.fritz.box scope=dapr.runtime type=log ver=1.16.2
time="2025-11-14T13:10:27.460737+01:00" level=info msg="metrics server started on 0.0.0.0:55251/" app_id=order-service instance=Mac.fritz.box scope=dapr.runtime type=log ver=1.16.2
time="2025-11-14T13:10:27.460928+01:00" level=info msg="Dapr trace sampler initialized: ParentBased{root:AlwaysOnSampler,remoteParentSampled:AlwaysOnSampler,remoteParentNotSampled:AlwaysOffSampler,localParentSampled:AlwaysOnSampler,localParentNotSampled:AlwaysOffSampler}" app_id=order-service instance=Mac.fritz.box scope=dapr.runtime type=log ver=1.16.2
time="2025-11-14T13:10:27.462728+01:00" level=info msg="local service entry announced: order-service -> 192.168.179.36:55252" app_id=order-service component="nr (mdns/v1)" instance=Mac.fritz.box scope=dapr.contrib type=log ver=1.16.2
time="2025-11-14T13:10:27.462743+01:00" level=info msg="Initialized name resolution to mdns" app_id=order-service instance=Mac.fritz.box scope=dapr.runtime type=log ver=1.16.2
time="2025-11-14T13:10:27.462948+01:00" level=info msg="Loading components…" app_id=order-service instance=Mac.fritz.box scope=dapr.runtime type=log ver=1.16.2
time="2025-11-14T13:10:27.47523+01:00" level=info msg="Component loaded: orderpubsub (pubsub.redis/v1)" app_id=order-service instance=Mac.fritz.box scope=dapr.runtime.processor type=log ver=1.16.2
time="2025-11-14T13:10:27.475267+01:00" level=info msg="Waiting for all outstanding components to be processed…" app_id=order-service instance=Mac.fritz.box scope=dapr.runtime type=log ver=1.16.2
time="2025-11-14T13:10:27.477025+01:00" level=info msg="Connected and received scheduler hosts addresses: [localhost:50006]" app_id=order-service instance=Mac.fritz.box scope=dapr.runtime.scheduler.watchhosts type=log ver=1.16.2
time="2025-11-14T13:10:27.47715+01:00" level=info msg="Scheduler client initialized for address: localhost:50006" app_id=order-service instance=Mac.fritz.box scope=dapr.runtime.scheduler.clients type=log ver=1.16.2
time="2025-11-14T13:10:27.477164+01:00" level=info msg="Scheduler clients initialized" app_id=order-service instance=Mac.fritz.box scope=dapr.runtime.scheduler.clients type=log ver=1.16.2
time="2025-11-14T13:10:27.477288+01:00" level=info msg="Using 'statestore' as actor state store" app_id=order-service instance=Mac.fritz.box scope=dapr.runtime.processor.state type=log ver=1.16.2
time="2025-11-14T13:10:27.477315+01:00" level=info msg="Component loaded: statestore (state.redis/v1)" app_id=order-service instance=Mac.fritz.box scope=dapr.runtime.processor type=log ver=1.16.2
time="2025-11-14T13:10:27.477323+01:00" level=info msg="All outstanding components processed" app_id=order-service instance=Mac.fritz.box scope=dapr.runtime type=log ver=1.16.2
time="2025-11-14T13:10:27.477515+01:00" level=info msg="Loading endpoints…" app_id=order-service instance=Mac.fritz.box scope=dapr.runtime type=log ver=1.16.2
time="2025-11-14T13:10:27.477762+01:00" level=info msg="Waiting for all outstanding http endpoints to be processed…" app_id=order-service instance=Mac.fritz.box scope=dapr.runtime type=log ver=1.16.2
time="2025-11-14T13:10:27.477775+01:00" level=info msg="All outstanding http endpoints processed" app_id=order-service instance=Mac.fritz.box scope=dapr.runtime type=log ver=1.16.2
time="2025-11-14T13:10:27.477782+01:00" level=info msg="Loading Declarative Subscriptions…" app_id=order-service instance=Mac.fritz.box scope=dapr.runtime type=log ver=1.16.2
time="2025-11-14T13:10:27.478465+01:00" level=info msg="gRPC server listening on TCP address: :55250" app_id=order-service instance=Mac.fritz.box scope=dapr.runtime.grpc.api type=log ver=1.16.2
time="2025-11-14T13:10:27.478476+01:00" level=info msg="Enabled gRPC tracing middleware" app_id=order-service instance=Mac.fritz.box scope=dapr.runtime.grpc.api type=log ver=1.16.2
time="2025-11-14T13:10:27.478482+01:00" level=info msg="Enabled gRPC metrics middleware" app_id=order-service instance=Mac.fritz.box scope=dapr.runtime.grpc.api type=log ver=1.16.2
time="2025-11-14T13:10:27.478534+01:00" level=info msg="Registering workflow engine for gRPC endpoint: [::]:55250" app_id=order-service instance=Mac.fritz.box scope=dapr.runtime.grpc.api type=log ver=1.16.2
time="2025-11-14T13:10:27.478964+01:00" level=info msg="API gRPC server is running on port 55250" app_id=order-service instance=Mac.fritz.box scope=dapr.runtime type=log ver=1.16.2
time="2025-11-14T13:10:27.479409+01:00" level=warning msg="The default value for 'spec.metric.http.increasedCardinality' will change to 'false' in Dapr 1.15 or later" app_id=order-service instance=Mac.fritz.box scope=dapr.runtime.http type=log ver=1.16.2
time="2025-11-14T13:10:27.479697+01:00" level=info msg="Enabled max body size HTTP middleware with size 4194304 bytes" app_id=order-service instance=Mac.fritz.box scope=dapr.runtime.http type=log ver=1.16.2
time="2025-11-14T13:10:27.479745+01:00" level=info msg="Enabled tracing HTTP middleware" app_id=order-service instance=Mac.fritz.box scope=dapr.runtime.http type=log ver=1.16.2
time="2025-11-14T13:10:27.479752+01:00" level=info msg="Enabled metrics HTTP middleware" app_id=order-service instance=Mac.fritz.box scope=dapr.runtime.http type=log ver=1.16.2
time="2025-11-14T13:10:27.479946+01:00" level=info msg="HTTP server listening on TCP address: :3501" app_id=order-service instance=Mac.fritz.box scope=dapr.runtime.http type=log ver=1.16.2
time="2025-11-14T13:10:27.480099+01:00" level=info msg="HTTP server is running on port 3501" app_id=order-service instance=Mac.fritz.box scope=dapr.runtime type=log ver=1.16.2
time="2025-11-14T13:10:27.480105+01:00" level=info msg="The request body size parameter is: 4194304 bytes" app_id=order-service instance=Mac.fritz.box scope=dapr.runtime type=log ver=1.16.2
time="2025-11-14T13:10:27.480138+01:00" level=info msg="gRPC server listening on TCP address: :55252" app_id=order-service instance=Mac.fritz.box scope=dapr.runtime.grpc.internal type=log ver=1.16.2
time="2025-11-14T13:10:27.480146+01:00" level=info msg="Enabled gRPC tracing middleware" app_id=order-service instance=Mac.fritz.box scope=dapr.runtime.grpc.internal type=log ver=1.16.2
time="2025-11-14T13:10:27.48015+01:00" level=info msg="Enabled gRPC metrics middleware" app_id=order-service instance=Mac.fritz.box scope=dapr.runtime.grpc.internal type=log ver=1.16.2
time="2025-11-14T13:10:27.480172+01:00" level=info msg="Internal gRPC server is running on :55252" app_id=order-service instance=Mac.fritz.box scope=dapr.runtime type=log ver=1.16.2
time="2025-11-14T13:10:27.480225+01:00" level=info msg="application protocol: http. waiting on port 5001.  This will block until the app is listening on that port." app_id=order-service instance=Mac.fritz.box scope=dapr.runtime type=log ver=1.16.2
time="2025-11-14T13:10:27.884709+01:00" level=info msg="application discovered on port 5001" app_id=order-service instance=Mac.fritz.box scope=dapr.runtime type=log ver=1.16.2
time="2025-11-14T13:10:27.885065+01:00" level=info msg="Using Scheduler service for reminders." app_id=order-service instance=Mac.fritz.box scope=dapr.runtime.actor.reminders.scheduler type=log ver=1.16.2
time="2025-11-14T13:10:27.885133+01:00" level=info msg="Actor runtime started" app_id=order-service instance=Mac.fritz.box scope=dapr.runtime.actor type=log ver=1.16.2
time="2025-11-14T13:10:27.885154+01:00" level=warning msg="Graceful shutdown timeout is infinite, will wait indefinitely to shutdown" app_id=order-service instance=Mac.fritz.box scope=dapr.runtime.actor type=log ver=1.16.2
time="2025-11-14T13:10:27.885679+01:00" level=info msg="worker started with backend dapr.actors/v1" app_id=order-service instance=Mac.fritz.box scope=dapr.wfengine.durabletask.backend type=log ver=1.16.2
time="2025-11-14T13:10:27.885869+01:00" level=info msg="Workflow engine started" app_id=order-service instance=Mac.fritz.box scope=dapr.runtime.wfengine type=log ver=1.16.2
time="2025-11-14T13:10:27.887609+01:00" level=info msg="Application configuration loaded" app_id=order-service instance=Mac.fritz.box scope=dapr.runtime type=log ver=1.16.2
time="2025-11-14T13:10:27.888677+01:00" level=info msg="dapr initialized. Status: Running. Init Elapsed 429ms" app_id=order-service instance=Mac.fritz.box scope=dapr.runtime type=log ver=1.16.2
time="2025-11-14T13:10:27.888871+01:00" level=info msg="Reporting actor types: []" app_id=order-service instance=Mac.fritz.box scope=dapr.runtime.actors.placement type=log ver=1.16.2
time="2025-11-14T13:10:27.889203+01:00" level=info msg="Connected to placement localhost:50005" app_id=order-service instance=Mac.fritz.box scope=dapr.runtime.actors.placement.client.connector.static type=log ver=1.16.2
time="2025-11-14T13:10:27.889249+01:00" level=info msg="Scheduler stream connected for [JOB_TARGET_TYPE_JOB]" app_id=order-service instance=Mac.fritz.box scope=dapr.runtime.scheduler.cluster type=log ver=1.16.2
time="2025-11-14T13:10:27.889256+01:00" level=info msg="Scheduler stream connected for [JOB_TARGET_TYPE_JOB]" app_id=order-service instance=Mac.fritz.box scope=dapr.runtime.scheduler.cluster type=log ver=1.16.2
time="2025-11-14T13:10:27.889256+01:00" level=info msg="Scheduler stream connected for [JOB_TARGET_TYPE_JOB]" app_id=order-service instance=Mac.fritz.box scope=dapr.runtime.scheduler.cluster type=log ver=1.16.2
time="2025-11-14T13:10:27.894588+01:00" level=info msg="Connected to placement localhost:50005" app_id=order-service instance=Mac.fritz.box scope=dapr.runtime.actors.placement.client type=log ver=1.16.2
time="2025-11-14T13:10:27.897358+01:00" level=info msg="Placement tables updated, version: 0" app_id=order-service instance=Mac.fritz.box scope=dapr.runtime.actors.placement type=log ver=1.16.2
time="2025-11-14T13:10:27.897389+01:00" level=info msg="Running actor reminder migration from state store to scheduler" app_id=order-service instance=Mac.fritz.box scope=dapr.runtime.actors.reminders.migration type=log ver=1.16.2
time="2025-11-14T13:10:27.897399+01:00" level=info msg="Skipping migration, no missing scheduler reminders found" app_id=order-service instance=Mac.fritz.box scope=dapr.runtime.actors.reminders.migration type=log ver=1.16.2
time="2025-11-14T13:10:27.897406+01:00" level=info msg="Found 0 missing scheduler reminders from state store" app_id=order-service instance=Mac.fritz.box scope=dapr.runtime.actors.reminders.migration type=log ver=1.16.2
time="2025-11-14T13:10:27.897422+01:00" level=info msg="Migrated 0 reminders from state store to scheduler successfully" app_id=order-service instance=Mac.fritz.box scope=dapr.runtime.actors.reminders.migration type=log ver=1.16.2
Updating metadata for app command: python app.py
Updating metadata for appPID: 23043
You're up and running! Dapr logs will appear here.

time="2025-11-14T13:26:23.881642+01:00" level=info msg="Received signal 'interrupt'; beginning shutdown" app_id=order-service instance=Mac.fritz.box scope=dapr.signals type=log ver=1.16.2
time="2025-11-14T13:26:23.881975+01:00" level=info msg="orchestration-processor: worker stopped" app_id=order-service instance=Mac.fritz.box scope=dapr.wfengine.durabletask.backend type=log ver=1.16.2
time="2025-11-14T13:26:23.882011+01:00" level=info msg="backend stopping..." app_id=order-service instance=Mac.fritz.box scope=dapr.wfengine.durabletask.backend type=log ver=1.16.2
time="2025-11-14T13:26:23.882025+01:00" level=info msg="workers stopping and draining..." app_id=order-service instance=Mac.fritz.box scope=dapr.wfengine.durabletask.backend type=log ver=1.16.2
time="2025-11-14T13:26:23.882181+01:00" level=info msg="Actor runtime shutting down" app_id=order-service instance=Mac.fritz.box scope=dapr.runtime.actor type=log ver=1.16.2
time="2025-11-14T13:26:23.882187+01:00" level=info msg="activity-processor: worker stopped" app_id=order-service instance=Mac.fritz.box scope=dapr.wfengine.durabletask.backend type=log ver=1.16.2
time="2025-11-14T13:26:23.882264+01:00" level=error msg="Error communicating with placement: rpc error: code = Canceled desc = context canceled" app_id=order-service instance=Mac.fritz.box scope=dapr.runtime.actors.placement.client type=log ver=1.16.2
time="2025-11-14T13:26:23.882331+01:00" level=info msg="Scheduler stream disconnected" app_id=order-service instance=Mac.fritz.box scope=dapr.runtime.scheduler.cluster type=log ver=1.16.2
time="2025-11-14T13:26:23.882351+01:00" level=info msg="Scheduler stream disconnected" app_id=order-service instance=Mac.fritz.box scope=dapr.runtime.scheduler.cluster type=log ver=1.16.2
time="2025-11-14T13:26:23.882374+01:00" level=info msg="Scheduler stream disconnected" app_id=order-service instance=Mac.fritz.box scope=dapr.runtime.scheduler.cluster type=log ver=1.16.2
time="2025-11-14T13:26:23.882357+01:00" level=info msg="finished stopping and draining workers!" app_id=order-service instance=Mac.fritz.box scope=dapr.wfengine.durabletask.backend type=log ver=1.16.2
time="2025-11-14T13:26:23.882448+01:00" level=info msg="Actor runtime stopped" app_id=order-service instance=Mac.fritz.box scope=dapr.runtime.actor type=log ver=1.16.2
time="2025-11-14T13:26:23.882568+01:00" level=info msg="Workflow engine stopped" app_id=order-service instance=Mac.fritz.box scope=dapr.runtime.wfengine type=log ver=1.16.2

termination signal received: shutting down
time="2025-11-14T13:26:23.882612+01:00" level=info msg="Dapr is shutting down" app_id=order-service instance=Mac.fritz.box scope=dapr.runtime type=log ver=1.16.2
time="2025-11-14T13:26:23.8827+01:00" level=info msg="stopping mDNS server for app id: order-service" app_id=order-service component="nr (mdns/v1)" instance=Mac.fritz.box scope=dapr.contrib type=log ver=1.16.2
time="2025-11-14T13:26:23.882727+01:00" level=info msg="Closing HTTP server [::]:3501…" app_id=order-service instance=Mac.fritz.box scope=dapr.runtime.http type=log ver=1.16.2
time="2025-11-14T13:26:23.882693+01:00" level=info msg="Shutting down component statestore (state.redis/v1)" app_id=order-service instance=Mac.fritz.box scope=dapr.runtime type=log ver=1.16.2
time="2025-11-14T13:26:23.882777+01:00" level=info msg="Shutting down component orderpubsub (pubsub.redis/v1)" app_id=order-service instance=Mac.fritz.box scope=dapr.runtime type=log ver=1.16.2
Exited Dapr successfully
Exited App successfully
