Starting Dapr with id order-service. HTTP Port: 3501. gRPC Port: 55007
Updating metadata for cliPID: 22583
time="2025-11-14T13:08:58.527558+01:00" level=info msg="Starting Dapr Runtime -- version 1.16.2 -- commit 3c7722a8c5648354e24256993caf047bc8c80666" app_id=order-service instance=Mac.fritz.box scope=dapr.runtime type=log ver=1.16.2
time="2025-11-14T13:08:58.527599+01:00" level=info msg="Log level set to: info" app_id=order-service instance=Mac.fritz.box scope=dapr.runtime type=log ver=1.16.2
time="2025-11-14T13:08:58.528181+01:00" level=warning msg="mTLS is disabled. Skipping certificate request and tls validation" app_id=order-service instance=Mac.fritz.box scope=dapr.runtime.security type=log ver=1.16.2
time="2025-11-14T13:08:58.531414+01:00" level=info msg="Enabled features: SchedulerReminders" app_id=order-service instance=Mac.fritz.box scope=dapr.runtime type=log ver=1.16.2
time="2025-11-14T13:08:58.53162+01:00" level=info msg="metric spec: {\"enabled\":true}" app_id=order-service instance=Mac.fritz.box scope=dapr.runtime.diagnostics type=log ver=1.16.2
time="2025-11-14T13:08:58.53164+01:00" level=info msg="Using default latency distribution buckets: [1 2 3 4 5 6 8 10 13 16 20 25 30 40 50 65 80 100 130 160 200 250 300 400 500 650 800 1000 2000 5000 10000 20000 50000 100000]" app_id=order-service instance=Mac.fritz.box scope=dapr.runtime.diagnostics type=log ver=1.16.2
time="2025-11-14T13:08:58.531989+01:00" level=warning msg="The default value for 'spec.metric.http.increasedCardinality' will change to 'false' in Dapr 1.15 or later" app_id=order-service instance=Mac.fritz.box scope=dapr.runtime.diagnostics type=log ver=1.16.2
time="2025-11-14T13:08:58.534492+01:00" level=info msg="standalone mode configured" app_id=order-service instance=Mac.fritz.box scope=dapr.runtime type=log ver=1.16.2
time="2025-11-14T13:08:58.534527+01:00" level=info msg="app id: order-service" app_id=order-service instance=Mac.fritz.box scope=dapr.runtime type=log ver=1.16.2
time="2025-11-14T13:08:58.535321+01:00" level=info msg="metrics server started on 0.0.0.0:55008/" app_id=order-service instance=Mac.fritz.box scope=dapr.runtime type=log ver=1.16.2
time="2025-11-14T13:08:58.535998+01:00" level=info msg="Dapr trace sampler initialized: ParentBased{root:AlwaysOnSampler,remoteParentSampled:AlwaysOnSampler,remoteParentNotSampled:AlwaysOffSampler,localParentSampled:AlwaysOnSampler,localParentNotSampled:AlwaysOffSampler}" app_id=order-service instance=Mac.fritz.box scope=dapr.runtime type=log ver=1.16.2
time="2025-11-14T13:08:58.539041+01:00" level=info msg="local service entry announced: order-service -> 192.168.179.36:55009" app_id=order-service component="nr (mdns/v1)" instance=Mac.fritz.box scope=dapr.contrib type=log ver=1.16.2
time="2025-11-14T13:08:58.539081+01:00" level=info msg="Initialized name resolution to mdns" app_id=order-service instance=Mac.fritz.box scope=dapr.runtime type=log ver=1.16.2
time="2025-11-14T13:08:58.539225+01:00" level=info msg="Loading components…" app_id=order-service instance=Mac.fritz.box scope=dapr.runtime type=log ver=1.16.2
time="2025-11-14T13:08:58.544309+01:00" level=info msg="Connected and received scheduler hosts addresses: [localhost:50006]" app_id=order-service instance=Mac.fritz.box scope=dapr.runtime.scheduler.watchhosts type=log ver=1.16.2
time="2025-11-14T13:08:58.544411+01:00" level=info msg="Scheduler client initialized for address: localhost:50006" app_id=order-service instance=Mac.fritz.box scope=dapr.runtime.scheduler.clients type=log ver=1.16.2
time="2025-11-14T13:08:58.544425+01:00" level=info msg="Scheduler clients initialized" app_id=order-service instance=Mac.fritz.box scope=dapr.runtime.scheduler.clients type=log ver=1.16.2
time="2025-11-14T13:08:58.547949+01:00" level=info msg="Component loaded: orderpubsub (pubsub.redis/v1)" app_id=order-service instance=Mac.fritz.box scope=dapr.runtime.processor type=log ver=1.16.2
time="2025-11-14T13:08:58.547983+01:00" level=info msg="Waiting for all outstanding components to be processed…" app_id=order-service instance=Mac.fritz.box scope=dapr.runtime type=log ver=1.16.2
time="2025-11-14T13:08:58.549973+01:00" level=info msg="Using 'statestore' as actor state store" app_id=order-service instance=Mac.fritz.box scope=dapr.runtime.processor.state type=log ver=1.16.2
time="2025-11-14T13:08:58.550008+01:00" level=info msg="Component loaded: statestore (state.redis/v1)" app_id=order-service instance=Mac.fritz.box scope=dapr.runtime.processor type=log ver=1.16.2
time="2025-11-14T13:08:58.550018+01:00" level=info msg="All outstanding components processed" app_id=order-service instance=Mac.fritz.box scope=dapr.runtime type=log ver=1.16.2
time="2025-11-14T13:08:58.55017+01:00" level=info msg="Loading endpoints…" app_id=order-service instance=Mac.fritz.box scope=dapr.runtime type=log ver=1.16.2
time="2025-11-14T13:08:58.550387+01:00" level=info msg="Waiting for all outstanding http endpoints to be processed…" app_id=order-service instance=Mac.fritz.box scope=dapr.runtime type=log ver=1.16.2
time="2025-11-14T13:08:58.550399+01:00" level=info msg="All outstanding http endpoints processed" app_id=order-service instance=Mac.fritz.box scope=dapr.runtime type=log ver=1.16.2
time="2025-11-14T13:08:58.550406+01:00" level=info msg="Loading Declarative Subscriptions…" app_id=order-service instance=Mac.fritz.box scope=dapr.runtime type=log ver=1.16.2
time="2025-11-14T13:08:58.551621+01:00" level=info msg="gRPC server listening on TCP address: :55007" app_id=order-service instance=Mac.fritz.box scope=dapr.runtime.grpc.api type=log ver=1.16.2
time="2025-11-14T13:08:58.551633+01:00" level=info msg="Enabled gRPC tracing middleware" app_id=order-service instance=Mac.fritz.box scope=dapr.runtime.grpc.api type=log ver=1.16.2
time="2025-11-14T13:08:58.551639+01:00" level=info msg="Enabled gRPC metrics middleware" app_id=order-service instance=Mac.fritz.box scope=dapr.runtime.grpc.api type=log ver=1.16.2
time="2025-11-14T13:08:58.551696+01:00" level=info msg="Registering workflow engine for gRPC endpoint: [::]:55007" app_id=order-service instance=Mac.fritz.box scope=dapr.runtime.grpc.api type=log ver=1.16.2
time="2025-11-14T13:08:58.552062+01:00" level=info msg="API gRPC server is running on port 55007" app_id=order-service instance=Mac.fritz.box scope=dapr.runtime type=log ver=1.16.2
time="2025-11-14T13:08:58.552459+01:00" level=warning msg="The default value for 'spec.metric.http.increasedCardinality' will change to 'false' in Dapr 1.15 or later" app_id=order-service instance=Mac.fritz.box scope=dapr.runtime.http type=log ver=1.16.2
time="2025-11-14T13:08:58.552531+01:00" level=info msg="Enabled max body size HTTP middleware with size 4194304 bytes" app_id=order-service instance=Mac.fritz.box scope=dapr.runtime.http type=log ver=1.16.2
time="2025-11-14T13:08:58.552668+01:00" level=info msg="Enabled tracing HTTP middleware" app_id=order-service instance=Mac.fritz.box scope=dapr.runtime.http type=log ver=1.16.2
time="2025-11-14T13:08:58.552674+01:00" level=info msg="Enabled metrics HTTP middleware" app_id=order-service instance=Mac.fritz.box scope=dapr.runtime.http type=log ver=1.16.2
time="2025-11-14T13:08:58.552884+01:00" level=info msg="HTTP server listening on TCP address: :3501" app_id=order-service instance=Mac.fritz.box scope=dapr.runtime.http type=log ver=1.16.2
time="2025-11-14T13:08:58.552919+01:00" level=info msg="HTTP server is running on port 3501" app_id=order-service instance=Mac.fritz.box scope=dapr.runtime type=log ver=1.16.2
time="2025-11-14T13:08:58.552924+01:00" level=info msg="The request body size parameter is: 4194304 bytes" app_id=order-service instance=Mac.fritz.box scope=dapr.runtime type=log ver=1.16.2
time="2025-11-14T13:08:58.552958+01:00" level=info msg="gRPC server listening on TCP address: :55009" app_id=order-service instance=Mac.fritz.box scope=dapr.runtime.grpc.internal type=log ver=1.16.2
time="2025-11-14T13:08:58.552965+01:00" level=info msg="Enabled gRPC tracing middleware" app_id=order-service instance=Mac.fritz.box scope=dapr.runtime.grpc.internal type=log ver=1.16.2
time="2025-11-14T13:08:58.55297+01:00" level=info msg="Enabled gRPC metrics middleware" app_id=order-service instance=Mac.fritz.box scope=dapr.runtime.grpc.internal type=log ver=1.16.2
time="2025-11-14T13:08:58.552992+01:00" level=info msg="Internal gRPC server is running on :55009" app_id=order-service instance=Mac.fritz.box scope=dapr.runtime type=log ver=1.16.2
time="2025-11-14T13:08:58.552998+01:00" level=info msg="application protocol: http. waiting on port 5001.  This will block until the app is listening on that port." app_id=order-service instance=Mac.fritz.box scope=dapr.runtime type=log ver=1.16.2
time="2025-11-14T13:08:58.955869+01:00" level=info msg="application discovered on port 5001" app_id=order-service instance=Mac.fritz.box scope=dapr.runtime type=log ver=1.16.2
time="2025-11-14T13:08:58.956799+01:00" level=info msg="Using Scheduler service for reminders." app_id=order-service instance=Mac.fritz.box scope=dapr.runtime.actor.reminders.scheduler type=log ver=1.16.2
time="2025-11-14T13:08:58.956876+01:00" level=info msg="Actor runtime started" app_id=order-service instance=Mac.fritz.box scope=dapr.runtime.actor type=log ver=1.16.2
time="2025-11-14T13:08:58.956902+01:00" level=warning msg="Graceful shutdown timeout is infinite, will wait indefinitely to shutdown" app_id=order-service instance=Mac.fritz.box scope=dapr.runtime.actor type=log ver=1.16.2
time="2025-11-14T13:08:58.957172+01:00" level=info msg="worker started with backend dapr.actors/v1" app_id=order-service instance=Mac.fritz.box scope=dapr.wfengine.durabletask.backend type=log ver=1.16.2
time="2025-11-14T13:08:58.957427+01:00" level=info msg="Workflow engine started" app_id=order-service instance=Mac.fritz.box scope=dapr.runtime.wfengine type=log ver=1.16.2
time="2025-11-14T13:08:58.96027+01:00" level=info msg="Application configuration loaded" app_id=order-service instance=Mac.fritz.box scope=dapr.runtime type=log ver=1.16.2
time="2025-11-14T13:08:58.961163+01:00" level=info msg="dapr initialized. Status: Running. Init Elapsed 426ms" app_id=order-service instance=Mac.fritz.box scope=dapr.runtime type=log ver=1.16.2
time="2025-11-14T13:08:58.961295+01:00" level=info msg="Reporting actor types: []" app_id=order-service instance=Mac.fritz.box scope=dapr.runtime.actors.placement type=log ver=1.16.2
time="2025-11-14T13:08:58.961767+01:00" level=info msg="Connected to placement localhost:50005" app_id=order-service instance=Mac.fritz.box scope=dapr.runtime.actors.placement.client.connector.static type=log ver=1.16.2
time="2025-11-14T13:08:58.962137+01:00" level=info msg="Scheduler stream connected for [JOB_TARGET_TYPE_JOB]" app_id=order-service instance=Mac.fritz.box scope=dapr.runtime.scheduler.cluster type=log ver=1.16.2
time="2025-11-14T13:08:58.962146+01:00" level=info msg="Scheduler stream connected for [JOB_TARGET_TYPE_JOB]" app_id=order-service instance=Mac.fritz.box scope=dapr.runtime.scheduler.cluster type=log ver=1.16.2
time="2025-11-14T13:08:58.962265+01:00" level=info msg="Scheduler stream connected for [JOB_TARGET_TYPE_JOB]" app_id=order-service instance=Mac.fritz.box scope=dapr.runtime.scheduler.cluster type=log ver=1.16.2
time="2025-11-14T13:08:58.966144+01:00" level=info msg="Connected to placement localhost:50005" app_id=order-service instance=Mac.fritz.box scope=dapr.runtime.actors.placement.client type=log ver=1.16.2
time="2025-11-14T13:08:58.968835+01:00" level=info msg="Placement tables updated, version: 0" app_id=order-service instance=Mac.fritz.box scope=dapr.runtime.actors.placement type=log ver=1.16.2
time="2025-11-14T13:08:58.96887+01:00" level=info msg="Running actor reminder migration from state store to scheduler" app_id=order-service instance=Mac.fritz.box scope=dapr.runtime.actors.reminders.migration type=log ver=1.16.2
time="2025-11-14T13:08:58.968881+01:00" level=info msg="Skipping migration, no missing scheduler reminders found" app_id=order-service instance=Mac.fritz.box scope=dapr.runtime.actors.reminders.migration type=log ver=1.16.2
time="2025-11-14T13:08:58.968888+01:00" level=info msg="Found 0 missing scheduler reminders from state store" app_id=order-service instance=Mac.fritz.box scope=dapr.runtime.actors.reminders.migration type=log ver=1.16.2
time="2025-11-14T13:08:58.968904+01:00" level=info msg="Migrated 0 reminders from state store to scheduler successfully" app_id=order-service instance=Mac.fritz.box scope=dapr.runtime.actors.reminders.migration type=log ver=1.16.2
Updating metadata for app command: python app.py
Updating metadata for appPID: 22587
You're up and running! Dapr logs will appear here.

time="2025-11-14T13:09:00.761064+01:00" level=info msg="Received signal 'interrupt'; beginning shutdown" app_id=order-service instance=Mac.fritz.box scope=dapr.signals type=log ver=1.16.2
time="2025-11-14T13:09:00.761163+01:00" level=info msg="Scheduler stream disconnected" app_id=order-service instance=Mac.fritz.box scope=dapr.runtime.scheduler.cluster type=log ver=1.16.2
time="2025-11-14T13:09:00.761181+01:00" level=info msg="Scheduler stream disconnected" app_id=order-service instance=Mac.fritz.box scope=dapr.runtime.scheduler.cluster type=log ver=1.16.2
time="2025-11-14T13:09:00.761191+01:00" level=info msg="Scheduler stream disconnected" app_id=order-service instance=Mac.fritz.box scope=dapr.runtime.scheduler.cluster type=log ver=1.16.2
time="2025-11-14T13:09:00.76115+01:00" level=info msg="orchestration-processor: worker stopped" app_id=order-service instance=Mac.fritz.box scope=dapr.wfengine.durabletask.backend type=log ver=1.16.2
time="2025-11-14T13:09:00.76117+01:00" level=info msg="activity-processor: worker stopped" app_id=order-service instance=Mac.fritz.box scope=dapr.wfengine.durabletask.backend type=log ver=1.16.2
time="2025-11-14T13:09:00.761244+01:00" level=info msg="Actor runtime shutting down" app_id=order-service instance=Mac.fritz.box scope=dapr.runtime.actor type=log ver=1.16.2
time="2025-11-14T13:09:00.761189+01:00" level=info msg="backend stopping..." app_id=order-service instance=Mac.fritz.box scope=dapr.wfengine.durabletask.backend type=log ver=1.16.2
time="2025-11-14T13:09:00.761288+01:00" level=info msg="workers stopping and draining..." app_id=order-service instance=Mac.fritz.box scope=dapr.wfengine.durabletask.backend type=log ver=1.16.2
time="2025-11-14T13:09:00.761287+01:00" level=error msg="Error communicating with placement: rpc error: code = Canceled desc = context canceled" app_id=order-service instance=Mac.fritz.box scope=dapr.runtime.actors.placement.client type=log ver=1.16.2
time="2025-11-14T13:09:00.761305+01:00" level=info msg="finished stopping and draining workers!" app_id=order-service instance=Mac.fritz.box scope=dapr.wfengine.durabletask.backend type=log ver=1.16.2
time="2025-11-14T13:09:00.761318+01:00" level=info msg="Workflow engine stopped" app_id=order-service instance=Mac.fritz.box scope=dapr.runtime.wfengine type=log ver=1.16.2
time="2025-11-14T13:09:00.761328+01:00" level=info msg="Actor runtime stopped" app_id=order-service instance=Mac.fritz.box scope=dapr.runtime.actor type=log ver=1.16.2
time="2025-11-14T13:09:00.761416+01:00" level=info msg="Dapr is shutting down" app_id=order-service instance=Mac.fritz.box scope=dapr.runtime type=log ver=1.16.2
time="2025-11-14T13:09:00.761448+01:00" level=info msg="Shutting down component statestore (state.redis/v1)" app_id=order-service instance=Mac.fritz.box scope=dapr.runtime type=log ver=1.16.2
time="2025-11-14T13:09:00.761475+01:00" level=info msg="Closing HTTP server [::]:3501…" app_id=order-service instance=Mac.fritz.box scope=dapr.runtime.http type=log ver=1.16.2
time="2025-11-14T13:09:00.761504+01:00" level=info msg="Shutting down component orderpubsub (pubsub.redis/v1)" app_id=order-service instance=Mac.fritz.box scope=dapr.runtime type=log ver=1.16.2
time="2025-11-14T13:09:00.761537+01:00" level=info msg="Dapr runtime stopped" app_id=order-service instance=Mac.fritz.box scope=dapr.runtime type=log ver=1.16.2
time="2025-11-14T13:09:00.761549+01:00" level=info msg="stopping mDNS server for app id: order-service" app_id=order-service component="nr (mdns/v1)" instance=Mac.fritz.box scope=dapr.contrib type=log ver=1.16.2
time="2025-11-14T13:09:00.771871+01:00" level=info msg="Daprd shutdown gracefully" app_id=order-service instance=Mac.fritz.box scope=dapr.runtime type=log ver=1.16.2
Exited Dapr successfully

termination signal received: shutting down
