Starting Dapr with id order-service. HTTP Port: 3501. gRPC Port: 56558
Updating metadata for cliPID: 27587
time="2025-11-14T13:27:44.867202+01:00" level=info msg="Starting Dapr Runtime -- version 1.16.2 -- commit 3c7722a8c5648354e24256993caf047bc8c80666" app_id=order-service instance=Mac.fritz.box scope=dapr.runtime type=log ver=1.16.2
time="2025-11-14T13:27:44.867291+01:00" level=info msg="Log level set to: info" app_id=order-service instance=Mac.fritz.box scope=dapr.runtime type=log ver=1.16.2
time="2025-11-14T13:27:44.868371+01:00" level=warning msg="mTLS is disabled. Skipping certificate request and tls validation" app_id=order-service instance=Mac.fritz.box scope=dapr.runtime.security type=log ver=1.16.2
time="2025-11-14T13:27:44.871683+01:00" level=info msg="Enabled features: SchedulerReminders" app_id=order-service instance=Mac.fritz.box scope=dapr.runtime type=log ver=1.16.2
time="2025-11-14T13:27:44.871908+01:00" level=info msg="metric spec: {\"enabled\":true}" app_id=order-service instance=Mac.fritz.box scope=dapr.runtime.diagnostics type=log ver=1.16.2
time="2025-11-14T13:27:44.871937+01:00" level=info msg="Using default latency distribution buckets: [1 2 3 4 5 6 8 10 13 16 20 25 30 40 50 65 80 100 130 160 200 250 300 400 500 650 800 1000 2000 5000 10000 20000 50000 100000]" app_id=order-service instance=Mac.fritz.box scope=dapr.runtime.diagnostics type=log ver=1.16.2
time="2025-11-14T13:27:44.872199+01:00" level=warning msg="The default value for 'spec.metric.http.increasedCardinality' will change to 'false' in Dapr 1.15 or later" app_id=order-service instance=Mac.fritz.box scope=dapr.runtime.diagnostics type=log ver=1.16.2
time="2025-11-14T13:27:44.873762+01:00" level=info msg="standalone mode configured" app_id=order-service instance=Mac.fritz.box scope=dapr.runtime type=log ver=1.16.2
time="2025-11-14T13:27:44.873778+01:00" level=info msg="app id: order-service" app_id=order-service instance=Mac.fritz.box scope=dapr.runtime type=log ver=1.16.2
time="2025-11-14T13:27:44.874797+01:00" level=info msg="metrics server started on 0.0.0.0:56559/" app_id=order-service instance=Mac.fritz.box scope=dapr.runtime type=log ver=1.16.2
time="2025-11-14T13:27:44.874925+01:00" level=info msg="Dapr trace sampler initialized: ParentBased{root:AlwaysOnSampler,remoteParentSampled:AlwaysOnSampler,remoteParentNotSampled:AlwaysOffSampler,localParentSampled:AlwaysOnSampler,localParentNotSampled:AlwaysOffSampler}" app_id=order-service instance=Mac.fritz.box scope=dapr.runtime type=log ver=1.16.2
time="2025-11-14T13:27:44.876284+01:00" level=info msg="local service entry announced: order-service -> 192.168.179.36:56560" app_id=order-service component="nr (mdns/v1)" instance=Mac.fritz.box scope=dapr.contrib type=log ver=1.16.2
time="2025-11-14T13:27:44.8763+01:00" level=info msg="Initialized name resolution to mdns" app_id=order-service instance=Mac.fritz.box scope=dapr.runtime type=log ver=1.16.2
time="2025-11-14T13:27:44.876558+01:00" level=info msg="Loading components…" app_id=order-service instance=Mac.fritz.box scope=dapr.runtime type=log ver=1.16.2
time="2025-11-14T13:27:44.885089+01:00" level=info msg="Connected and received scheduler hosts addresses: [localhost:50006]" app_id=order-service instance=Mac.fritz.box scope=dapr.runtime.scheduler.watchhosts type=log ver=1.16.2
time="2025-11-14T13:27:44.885237+01:00" level=info msg="Scheduler client initialized for address: localhost:50006" app_id=order-service instance=Mac.fritz.box scope=dapr.runtime.scheduler.clients type=log ver=1.16.2
time="2025-11-14T13:27:44.885265+01:00" level=info msg="Scheduler clients initialized" app_id=order-service instance=Mac.fritz.box scope=dapr.runtime.scheduler.clients type=log ver=1.16.2
time="2025-11-14T13:27:44.887705+01:00" level=info msg="Component loaded: orderpubsub (pubsub.redis/v1)" app_id=order-service instance=Mac.fritz.box scope=dapr.runtime.processor type=log ver=1.16.2
time="2025-11-14T13:27:44.887736+01:00" level=info msg="Waiting for all outstanding components to be processed…" app_id=order-service instance=Mac.fritz.box scope=dapr.runtime type=log ver=1.16.2
time="2025-11-14T13:27:44.891071+01:00" level=info msg="Using 'statestore' as actor state store" app_id=order-service instance=Mac.fritz.box scope=dapr.runtime.processor.state type=log ver=1.16.2
time="2025-11-14T13:27:44.891101+01:00" level=info msg="Component loaded: statestore (state.redis/v1)" app_id=order-service instance=Mac.fritz.box scope=dapr.runtime.processor type=log ver=1.16.2
time="2025-11-14T13:27:44.891112+01:00" level=info msg="All outstanding components processed" app_id=order-service instance=Mac.fritz.box scope=dapr.runtime type=log ver=1.16.2
time="2025-11-14T13:27:44.891131+01:00" level=info msg="Loading endpoints…" app_id=order-service instance=Mac.fritz.box scope=dapr.runtime type=log ver=1.16.2
time="2025-11-14T13:27:44.892863+01:00" level=info msg="Waiting for all outstanding http endpoints to be processed…" app_id=order-service instance=Mac.fritz.box scope=dapr.runtime type=log ver=1.16.2
time="2025-11-14T13:27:44.892875+01:00" level=info msg="All outstanding http endpoints processed" app_id=order-service instance=Mac.fritz.box scope=dapr.runtime type=log ver=1.16.2
time="2025-11-14T13:27:44.892882+01:00" level=info msg="Loading Declarative Subscriptions…" app_id=order-service instance=Mac.fritz.box scope=dapr.runtime type=log ver=1.16.2
time="2025-11-14T13:27:44.893587+01:00" level=info msg="gRPC server listening on TCP address: :56558" app_id=order-service instance=Mac.fritz.box scope=dapr.runtime.grpc.api type=log ver=1.16.2
time="2025-11-14T13:27:44.893598+01:00" level=info msg="Enabled gRPC tracing middleware" app_id=order-service instance=Mac.fritz.box scope=dapr.runtime.grpc.api type=log ver=1.16.2
time="2025-11-14T13:27:44.893603+01:00" level=info msg="Enabled gRPC metrics middleware" app_id=order-service instance=Mac.fritz.box scope=dapr.runtime.grpc.api type=log ver=1.16.2
time="2025-11-14T13:27:44.893647+01:00" level=info msg="Registering workflow engine for gRPC endpoint: [::]:56558" app_id=order-service instance=Mac.fritz.box scope=dapr.runtime.grpc.api type=log ver=1.16.2
time="2025-11-14T13:27:44.894036+01:00" level=info msg="API gRPC server is running on port 56558" app_id=order-service instance=Mac.fritz.box scope=dapr.runtime type=log ver=1.16.2
time="2025-11-14T13:27:44.894552+01:00" level=warning msg="The default value for 'spec.metric.http.increasedCardinality' will change to 'false' in Dapr 1.15 or later" app_id=order-service instance=Mac.fritz.box scope=dapr.runtime.http type=log ver=1.16.2
time="2025-11-14T13:27:44.894703+01:00" level=info msg="Enabled max body size HTTP middleware with size 4194304 bytes" app_id=order-service instance=Mac.fritz.box scope=dapr.runtime.http type=log ver=1.16.2
time="2025-11-14T13:27:44.894743+01:00" level=info msg="Enabled tracing HTTP middleware" app_id=order-service instance=Mac.fritz.box scope=dapr.runtime.http type=log ver=1.16.2
time="2025-11-14T13:27:44.894748+01:00" level=info msg="Enabled metrics HTTP middleware" app_id=order-service instance=Mac.fritz.box scope=dapr.runtime.http type=log ver=1.16.2
time="2025-11-14T13:27:44.894944+01:00" level=info msg="HTTP server listening on TCP address: :3501" app_id=order-service instance=Mac.fritz.box scope=dapr.runtime.http type=log ver=1.16.2
time="2025-11-14T13:27:44.895209+01:00" level=info msg="HTTP server is running on port 3501" app_id=order-service instance=Mac.fritz.box scope=dapr.runtime type=log ver=1.16.2
time="2025-11-14T13:27:44.895219+01:00" level=info msg="The request body size parameter is: 4194304 bytes" app_id=order-service instance=Mac.fritz.box scope=dapr.runtime type=log ver=1.16.2
time="2025-11-14T13:27:44.895263+01:00" level=info msg="gRPC server listening on TCP address: :56560" app_id=order-service instance=Mac.fritz.box scope=dapr.runtime.grpc.internal type=log ver=1.16.2
time="2025-11-14T13:27:44.895323+01:00" level=info msg="Enabled gRPC tracing middleware" app_id=order-service instance=Mac.fritz.box scope=dapr.runtime.grpc.internal type=log ver=1.16.2
time="2025-11-14T13:27:44.895328+01:00" level=info msg="Enabled gRPC metrics middleware" app_id=order-service instance=Mac.fritz.box scope=dapr.runtime.grpc.internal type=log ver=1.16.2
time="2025-11-14T13:27:44.895353+01:00" level=info msg="Internal gRPC server is running on :56560" app_id=order-service instance=Mac.fritz.box scope=dapr.runtime type=log ver=1.16.2
time="2025-11-14T13:27:44.895359+01:00" level=info msg="application protocol: http. waiting on port 5001.  This will block until the app is listening on that port." app_id=order-service instance=Mac.fritz.box scope=dapr.runtime type=log ver=1.16.2
time="2025-11-14T13:27:45.300398+01:00" level=info msg="application discovered on port 5001" app_id=order-service instance=Mac.fritz.box scope=dapr.runtime type=log ver=1.16.2
time="2025-11-14T13:27:45.300723+01:00" level=info msg="Using Scheduler service for reminders." app_id=order-service instance=Mac.fritz.box scope=dapr.runtime.actor.reminders.scheduler type=log ver=1.16.2
time="2025-11-14T13:27:45.300791+01:00" level=info msg="Actor runtime started" app_id=order-service instance=Mac.fritz.box scope=dapr.runtime.actor type=log ver=1.16.2
time="2025-11-14T13:27:45.300817+01:00" level=warning msg="Graceful shutdown timeout is infinite, will wait indefinitely to shutdown" app_id=order-service instance=Mac.fritz.box scope=dapr.runtime.actor type=log ver=1.16.2
time="2025-11-14T13:27:45.300984+01:00" level=info msg="worker started with backend dapr.actors/v1" app_id=order-service instance=Mac.fritz.box scope=dapr.wfengine.durabletask.backend type=log ver=1.16.2
time="2025-11-14T13:27:45.301018+01:00" level=info msg="Workflow engine started" app_id=order-service instance=Mac.fritz.box scope=dapr.runtime.wfengine type=log ver=1.16.2
time="2025-11-14T13:27:45.303898+01:00" level=info msg="Application configuration loaded" app_id=order-service instance=Mac.fritz.box scope=dapr.runtime type=log ver=1.16.2
time="2025-11-14T13:27:45.304596+01:00" level=info msg="dapr initialized. Status: Running. Init Elapsed 430ms" app_id=order-service instance=Mac.fritz.box scope=dapr.runtime type=log ver=1.16.2
time="2025-11-14T13:27:45.304964+01:00" level=info msg="Scheduler stream connected for [JOB_TARGET_TYPE_JOB]" app_id=order-service instance=Mac.fritz.box scope=dapr.runtime.scheduler.cluster type=log ver=1.16.2
time="2025-11-14T13:27:45.304981+01:00" level=info msg="Scheduler stream connected for [JOB_TARGET_TYPE_JOB]" app_id=order-service instance=Mac.fritz.box scope=dapr.runtime.scheduler.cluster type=log ver=1.16.2
time="2025-11-14T13:27:45.304983+01:00" level=info msg="Scheduler stream connected for [JOB_TARGET_TYPE_JOB]" app_id=order-service instance=Mac.fritz.box scope=dapr.runtime.scheduler.cluster type=log ver=1.16.2
time="2025-11-14T13:27:45.305+01:00" level=info msg="Reporting actor types: []" app_id=order-service instance=Mac.fritz.box scope=dapr.runtime.actors.placement type=log ver=1.16.2
time="2025-11-14T13:27:45.305097+01:00" level=info msg="Connected to placement localhost:50005" app_id=order-service instance=Mac.fritz.box scope=dapr.runtime.actors.placement.client.connector.static type=log ver=1.16.2
time="2025-11-14T13:27:45.315545+01:00" level=info msg="Connected to placement localhost:50005" app_id=order-service instance=Mac.fritz.box scope=dapr.runtime.actors.placement.client type=log ver=1.16.2
time="2025-11-14T13:27:45.318124+01:00" level=info msg="Placement tables updated, version: 0" app_id=order-service instance=Mac.fritz.box scope=dapr.runtime.actors.placement type=log ver=1.16.2
time="2025-11-14T13:27:45.318162+01:00" level=info msg="Running actor reminder migration from state store to scheduler" app_id=order-service instance=Mac.fritz.box scope=dapr.runtime.actors.reminders.migration type=log ver=1.16.2
time="2025-11-14T13:27:45.318173+01:00" level=info msg="Skipping migration, no missing scheduler reminders found" app_id=order-service instance=Mac.fritz.box scope=dapr.runtime.actors.reminders.migration type=log ver=1.16.2
time="2025-11-14T13:27:45.318179+01:00" level=info msg="Found 0 missing scheduler reminders from state store" app_id=order-service instance=Mac.fritz.box scope=dapr.runtime.actors.reminders.migration type=log ver=1.16.2
time="2025-11-14T13:27:45.318194+01:00" level=info msg="Migrated 0 reminders from state store to scheduler successfully" app_id=order-service instance=Mac.fritz.box scope=dapr.runtime.actors.reminders.migration type=log ver=1.16.2
Updating metadata for app command: python app.py
Updating metadata for appPID: 27591
You're up and running! Dapr logs will appear here.

time="2025-11-14T13:28:38.615753+01:00" level=info msg="Received signal 'interrupt'; beginning shutdown" app_id=order-service instance=Mac.fritz.box scope=dapr.signals type=log ver=1.16.2
time="2025-11-14T13:28:38.615809+01:00" level=info msg="orchestration-processor: worker stopped" app_id=order-service instance=Mac.fritz.box scope=dapr.wfengine.durabletask.backend type=log ver=1.16.2
time="2025-11-14T13:28:38.615889+01:00" level=info msg="Scheduler stream disconnected" app_id=order-service instance=Mac.fritz.box scope=dapr.runtime.scheduler.cluster type=log ver=1.16.2
time="2025-11-14T13:28:38.615919+01:00" level=info msg="Actor runtime shutting down" app_id=order-service instance=Mac.fritz.box scope=dapr.runtime.actor type=log ver=1.16.2
time="2025-11-14T13:28:38.615966+01:00" level=info msg="Scheduler stream disconnected" app_id=order-service instance=Mac.fritz.box scope=dapr.runtime.scheduler.cluster type=log ver=1.16.2
time="2025-11-14T13:28:38.615984+01:00" level=info msg="Scheduler stream disconnected" app_id=order-service instance=Mac.fritz.box scope=dapr.runtime.scheduler.cluster type=log ver=1.16.2
time="2025-11-14T13:28:38.616006+01:00" level=error msg="Error communicating with placement: rpc error: code = Canceled desc = context canceled" app_id=order-service instance=Mac.fritz.box scope=dapr.runtime.actors.placement.client type=log ver=1.16.2
time="2025-11-14T13:28:38.615834+01:00" level=info msg="backend stopping..." app_id=order-service instance=Mac.fritz.box scope=dapr.wfengine.durabletask.backend type=log ver=1.16.2
time="2025-11-14T13:28:38.616043+01:00" level=info msg="workers stopping and draining..." app_id=order-service instance=Mac.fritz.box scope=dapr.wfengine.durabletask.backend type=log ver=1.16.2
time="2025-11-14T13:28:38.616054+01:00" level=info msg="Actor runtime stopped" app_id=order-service instance=Mac.fritz.box scope=dapr.runtime.actor type=log ver=1.16.2
time="2025-11-14T13:28:38.615947+01:00" level=info msg="activity-processor: worker stopped" app_id=order-service instance=Mac.fritz.box scope=dapr.wfengine.durabletask.backend type=log ver=1.16.2
time="2025-11-14T13:28:38.616071+01:00" level=info msg="finished stopping and draining workers!" app_id=order-service instance=Mac.fritz.box scope=dapr.wfengine.durabletask.backend type=log ver=1.16.2
time="2025-11-14T13:28:38.616082+01:00" level=info msg="Workflow engine stopped" app_id=order-service instance=Mac.fritz.box scope=dapr.runtime.wfengine type=log ver=1.16.2
time="2025-11-14T13:28:38.616144+01:00" level=info msg="Dapr is shutting down" app_id=order-service instance=Mac.fritz.box scope=dapr.runtime type=log ver=1.16.2
time="2025-11-14T13:28:38.616165+01:00" level=info msg="Shutting down component statestore (state.redis/v1)" app_id=order-service instance=Mac.fritz.box scope=dapr.runtime type=log ver=1.16.2
time="2025-11-14T13:28:38.616291+01:00" level=info msg="stopping mDNS server for app id: order-service" app_id=order-service component="nr (mdns/v1)" instance=Mac.fritz.box scope=dapr.contrib type=log ver=1.16.2
time="2025-11-14T13:28:38.61637+01:00" level=info msg="Shutting down component orderpubsub (pubsub.redis/v1)" app_id=order-service instance=Mac.fritz.box scope=dapr.runtime type=log ver=1.16.2
time="2025-11-14T13:28:38.61641+01:00" level=info msg="Closing HTTP server [::]:3501…" app_id=order-service instance=Mac.fritz.box scope=dapr.runtime.http type=log ver=1.16.2
time="2025-11-14T13:28:38.616526+01:00" level=info msg="Dapr runtime stopped" app_id=order-service instance=Mac.fritz.box scope=dapr.runtime type=log ver=1.16.2

termination signal received: shutting down
Exited Dapr successfully
Exited App successfully
